{"Event": {"@xmlns": "http://schemas.microsoft.com/win/2004/08/events/event", "System": {"Provider": {"@Name": "Microsoft-Windows-Security-Auditing", "@Guid": "{54849625-5478-4994-a5ba-3e3b0328c30d}"}, "EventID": {"@Qualifiers": "", "#text": "5158"}, "Version": "0", "Level": "0", "Task": "12810", "Opcode": "0", "Keywords": "0x8020000000000000", "TimeCreated": {"@SystemTime": "2019-03-18 23:24:20.960030"}, "EventRecordID": "565649", "Correlation": {"@ActivityID": "", "@RelatedActivityID": ""}, "Execution": {"@ProcessID": "4", "@ThreadID": "2304"}, "Channel": "Security", "Computer": "WIN-77LTAPHIQ1R.example.corp", "Security": {"@UserID": ""}}, "EventData": {"Data": [{"@Name": "ProcessId", "#text": "1320"}, {"@Name": "Application", "#text": "\\device\\harddiskvolume2\\windows\\adws\\microsoft.activedirectory.webservices.exe"}, {"@Name": "SourceAddress", "#text": "::"}, {"@Name": "SourcePort", "#text": "55878"}, {"@Name": "Protocol", "#text": "6"}, {"@Name": "FilterRTID", "#text": "0"}, {"@Name": "LayerName", "#text": "%%14608"}, {"@Name": "LayerRTID", "#text": "38"}]}}}, {"Event": {"@xmlns": "http://schemas.microsoft.com/win/2004/08/events/event", "System": {"Provider": {"@Name": "Microsoft-Windows-Security-Auditing", "@Guid": "{54849625-5478-4994-a5ba-3e3b0328c30d}"}, "EventID": {"@Qualifiers": "", "#text": "5156"}, "Version": "1", "Level": "0", "Task": "12810", "Opcode": "0", "Keywords": "0x8020000000000000", "TimeCreated": {"@SystemTime": "2019-03-18 23:24:20.960030"}, "EventRecordID": "565650", "Correlation": {"@ActivityID": "", "@RelatedActivityID": ""}, "Execution": {"@ProcessID": "4", "@ThreadID": "2304"}, "Channel": "Security", "Computer": "WIN-77LTAPHIQ1R.example.corp", "Security": {"@UserID": ""}}, "EventData": {"Data": [{"@Name": "ProcessID", "#text": "1320"}, {"@Name": "Application", "#text": "\\device\\harddiskvolume2\\windows\\adws\\microsoft.activedirectory.webservices.exe"}, {"@Name": "Direction", "#text": "%%14593"}, {"@Name": "SourceAddress", "#text": "::1"}, {"@Name": "SourcePort", "#text": "55878"}, {"@Name": "DestAddress", "#text": "::1"}, {"@Name": "DestPort", "#text": "389"}, {"@Name": "Protocol", "#text": "6"}, {"@Name": "FilterRTID", "#text": "65777"}, {"@Name": "LayerName", "#text": "%%14611"}, {"@Name": "LayerRTID", "#text": "50"}, {"@Name": "RemoteUserID", "#text": "S-1-0-0"}, {"@Name": "RemoteMachineID", "#text": "S-1-0-0"}]}}}, {"Event": {"@xmlns": "http://schemas.microsoft.com/win/2004/08/events/event", "System": {"Provider": {"@Name": "Microsoft-Windows-Security-Auditing", "@Guid": "{54849625-5478-4994-a5ba-3e3b0328c30d}"}, "EventID": {"@Qualifiers": "", "#text": "5156"}, "Version": "1", "Level": "0", "Task": "12810", "Opcode": "0", "Keywords": "0x8020000000000000", "TimeCreated": {"@SystemTime": "2019-03-18 23:24:20.960030"}, "EventRecordID": "565651", "Correlation": {"@ActivityID": "", "@RelatedActivityID": ""}, "Execution": {"@ProcessID": "4", "@ThreadID": "2304"}, "Channel": "Security", "Computer": "WIN-77LTAPHIQ1R.example.corp", "Security": {"@UserID": ""}}, "EventData": {"Data": [{"@Name": "ProcessID", "#text": "452"}, {"@Name": "Application", "#text": "\\device\\harddiskvolume2\\windows\\system32\\lsass.exe"}, {"@Name": "Direction", "#text": "%%14592"}, {"@Name": "SourceAddress", "#text": "::1"}, {"@Name": "SourcePort", "#text": "389"}, {"@Name": "DestAddress", "#text": "::1"}, {"@Name": "DestPort", "#text": "55878"}, {"@Name": "Protocol", "#text": "6"}, {"@Name": "FilterRTID", "#text": "0"}, {"@Name": "LayerName", "#text": "%%14610"}, {"@Name": "LayerRTID", "#text": "46"}, {"@Name": "RemoteUserID", "#text": "S-1-0-0"}, {"@Name": "RemoteMachineID", "#text": "S-1-0-0"}]}}}, {"Event": {"@xmlns": "http://schemas.microsoft.com/win/2004/08/events/event", "System": {"Provider": {"@Name": "Microsoft-Windows-Security-Auditing", "@Guid": "{54849625-5478-4994-a5ba-3e3b0328c30d}"}, "EventID": {"@Qualifiers": "", "#text": "4672"}, "Version": "0", "Level": "0", "Task": "12548", "Opcode": "0", "Keywords": "0x8020000000000000", "TimeCreated": {"@SystemTime": "2019-03-18 23:24:20.960030"}, "EventRecordID": "565652", "Correlation": {"@ActivityID": "", "@RelatedActivityID": ""}, "Execution": {"@ProcessID": "452", "@ThreadID": "696"}, "Channel": "Security", "Computer": "WIN-77LTAPHIQ1R.example.corp", "Security": {"@UserID": ""}}, "EventData": {"Data": [{"@Name": "SubjectUserSid", "#text": "S-1-5-18"}, {"@Name": "SubjectUserName", "#text": "WIN-77LTAPHIQ1R$"}, {"@Name": "SubjectDomainName", "#text": "EXAMPLE"}, {"@Name": "SubjectLogonId", "#text": "0x000000000016792b"}, {"@Name": "PrivilegeList", "#text": "SeSecurityPrivilege\n\t\t\tSeBackupPrivilege\n\t\t\tSeRestorePrivilege\n\t\t\tSeTakeOwnershipPrivilege\n\t\t\tSeDebugPrivilege\n\t\t\tSeSystemEnvironmentPrivilege\n\t\t\tSeLoadDriverPrivilege\n\t\t\tSeImpersonatePrivilege\n\t\t\tSeEnableDelegationPrivilege"}]}}}, {"Event": {"@xmlns": "http://schemas.microsoft.com/win/2004/08/events/event", "System": {"Provider": {"@Name": "Microsoft-Windows-Security-Auditing", "@Guid": "{54849625-5478-4994-a5ba-3e3b0328c30d}"}, "EventID": {"@Qualifiers": "", "#text": "4624"}, "Version": "1", "Level": "0", "Task": "12544", "Opcode": "0", "Keywords": "0x8020000000000000", "TimeCreated": {"@SystemTime": "2019-03-18 23:24:20.960030"}, "EventRecordID": "565653", "Correlation": {"@ActivityID": "", "@RelatedActivityID": ""}, "Execution": {"@ProcessID": "452", "@ThreadID": "696"}, "Channel": "Security", "Computer": "WIN-77LTAPHIQ1R.example.corp", "Security": {"@UserID": ""}}, "EventData": {"Data": [{"@Name": "SubjectUserSid", "#text": "S-1-0-0"}, {"@Name": "SubjectUserName", "#text": "-"}, {"@Name": "SubjectDomainName", "#text": "-"}, {"@Name": "SubjectLogonId", "#text": "0x0000000000000000"}, {"@Name": "TargetUserSid", "#text": "S-1-5-18"}, {"@Name": "TargetUserName", "#text": "WIN-77LTAPHIQ1R$"}, {"@Name": "TargetDomainName", "#text": "EXAMPLE"}, {"@Name": "TargetLogonId", "#text": "0x000000000016792b"}, {"@Name": "LogonType", "#text": "3"}, {"@Name": "LogonProcessName", "#text": "Kerberos"}, {"@Name": "AuthenticationPackageName", "#text": "Kerberos"}, {"@Name": "WorkstationName"}, {"@Name": "LogonGuid", "#text": "{5fdb15ee-2283-f23c-e23b-5e5ddb11bb9c}"}, {"@Name": "TransmittedServices", "#text": "-"}, {"@Name": "LmPackageName", "#text": "-"}, {"@Name": "KeyLength", "#text": "0"}, {"@Name": "ProcessId", "#text": "0x0000000000000000"}, {"@Name": "ProcessName", "#text": "-"}, {"@Name": "IpAddress", "#text": "::1"}, {"@Name": "IpPort", "#text": "55878"}, {"@Name": "ImpersonationLevel", "#text": "%%1833"}]}}}]