[{"Event": {"@xmlns": "http://schemas.microsoft.com/win/2004/08/events/event", "System": {"Provider": {"@Name": "Microsoft-Windows-Sysmon", "@Guid": "{5770385f-c22a-43e0-bf4c-06f5698ffbd9}"}, "EventID": {"@Qualifiers": "", "#text": "10"}, "Version": "3", "Level": "4", "Task": "10", "Opcode": "0", "Keywords": "0x8000000000000000", "TimeCreated": {"@SystemTime": "2019-04-30 07:22:56.571136"}, "EventRecordID": "8322", "Correlation": {"@ActivityID": "", "@RelatedActivityID": ""}, "Execution": {"@ProcessID": "1876", "@ThreadID": "1444"}, "Channel": "Microsoft-Windows-Sysmon/Operational", "Computer": "IEWIN7", "Security": {"@UserID": "S-1-5-18"}}, "EventData": {"Data": [{"@Name": "RuleName"}, {"@Name": "UtcTime", "#text": "2019-04-30 07:22:56.555"}, {"@Name": "SourceProcessGUID", "#text": "{365abb72-f7d0-5cc7-0000-0010d0220e00}"}, {"@Name": "SourceProcessId", "#text": "3712"}, {"@Name": "SourceThreadId", "#text": "3756"}, {"@Name": "SourceImage", "#text": "C:\\Users\\IEUser\\AppData\\Local\\Programs\\Opera\\launcher.exe"}, {"@Name": "TargetProcessGUID", "#text": "{365abb72-f7d0-5cc7-0000-0010cb280e00}"}, {"@Name": "TargetProcessId", "#text": "2784"}, {"@Name": "TargetImage", "#text": "C:\\Users\\IEUser\\AppData\\Local\\Temp\\opera autoupdate\\installer.exe"}, {"@Name": "GrantedAccess", "#text": "0x001fffff"}, {"@Name": "CallTrace", "#text": "C:\\Windows\\SYSTEM32\\ntdll.dll+4534c|C:\\Windows\\system32\\kernel32.dll+5112b|C:\\Windows\\system32\\kernel32.dll+2079|C:\\Windows\\AppPatch\\AcLayers.DLL+12689|C:\\Users\\IEUser\\AppData\\Local\\Programs\\Opera\\launcher.exe+48766|C:\\Users\\IEUser\\AppData\\Local\\Programs\\Opera\\launcher.exe+4843f|C:\\Users\\IEUser\\AppData\\Local\\Programs\\Opera\\launcher.exe+333f4|C:\\Users\\IEUser\\AppData\\Local\\Programs\\Opera\\launcher.exe+331ea|C:\\Users\\IEUser\\AppData\\Local\\Programs\\Opera\\launcher.exe+3300a|C:\\Users\\IEUser\\AppData\\Local\\Programs\\Opera\\launcher.exe+32db6|C:\\Users\\IEUser\\AppData\\Local\\Programs\\Opera\\launcher.exe+33334|C:\\Users\\IEUser\\AppData\\Local\\Programs\\Opera\\launcher.exe+70d3|C:\\Users\\IEUser\\AppData\\Local\\Programs\\Opera\\launcher.exe+5058|C:\\Users\\IEUser\\AppData\\Local\\Programs\\Opera\\launcher.exe+58c6|C:\\Users\\IEUser\\AppData\\Local\\Programs\\Opera\\launcher.exe+98ce1|C:\\Users\\IEUser\\AppData\\Local\\Programs\\Opera\\launcher.exe+70263"}]}}}, {"Event": {"@xmlns": "http://schemas.microsoft.com/win/2004/08/events/event", "System": {"Provider": {"@Name": "Microsoft-Windows-Sysmon", "@Guid": "{5770385f-c22a-43e0-bf4c-06f5698ffbd9}"}, "EventID": {"@Qualifiers": "", "#text": "10"}, "Version": "3", "Level": "4", "Task": "10", "Opcode": "0", "Keywords": "0x8000000000000000", "TimeCreated": {"@SystemTime": "2019-04-30 07:22:56.930513"}, "EventRecordID": "8328", "Correlation": {"@ActivityID": "", "@RelatedActivityID": ""}, "Execution": {"@ProcessID": "1876", "@ThreadID": "1444"}, "Channel": "Microsoft-Windows-Sysmon/Operational", "Computer": "IEWIN7", "Security": {"@UserID": "S-1-5-18"}}, "EventData": {"Data": [{"@Name": "RuleName"}, {"@Name": "UtcTime", "#text": "2019-04-30 07:22:56.930"}, {"@Name": "SourceProcessGUID", "#text": "{365abb72-f7d0-5cc7-0000-0010d0220e00}"}, {"@Name": "SourceProcessId", "#text": "3712"}, {"@Name": "SourceThreadId", "#text": "3756"}, {"@Name": "SourceImage", "#text": "C:\\Users\\IEUser\\AppData\\Local\\Programs\\Opera\\launcher.exe"}, {"@Name": "TargetProcessGUID", "#text": "{365abb72-f7d0-5cc7-0000-0010df2f0e00}"}, {"@Name": "TargetProcessId", "#text": "3624"}, {"@Name": "TargetImage", "#text": "C:\\Users\\IEUser\\AppData\\Local\\Programs\\Opera\\60.0.3255.70\\opera_autoupdate.exe"}, {"@Name": "GrantedAccess", "#text": "0x001fffff"}, {"@Name": "CallTrace", "#text": "C:\\Windows\\SYSTEM32\\ntdll.dll+4534c|C:\\Windows\\system32\\kernel32.dll+5112b|C:\\Windows\\system32\\kernel32.dll+2079|C:\\Windows\\AppPatch\\AcLayers.DLL+12689|C:\\Users\\IEUser\\AppData\\Local\\Programs\\Opera\\launcher.exe+48766|C:\\Users\\IEUser\\AppData\\Local\\Programs\\Opera\\launcher.exe+4843f|C:\\Users\\IEUser\\AppData\\Local\\Programs\\Opera\\launcher.exe+28188|C:\\Users\\IEUser\\AppData\\Local\\Programs\\Opera\\launcher.exe+72d7|C:\\Users\\IEUser\\AppData\\Local\\Programs\\Opera\\launcher.exe+5058|C:\\Users\\IEUser\\AppData\\Local\\Programs\\Opera\\launcher.exe+58c6|C:\\Users\\IEUser\\AppData\\Local\\Programs\\Opera\\launcher.exe+98ce1|C:\\Users\\IEUser\\AppData\\Local\\Programs\\Opera\\launcher.exe+70263|C:\\Users\\IEUser\\AppData\\Local\\Programs\\Opera\\launcher.exe+7045d|C:\\Users\\IEUser\\AppData\\Local\\Programs\\Opera\\launcher.exe+706ba|C:\\Users\\IEUser\\AppData\\Local\\Programs\\Opera\\launcher.exe+687cc|C:\\Users\\IEUser\\AppData\\Local\\Programs\\Opera\\launcher.exe+700c7"}]}}}, {"Event": {"@xmlns": "http://schemas.microsoft.com/win/2004/08/events/event", "System": {"Provider": {"@Name": "Microsoft-Windows-Sysmon", "@Guid": "{5770385f-c22a-43e0-bf4c-06f5698ffbd9}"}, "EventID": {"@Qualifiers": "", "#text": "10"}, "Version": "3", "Level": "4", "Task": "10", "Opcode": "0", "Keywords": "0x8000000000000000", "TimeCreated": {"@SystemTime": "2019-04-30 07:22:57.149261"}, "EventRecordID": "8332", "Correlation": {"@ActivityID": "", "@RelatedActivityID": ""}, "Execution": {"@ProcessID": "1876", "@ThreadID": "1444"}, "Channel": "Microsoft-Windows-Sysmon/Operational", "Computer": "IEWIN7", "Security": {"@UserID": "S-1-5-18"}}, "EventData": {"Data": [{"@Name": "RuleName"}, {"@Name": "UtcTime", "#text": "2019-04-30 07:22:57.149"}, {"@Name": "SourceProcessGUID", "#text": "{365abb72-f7d0-5cc7-0000-0010df2f0e00}"}, {"@Name": "SourceProcessId", "#text": "3624"}, {"@Name": "SourceThreadId", "#text": "2824"}, {"@Name": "SourceImage", "#text": "C:\\Users\\IEUser\\AppData\\Local\\Programs\\Opera\\60.0.3255.70\\opera_autoupdate.exe"}, {"@Name": "TargetProcessGUID", "#text": "{365abb72-f7d1-5cc7-0000-0010af380e00}"}, {"@Name": "TargetProcessId", "#text": "3504"}, {"@Name": "TargetImage", "#text": "C:\\Users\\IEUser\\AppData\\Local\\Programs\\Opera\\60.0.3255.70\\opera_autoupdate.exe"}, {"@Name": "GrantedAccess", "#text": "0x001fffff"}, {"@Name": "CallTrace", "#text": "C:\\Windows\\SYSTEM32\\ntdll.dll+4534c|C:\\Windows\\system32\\kernel32.dll+5112b|C:\\Windows\\system32\\kernel32.dll+2079|C:\\Windows\\AppPatch\\AcLayers.DLL+12689|C:\\Users\\IEUser\\AppData\\Local\\Programs\\Opera\\60.0.3255.70\\opera_autoupdate.exe+fede6|C:\\Users\\IEUser\\AppData\\Local\\Programs\\Opera\\60.0.3255.70\\opera_autoupdate.exe+fe583|C:\\Users\\IEUser\\AppData\\Local\\Programs\\Opera\\60.0.3255.70\\opera_autoupdate.exe+fd817|C:\\Users\\IEUser\\AppData\\Local\\Programs\\Opera\\60.0.3255.70\\opera_autoupdate.exe+fd984|C:\\Users\\IEUser\\AppData\\Local\\Programs\\Opera\\60.0.3255.70\\opera_autoupdate.exe+fdafb|C:\\Users\\IEUser\\AppData\\Local\\Programs\\Opera\\60.0.3255.70\\opera_autoupdate.exe+1de2d|C:\\Users\\IEUser\\AppData\\Local\\Programs\\Opera\\60.0.3255.70\\opera_autoupdate.exe+1821|C:\\Users\\IEUser\\AppData\\Local\\Programs\\Opera\\60.0.3255.70\\opera_autoupdate.exe+2560f8|C:\\Windows\\system32\\kernel32.dll+4ef8c|C:\\Windows\\SYSTEM32\\ntdll.dll+6367a|C:\\Windows\\SYSTEM32\\ntdll.dll+6364d"}]}}}, {"Event": {"@xmlns": "http://schemas.microsoft.com/win/2004/08/events/event", "System": {"Provider": {"@Name": "Microsoft-Windows-Sysmon", "@Guid": "{5770385f-c22a-43e0-bf4c-06f5698ffbd9}"}, "EventID": {"@Qualifiers": "", "#text": "10"}, "Version": "3", "Level": "4", "Task": "10", "Opcode": "0", "Keywords": "0x8000000000000000", "TimeCreated": {"@SystemTime": "2019-04-30 07:23:00.883638"}, "EventRecordID": "8335", "Correlation": {"@ActivityID": "", "@RelatedActivityID": ""}, "Execution": {"@ProcessID": "1876", "@ThreadID": "1444"}, "Channel": "Microsoft-Windows-Sysmon/Operational", "Computer": "IEWIN7", "Security": {"@UserID": "S-1-5-18"}}, "EventData": {"Data": [{"@Name": "RuleName"}, {"@Name": "UtcTime", "#text": "2019-04-30 07:23:00.883"}, {"@Name": "SourceProcessGUID", "#text": "{365abb72-f7c9-5cc7-0000-0010bf010e00}"}, {"@Name": "SourceProcessId", "#text": "3772"}, {"@Name": "SourceThreadId", "#text": "1088"}, {"@Name": "SourceImage", "#text": "D:\\m.exe"}, {"@Name": "TargetProcessGUID", "#text": "{365abb72-f69f-5cc7-0000-0010132b0000}"}, {"@Name": "TargetProcessId", "#text": "264"}, {"@Name": "TargetImage", "#text": "C:\\Windows\\System32\\smss.exe"}, {"@Name": "GrantedAccess", "#text": "0x00001410"}, {"@Name": "CallTrace", "#text": "C:\\Windows\\SYSTEM32\\ntdll.dll+4595c|C:\\Windows\\system32\\KERNELBASE.dll+8185|UNKNOWN(01770343)|UNKNOWN(0176FF9D)|UNKNOWN(0176F8EC)|UNKNOWN(00397486)|UNKNOWN(003973A0)|UNKNOWN(003978A3)|C:\\Windows\\system32\\kernel32.dll+4ef8c|C:\\Windows\\SYSTEM32\\ntdll.dll+6367a|C:\\Windows\\SYSTEM32\\ntdll.dll+6364d"}]}}}, {"Event": {"@xmlns": "http://schemas.microsoft.com/win/2004/08/events/event", "System": {"Provider": {"@Name": "Microsoft-Windows-Sysmon", "@Guid": "{5770385f-c22a-43e0-bf4c-06f5698ffbd9}"}, "EventID": {"@Qualifiers": "", "#text": "10"}, "Version": "3", "Level": "4", "Task": "10", "Opcode": "0", "Keywords": "0x8000000000000000", "TimeCreated": {"@SystemTime": "2019-04-30 07:23:00.899261"}, "EventRecordID": "8336", "Correlation": {"@ActivityID": "", "@RelatedActivityID": ""}, "Execution": {"@ProcessID": "1876", "@ThreadID": "1444"}, "Channel": "Microsoft-Windows-Sysmon/Operational", "Computer": "IEWIN7", "Security": {"@UserID": "S-1-5-18"}}, "EventData": {"Data": [{"@Name": "RuleName"}, {"@Name": "UtcTime", "#text": "2019-04-30 07:23:00.883"}, {"@Name": "SourceProcessGUID", "#text": "{365abb72-f7c9-5cc7-0000-0010bf010e00}"}, {"@Name": "SourceProcessId", "#text": "3772"}, {"@Name": "SourceThreadId", "#text": "1088"}, {"@Name": "SourceImage", "#text": "D:\\m.exe"}, {"@Name": "TargetProcessGUID", "#text": "{365abb72-f6a1-5cc7-0000-001033480000}"}, {"@Name": "TargetProcessId", "#text": "336"}, {"@Name": "TargetImage", "#text": "C:\\Windows\\system32\\csrss.exe"}, {"@Name": "GrantedAccess", "#text": "0x00001410"}, {"@Name": "CallTrace", "#text": "C:\\Windows\\SYSTEM32\\ntdll.dll+4595c|C:\\Windows\\system32\\KERNELBASE.dll+8185|UNKNOWN(01770343)|UNKNOWN(0176FF9D)|UNKNOWN(0176F8EC)|UNKNOWN(00397486)|UNKNOWN(003973A0)|UNKNOWN(003978A3)|C:\\Windows\\system32\\kernel32.dll+4ef8c|C:\\Windows\\SYSTEM32\\ntdll.dll+6367a|C:\\Windows\\SYSTEM32\\ntdll.dll+6364d"}]}}}, {"Event": {"@xmlns": "http://schemas.microsoft.com/win/2004/08/events/event", "System": {"Provider": {"@Name": "Microsoft-Windows-Sysmon", "@Guid": "{5770385f-c22a-43e0-bf4c-06f5698ffbd9}"}, "EventID": {"@Qualifiers": "", "#text": "10"}, "Version": "3", "Level": "4", "Task": "10", "Opcode": "0", "Keywords": "0x8000000000000000", "TimeCreated": {"@SystemTime": "2019-04-30 07:23:00.899261"}, "EventRecordID": "8337", "Correlation": {"@ActivityID": "", "@RelatedActivityID": ""}, "Execution": {"@ProcessID": "1876", "@ThreadID": "1444"}, "Channel": "Microsoft-Windows-Sysmon/Operational", "Computer": "IEWIN7", "Security": {"@UserID": "S-1-5-18"}}, "EventData": {"Data": [{"@Name": "RuleName"}, {"@Name": "UtcTime", "#text": "2019-04-30 07:23:00.883"}, {"@Name": "SourceProcessGUID", "#text": "{365abb72-f7c9-5cc7-0000-0010bf010e00}"}, {"@Name": "SourceProcessId", "#text": "3772"}, {"@Name": "SourceThreadId", "#text": "1088"}, {"@Name": "SourceImage", "#text": "D:\\m.exe"}, {"@Name": "TargetProcessGUID", "#text": "{365abb72-f6a1-5cc7-0000-0010a74b0000}"}, {"@Name": "TargetProcessId", "#text": "384"}, {"@Name": "TargetImage", "#text": "C:\\Windows\\system32\\wininit.exe"}, {"@Name": "GrantedAccess", "#text": "0x00001410"}, {"@Name": "CallTrace", "#text": "C:\\Windows\\SYSTEM32\\ntdll.dll+4595c|C:\\Windows\\system32\\KERNELBASE.dll+8185|UNKNOWN(01770343)|UNKNOWN(0176FF9D)|UNKNOWN(0176F8EC)|UNKNOWN(00397486)|UNKNOWN(003973A0)|UNKNOWN(003978A3)|C:\\Windows\\system32\\kernel32.dll+4ef8c|C:\\Windows\\SYSTEM32\\ntdll.dll+6367a|C:\\Windows\\SYSTEM32\\ntdll.dll+6364d"}]}}}, {"Event": {"@xmlns": "http://schemas.microsoft.com/win/2004/08/events/event", "System": {"Provider": {"@Name": "Microsoft-Windows-Sysmon", "@Guid": "{5770385f-c22a-43e0-bf4c-06f5698ffbd9}"}, "EventID": {"@Qualifiers": "", "#text": "10"}, "Version": "3", "Level": "4", "Task": "10", "Opcode": "0", "Keywords": "0x8000000000000000", "TimeCreated": {"@SystemTime": "2019-04-30 07:23:00.899261"}, "EventRecordID": "8338", "Correlation": {"@ActivityID": "", "@RelatedActivityID": ""}, "Execution": {"@ProcessID": "1876", "@ThreadID": "1444"}, "Channel": "Microsoft-Windows-Sysmon/Operational", "Computer": "IEWIN7", "Security": {"@UserID": "S-1-5-18"}}, "EventData": {"Data": [{"@Name": "RuleName"}, {"@Name": "UtcTime", "#text": "2019-04-30 07:23:00.883"}, {"@Name": "SourceProcessGUID", "#text": "{365abb72-f7c9-5cc7-0000-0010bf010e00}"}, {"@Name": "SourceProcessId", "#text": "3772"}, {"@Name": "SourceThreadId", "#text": "1088"}, {"@Name": "SourceImage", "#text": "D:\\m.exe"}, {"@Name": "TargetProcessGUID", "#text": "{365abb72-f6a1-5cc7-0000-00103f4c0000}"}, {"@Name": "TargetProcessId", "#text": "392"}, {"@Name": "TargetImage", "#text": "C:\\Windows\\system32\\csrss.exe"}, {"@Name": "GrantedAccess", "#text": "0x00001410"}, {"@Name": "CallTrace", "#text": "C:\\Windows\\SYSTEM32\\ntdll.dll+4595c|C:\\Windows\\system32\\KERNELBASE.dll+8185|UNKNOWN(01770343)|UNKNOWN(0176FF9D)|UNKNOWN(0176F8EC)|UNKNOWN(00397486)|UNKNOWN(003973A0)|UNKNOWN(003978A3)|C:\\Windows\\system32\\kernel32.dll+4ef8c|C:\\Windows\\SYSTEM32\\ntdll.dll+6367a|C:\\Windows\\SYSTEM32\\ntdll.dll+6364d"}]}}}, {"Event": {"@xmlns": "http://schemas.microsoft.com/win/2004/08/events/event", "System": {"Provider": {"@Name": "Microsoft-Windows-Sysmon", "@Guid": "{5770385f-c22a-43e0-bf4c-06f5698ffbd9}"}, "EventID": {"@Qualifiers": "", "#text": "10"}, "Version": "3", "Level": "4", "Task": "10", "Opcode": "0", "Keywords": "0x8000000000000000", "TimeCreated": {"@SystemTime": "2019-04-30 07:23:00.899261"}, "EventRecordID": "8339", "Correlation": {"@ActivityID": "", "@RelatedActivityID": ""}, "Execution": {"@ProcessID": "1876", "@ThreadID": "1444"}, "Channel": "Microsoft-Windows-Sysmon/Operational", "Computer": "IEWIN7", "Security": {"@UserID": "S-1-5-18"}}, "EventData": {"Data": [{"@Name": "RuleName"}, {"@Name": "UtcTime", "#text": "2019-04-30 07:23:00.883"}, {"@Name": "SourceProcessGUID", "#text": "{365abb72-f7c9-5cc7-0000-0010bf010e00}"}, {"@Name": "SourceProcessId", "#text": "3772"}, {"@Name": "SourceThreadId", "#text": "1088"}, {"@Name": "SourceImage", "#text": "D:\\m.exe"}, {"@Name": "TargetProcessGUID", "#text": "{365abb72-f6a1-5cc7-0000-001043520000}"}, {"@Name": "TargetProcessId", "#text": "440"}, {"@Name": "TargetImage", "#text": "C:\\Windows\\system32\\winlogon.exe"}, {"@Name": "GrantedAccess", "#text": "0x00001410"}, {"@Name": "CallTrace", "#text": "C:\\Windows\\SYSTEM32\\ntdll.dll+4595c|C:\\Windows\\system32\\KERNELBASE.dll+8185|UNKNOWN(01770343)|UNKNOWN(0176FF9D)|UNKNOWN(0176F8EC)|UNKNOWN(00397486)|UNKNOWN(003973A0)|UNKNOWN(003978A3)|C:\\Windows\\system32\\kernel32.dll+4ef8c|C:\\Windows\\SYSTEM32\\ntdll.dll+6367a|C:\\Windows\\SYSTEM32\\ntdll.dll+6364d"}]}}}, {"Event": {"@xmlns": "http://schemas.microsoft.com/win/2004/08/events/event", "System": {"Provider": {"@Name": "Microsoft-Windows-Sysmon", "@Guid": "{5770385f-c22a-43e0-bf4c-06f5698ffbd9}"}, "EventID": {"@Qualifiers": "", "#text": "10"}, "Version": "3", "Level": "4", "Task": "10", "Opcode": "0", "Keywords": "0x8000000000000000", "TimeCreated": {"@SystemTime": "2019-04-30 07:23:00.899261"}, "EventRecordID": "8340", "Correlation": {"@ActivityID": "", "@RelatedActivityID": ""}, "Execution": {"@ProcessID": "1876", "@ThreadID": "1444"}, "Channel": "Microsoft-Windows-Sysmon/Operational", "Computer": "IEWIN7", "Security": {"@UserID": "S-1-5-18"}}, "EventData": {"Data": [{"@Name": "RuleName"}, {"@Name": "UtcTime", "#text": "2019-04-30 07:23:00.883"}, {"@Name": "SourceProcessGUID", "#text": "{365abb72-f7c9-5cc7-0000-0010bf010e00}"}, {"@Name": "SourceProcessId", "#text": "3772"}, {"@Name": "SourceThreadId", "#text": "1088"}, {"@Name": "SourceImage", "#text": "D:\\m.exe"}, {"@Name": "TargetProcessGUID", "#text": "{365abb72-f6a1-5cc7-0000-001004550000}"}, {"@Name": "TargetProcessId", "#text": "468"}, {"@Name": "TargetImage", "#text": "C:\\Windows\\system32\\services.exe"}, {"@Name": "GrantedAccess", "#text": "0x00001410"}, {"@Name": "CallTrace", "#text": "C:\\Windows\\SYSTEM32\\ntdll.dll+4595c|C:\\Windows\\system32\\KERNELBASE.dll+8185|UNKNOWN(01770343)|UNKNOWN(0176FF9D)|UNKNOWN(0176F8EC)|UNKNOWN(00397486)|UNKNOWN(003973A0)|UNKNOWN(003978A3)|C:\\Windows\\system32\\kernel32.dll+4ef8c|C:\\Windows\\SYSTEM32\\ntdll.dll+6367a|C:\\Windows\\SYSTEM32\\ntdll.dll+6364d"}]}}}, {"Event": {"@xmlns": "http://schemas.microsoft.com/win/2004/08/events/event", "System": {"Provider": {"@Name": "Microsoft-Windows-Sysmon", "@Guid": "{5770385f-c22a-43e0-bf4c-06f5698ffbd9}"}, "EventID": {"@Qualifiers": "", "#text": "10"}, "Version": "3", "Level": "4", "Task": "10", "Opcode": "0", "Keywords": "0x8000000000000000", "TimeCreated": {"@SystemTime": "2019-04-30 07:23:00.899261"}, "EventRecordID": "8341", "Correlation": {"@ActivityID": "", "@RelatedActivityID": ""}, "Execution": {"@ProcessID": "1876", "@ThreadID": "1444"}, "Channel": "Microsoft-Windows-Sysmon/Operational", "Computer": "IEWIN7", "Security": {"@UserID": "S-1-5-18"}}, "EventData": {"Data": [{"@Name": "RuleName"}, {"@Name": "UtcTime", "#text": "2019-04-30 07:23:00.883"}, {"@Name": "SourceProcessGUID", "#text": "{365abb72-f7c9-5cc7-0000-0010bf010e00}"}, {"@Name": "SourceProcessId", "#text": "3772"}, {"@Name": "SourceThreadId", "#text": "1088"}, {"@Name": "SourceImage", "#text": "D:\\m.exe"}, {"@Name": "TargetProcessGUID", "#text": "{365abb72-f6a1-5cc7-0000-001072590000}"}, {"@Name": "TargetProcessId", "#text": "492"}, {"@Name": "TargetImage", "#text": "C:\\Windows\\system32\\lsass.exe"}, {"@Name": "GrantedAccess", "#text": "0x00001410"}, {"@Name": "CallTrace", "#text": "C:\\Windows\\SYSTEM32\\ntdll.dll+4595c|C:\\Windows\\system32\\KERNELBASE.dll+8185|UNKNOWN(01770343)|UNKNOWN(0176FF9D)|UNKNOWN(0176F8EC)|UNKNOWN(00397486)|UNKNOWN(003973A0)|UNKNOWN(003978A3)|C:\\Windows\\system32\\kernel32.dll+4ef8c|C:\\Windows\\SYSTEM32\\ntdll.dll+6367a|C:\\Windows\\SYSTEM32\\ntdll.dll+6364d"}]}}}, {"Event": {"@xmlns": "http://schemas.microsoft.com/win/2004/08/events/event", "System": {"Provider": {"@Name": "Microsoft-Windows-Sysmon", "@Guid": "{5770385f-c22a-43e0-bf4c-06f5698ffbd9}"}, "EventID": {"@Qualifiers": "", "#text": "10"}, "Version": "3", "Level": "4", "Task": "10", "Opcode": "0", "Keywords": "0x8000000000000000", "TimeCreated": {"@SystemTime": "2019-04-30 07:23:00.899261"}, "EventRecordID": "8342", "Correlation": {"@ActivityID": "", "@RelatedActivityID": ""}, "Execution": {"@ProcessID": "1876", "@ThreadID": "1444"}, "Channel": "Microsoft-Windows-Sysmon/Operational", "Computer": "IEWIN7", "Security": {"@UserID": "S-1-5-18"}}, "EventData": {"Data": [{"@Name": "RuleName"}, {"@Name": "UtcTime", "#text": "2019-04-30 07:23:00.883"}, {"@Name": "SourceProcessGUID", "#text": "{365abb72-f7c9-5cc7-0000-0010bf010e00}"}, {"@Name": "SourceProcessId", "#text": "3772"}, {"@Name": "SourceThreadId", "#text": "1088"}, {"@Name": "SourceImage", "#text": "D:\\m.exe"}, {"@Name": "TargetProcessGUID", "#text": "{365abb72-f6a1-5cc7-0000-0010a3590000}"}, {"@Name": "TargetProcessId", "#text": "500"}, {"@Name": "TargetImage", "#text": "C:\\Windows\\system32\\lsm.exe"}, {"@Name": "GrantedAccess", "#text": "0x00001410"}, {"@Name": "CallTrace", "#text": "C:\\Windows\\SYSTEM32\\ntdll.dll+4595c|C:\\Windows\\system32\\KERNELBASE.dll+8185|UNKNOWN(01770343)|UNKNOWN(0176FF9D)|UNKNOWN(0176F8EC)|UNKNOWN(00397486)|UNKNOWN(003973A0)|UNKNOWN(003978A3)|C:\\Windows\\system32\\kernel32.dll+4ef8c|C:\\Windows\\SYSTEM32\\ntdll.dll+6367a|C:\\Windows\\SYSTEM32\\ntdll.dll+6364d"}]}}}, {"Event": {"@xmlns": "http://schemas.microsoft.com/win/2004/08/events/event", "System": {"Provider": {"@Name": "Microsoft-Windows-Sysmon", "@Guid": "{5770385f-c22a-43e0-bf4c-06f5698ffbd9}"}, "EventID": {"@Qualifiers": "", "#text": "10"}, "Version": "3", "Level": "4", "Task": "10", "Opcode": "0", "Keywords": "0x8000000000000000", "TimeCreated": {"@SystemTime": "2019-04-30 07:23:00.899261"}, "EventRecordID": "8343", "Correlation": {"@ActivityID": "", "@RelatedActivityID": ""}, "Execution": {"@ProcessID": "1876", "@ThreadID": "1444"}, "Channel": "Microsoft-Windows-Sysmon/Operational", "Computer": "IEWIN7", "Security": {"@UserID": "S-1-5-18"}}, "EventData": {"Data": [{"@Name": "RuleName"}, {"@Name": "UtcTime", "#text": "2019-04-30 07:23:00.883"}, {"@Name": "SourceProcessGUID", "#text": "{365abb72-f7c9-5cc7-0000-0010bf010e00}"}, {"@Name": "SourceProcessId", "#text": "3772"}, {"@Name": "SourceThreadId", "#text": "1088"}, {"@Name": "SourceImage", "#text": "D:\\m.exe"}, {"@Name": "TargetProcessGUID", "#text": "{365abb72-f6a1-5cc7-0000-0010bb700000}"}, {"@Name": "TargetProcessId", "#text": "616"}, {"@Name": "TargetImage", "#text": "C:\\Windows\\system32\\svchost.exe"}, {"@Name": "GrantedAccess", "#text": "0x00001410"}, {"@Name": "CallTrace", "#text": "C:\\Windows\\SYSTEM32\\ntdll.dll+4595c|C:\\Windows\\system32\\KERNELBASE.dll+8185|UNKNOWN(01770343)|UNKNOWN(0176FF9D)|UNKNOWN(0176F8EC)|UNKNOWN(00397486)|UNKNOWN(003973A0)|UNKNOWN(003978A3)|C:\\Windows\\system32\\kernel32.dll+4ef8c|C:\\Windows\\SYSTEM32\\ntdll.dll+6367a|C:\\Windows\\SYSTEM32\\ntdll.dll+6364d"}]}}}, {"Event": {"@xmlns": "http://schemas.microsoft.com/win/2004/08/events/event", "System": {"Provider": {"@Name": "Microsoft-Windows-Sysmon", "@Guid": "{5770385f-c22a-43e0-bf4c-06f5698ffbd9}"}, "EventID": {"@Qualifiers": "", "#text": "10"}, "Version": "3", "Level": "4", "Task": "10", "Opcode": "0", "Keywords": "0x8000000000000000", "TimeCreated": {"@SystemTime": "2019-04-30 07:23:00.899261"}, "EventRecordID": "8344", "Correlation": {"@ActivityID": "", "@RelatedActivityID": ""}, "Execution": {"@ProcessID": "1876", "@ThreadID": "1444"}, "Channel": "Microsoft-Windows-Sysmon/Operational", "Computer": "IEWIN7", "Security": {"@UserID": "S-1-5-18"}}, "EventData": {"Data": [{"@Name": "RuleName"}, {"@Name": "UtcTime", "#text": "2019-04-30 07:23:00.883"}, {"@Name": "SourceProcessGUID", "#text": "{365abb72-f7c9-5cc7-0000-0010bf010e00}"}, {"@Name": "SourceProcessId", "#text": "3772"}, {"@Name": "SourceThreadId", "#text": "1088"}, {"@Name": "SourceImage", "#text": "D:\\m.exe"}, {"@Name": "TargetProcessGUID", "#text": "{365abb72-f6a1-5cc7-0000-0010e7ac0000}"}, {"@Name": "TargetProcessId", "#text": "676"}, {"@Name": "TargetImage", "#text": "C:\\Windows\\System32\\VBoxService.exe"}, {"@Name": "GrantedAccess", "#text": "0x00001410"}, {"@Name": "CallTrace", "#text": "C:\\Windows\\SYSTEM32\\ntdll.dll+4595c|C:\\Windows\\system32\\KERNELBASE.dll+8185|UNKNOWN(01770343)|UNKNOWN(0176FF9D)|UNKNOWN(0176F8EC)|UNKNOWN(00397486)|UNKNOWN(003973A0)|UNKNOWN(003978A3)|C:\\Windows\\system32\\kernel32.dll+4ef8c|C:\\Windows\\SYSTEM32\\ntdll.dll+6367a|C:\\Windows\\SYSTEM32\\ntdll.dll+6364d"}]}}}, {"Event": {"@xmlns": "http://schemas.microsoft.com/win/2004/08/events/event", "System": {"Provider": {"@Name": "Microsoft-Windows-Sysmon", "@Guid": "{5770385f-c22a-43e0-bf4c-06f5698ffbd9}"}, "EventID": {"@Qualifiers": "", "#text": "10"}, "Version": "3", "Level": "4", "Task": "10", "Opcode": "0", "Keywords": "0x8000000000000000", "TimeCreated": {"@SystemTime": "2019-04-30 07:23:00.899261"}, "EventRecordID": "8345", "Correlation": {"@ActivityID": "", "@RelatedActivityID": ""}, "Execution": {"@ProcessID": "1876", "@ThreadID": "1444"}, "Channel": "Microsoft-Windows-Sysmon/Operational", "Computer": "IEWIN7", "Security": {"@UserID": "S-1-5-18"}}, "EventData": {"Data": [{"@Name": "RuleName"}, {"@Name": "UtcTime", "#text": "2019-04-30 07:23:00.883"}, {"@Name": "SourceProcessGUID", "#text": "{365abb72-f7c9-5cc7-0000-0010bf010e00}"}, {"@Name": "SourceProcessId", "#text": "3772"}, {"@Name": "SourceThreadId", "#text": "1088"}, {"@Name": "SourceImage", "#text": "D:\\m.exe"}, {"@Name": "TargetProcessGUID", "#text": "{365abb72-f6a1-5cc7-0000-00101ab00000}"}, {"@Name": "TargetProcessId", "#text": "740"}, {"@Name": "TargetImage", "#text": "C:\\Windows\\system32\\svchost.exe"}, {"@Name": "GrantedAccess", "#text": "0x00001410"}, {"@Name": "CallTrace", "#text": "C:\\Windows\\SYSTEM32\\ntdll.dll+4595c|C:\\Windows\\system32\\KERNELBASE.dll+8185|UNKNOWN(01770343)|UNKNOWN(0176FF9D)|UNKNOWN(0176F8EC)|UNKNOWN(00397486)|UNKNOWN(003973A0)|UNKNOWN(003978A3)|C:\\Windows\\system32\\kernel32.dll+4ef8c|C:\\Windows\\SYSTEM32\\ntdll.dll+6367a|C:\\Windows\\SYSTEM32\\ntdll.dll+6364d"}]}}}, {"Event": {"@xmlns": "http://schemas.microsoft.com/win/2004/08/events/event", "System": {"Provider": {"@Name": "Microsoft-Windows-Sysmon", "@Guid": "{5770385f-c22a-43e0-bf4c-06f5698ffbd9}"}, "EventID": {"@Qualifiers": "", "#text": "10"}, "Version": "3", "Level": "4", "Task": "10", "Opcode": "0", "Keywords": "0x8000000000000000", "TimeCreated": {"@SystemTime": "2019-04-30 07:23:00.899261"}, "EventRecordID": "8346", "Correlation": {"@ActivityID": "", "@RelatedActivityID": ""}, "Execution": {"@ProcessID": "1876", "@ThreadID": "1444"}, "Channel": "Microsoft-Windows-Sysmon/Operational", "Computer": "IEWIN7", "Security": {"@UserID": "S-1-5-18"}}, "EventData": {"Data": [{"@Name": "RuleName"}, {"@Name": "UtcTime", "#text": "2019-04-30 07:23:00.883"}, {"@Name": "SourceProcessGUID", "#text": "{365abb72-f7c9-5cc7-0000-0010bf010e00}"}, {"@Name": "SourceProcessId", "#text": "3772"}, {"@Name": "SourceThreadId", "#text": "1088"}, {"@Name": "SourceImage", "#text": "D:\\m.exe"}, {"@Name": "TargetProcessGUID", "#text": "{365abb72-f6a2-5cc7-0000-00105fb40000}"}, {"@Name": "TargetProcessId", "#text": "804"}, {"@Name": "TargetImage", "#text": "C:\\Windows\\System32\\svchost.exe"}, {"@Name": "GrantedAccess", "#text": "0x00001410"}, {"@Name": "CallTrace", "#text": "C:\\Windows\\SYSTEM32\\ntdll.dll+4595c|C:\\Windows\\system32\\KERNELBASE.dll+8185|UNKNOWN(01770343)|UNKNOWN(0176FF9D)|UNKNOWN(0176F8EC)|UNKNOWN(00397486)|UNKNOWN(003973A0)|UNKNOWN(003978A3)|C:\\Windows\\system32\\kernel32.dll+4ef8c|C:\\Windows\\SYSTEM32\\ntdll.dll+6367a|C:\\Windows\\SYSTEM32\\ntdll.dll+6364d"}]}}}, {"Event": {"@xmlns": "http://schemas.microsoft.com/win/2004/08/events/event", "System": {"Provider": {"@Name": "Microsoft-Windows-Sysmon", "@Guid": "{5770385f-c22a-43e0-bf4c-06f5698ffbd9}"}, "EventID": {"@Qualifiers": "", "#text": "10"}, "Version": "3", "Level": "4", "Task": "10", "Opcode": "0", "Keywords": "0x8000000000000000", "TimeCreated": {"@SystemTime": "2019-04-30 07:23:00.899261"}, "EventRecordID": "8347", "Correlation": {"@ActivityID": "", "@RelatedActivityID": ""}, "Execution": {"@ProcessID": "1876", "@ThreadID": "1444"}, "Channel": "Microsoft-Windows-Sysmon/Operational", "Computer": "IEWIN7", "Security": {"@UserID": "S-1-5-18"}}, "EventData": {"Data": [{"@Name": "RuleName"}, {"@Name": "UtcTime", "#text": "2019-04-30 07:23:00.883"}, {"@Name": "SourceProcessGUID", "#text": "{365abb72-f7c9-5cc7-0000-0010bf010e00}"}, {"@Name": "SourceProcessId", "#text": "3772"}, {"@Name": "SourceThreadId", "#text": "1088"}, {"@Name": "SourceImage", "#text": "D:\\m.exe"}, {"@Name": "TargetProcessGUID", "#text": "{365abb72-f6a2-5cc7-0000-001015c00000}"}, {"@Name": "TargetProcessId", "#text": "872"}, {"@Name": "TargetImage", "#text": "C:\\Windows\\System32\\svchost.exe"}, {"@Name": "GrantedAccess", "#text": "0x00001410"}, {"@Name": "CallTrace", "#text": "C:\\Windows\\SYSTEM32\\ntdll.dll+4595c|C:\\Windows\\system32\\KERNELBASE.dll+8185|UNKNOWN(01770343)|UNKNOWN(0176FF9D)|UNKNOWN(0176F8EC)|UNKNOWN(00397486)|UNKNOWN(003973A0)|UNKNOWN(003978A3)|C:\\Windows\\system32\\kernel32.dll+4ef8c|C:\\Windows\\SYSTEM32\\ntdll.dll+6367a|C:\\Windows\\SYSTEM32\\ntdll.dll+6364d"}]}}}, {"Event": {"@xmlns": "http://schemas.microsoft.com/win/2004/08/events/event", "System": {"Provider": {"@Name": "Microsoft-Windows-Sysmon", "@Guid": "{5770385f-c22a-43e0-bf4c-06f5698ffbd9}"}, "EventID": {"@Qualifiers": "", "#text": "10"}, "Version": "3", "Level": "4", "Task": "10", "Opcode": "0", "Keywords": "0x8000000000000000", "TimeCreated": {"@SystemTime": "2019-04-30 07:23:00.899261"}, "EventRecordID": "8348", "Correlation": {"@ActivityID": "", "@RelatedActivityID": ""}, "Execution": {"@ProcessID": "1876", "@ThreadID": "1444"}, "Channel": "Microsoft-Windows-Sysmon/Operational", "Computer": "IEWIN7", "Security": {"@UserID": "S-1-5-18"}}, "EventData": {"Data": [{"@Name": "RuleName"}, {"@Name": "UtcTime", "#text": "2019-04-30 07:23:00.883"}, {"@Name": "SourceProcessGUID", "#text": "{365abb72-f7c9-5cc7-0000-0010bf010e00}"}, {"@Name": "SourceProcessId", "#text": "3772"}, {"@Name": "SourceThreadId", "#text": "1088"}, {"@Name": "SourceImage", "#text": "D:\\m.exe"}, {"@Name": "TargetProcessGUID", "#text": "{365abb72-f6a2-5cc7-0000-0010a7c40000}"}, {"@Name": "TargetProcessId", "#text": "908"}, {"@Name": "TargetImage", "#text": "C:\\Windows\\system32\\svchost.exe"}, {"@Name": "GrantedAccess", "#text": "0x00001410"}, {"@Name": "CallTrace", "#text": "C:\\Windows\\SYSTEM32\\ntdll.dll+4595c|C:\\Windows\\system32\\KERNELBASE.dll+8185|UNKNOWN(01770343)|UNKNOWN(0176FF9D)|UNKNOWN(0176F8EC)|UNKNOWN(00397486)|UNKNOWN(003973A0)|UNKNOWN(003978A3)|C:\\Windows\\system32\\kernel32.dll+4ef8c|C:\\Windows\\SYSTEM32\\ntdll.dll+6367a|C:\\Windows\\SYSTEM32\\ntdll.dll+6364d"}]}}}, {"Event": {"@xmlns": "http://schemas.microsoft.com/win/2004/08/events/event", "System": {"Provider": {"@Name": "Microsoft-Windows-Sysmon", "@Guid": "{5770385f-c22a-43e0-bf4c-06f5698ffbd9}"}, "EventID": {"@Qualifiers": "", "#text": "10"}, "Version": "3", "Level": "4", "Task": "10", "Opcode": "0", "Keywords": "0x8000000000000000", "TimeCreated": {"@SystemTime": "2019-04-30 07:23:00.914886"}, "EventRecordID": "8349", "Correlation": {"@ActivityID": "", "@RelatedActivityID": ""}, "Execution": {"@ProcessID": "1876", "@ThreadID": "1444"}, "Channel": "Microsoft-Windows-Sysmon/Operational", "Computer": "IEWIN7", "Security": {"@UserID": "S-1-5-18"}}, "EventData": {"Data": [{"@Name": "RuleName"}, {"@Name": "UtcTime", "#text": "2019-04-30 07:23:00.883"}, {"@Name": "SourceProcessGUID", "#text": "{365abb72-f7c9-5cc7-0000-0010bf010e00}"}, {"@Name": "SourceProcessId", "#text": "3772"}, {"@Name": "SourceThreadId", "#text": "1088"}, {"@Name": "SourceImage", "#text": "D:\\m.exe"}, {"@Name": "TargetProcessGUID", "#text": "{365abb72-f6a2-5cc7-0000-001014c90000}"}, {"@Name": "TargetProcessId", "#text": "956"}, {"@Name": "TargetImage", "#text": "C:\\Windows\\system32\\svchost.exe"}, {"@Name": "GrantedAccess", "#text": "0x00001410"}, {"@Name": "CallTrace", "#text": "C:\\Windows\\SYSTEM32\\ntdll.dll+4595c|C:\\Windows\\system32\\KERNELBASE.dll+8185|UNKNOWN(01770343)|UNKNOWN(0176FF9D)|UNKNOWN(0176F8EC)|UNKNOWN(00397486)|UNKNOWN(003973A0)|UNKNOWN(003978A3)|C:\\Windows\\system32\\kernel32.dll+4ef8c|C:\\Windows\\SYSTEM32\\ntdll.dll+6367a|C:\\Windows\\SYSTEM32\\ntdll.dll+6364d"}]}}}, {"Event": {"@xmlns": "http://schemas.microsoft.com/win/2004/08/events/event", "System": {"Provider": {"@Name": "Microsoft-Windows-Sysmon", "@Guid": "{5770385f-c22a-43e0-bf4c-06f5698ffbd9}"}, "EventID": {"@Qualifiers": "", "#text": "10"}, "Version": "3", "Level": "4", "Task": "10", "Opcode": "0", "Keywords": "0x8000000000000000", "TimeCreated": {"@SystemTime": "2019-04-30 07:23:00.914886"}, "EventRecordID": "8350", "Correlation": {"@ActivityID": "", "@RelatedActivityID": ""}, "Execution": {"@ProcessID": "1876", "@ThreadID": "1444"}, "Channel": "Microsoft-Windows-Sysmon/Operational", "Computer": "IEWIN7", "Security": {"@UserID": "S-1-5-18"}}, "EventData": {"Data": [{"@Name": "RuleName"}, {"@Name": "UtcTime", "#text": "2019-04-30 07:23:00.883"}, {"@Name": "SourceProcessGUID", "#text": "{365abb72-f7c9-5cc7-0000-0010bf010e00}"}, {"@Name": "SourceProcessId", "#text": "3772"}, {"@Name": "SourceThreadId", "#text": "1088"}, {"@Name": "SourceImage", "#text": "D:\\m.exe"}, {"@Name": "TargetProcessGUID", "#text": "{365abb72-f6a2-5cc7-0000-001012cf0000}"}, {"@Name": "TargetProcessId", "#text": "1016"}, {"@Name": "TargetImage", "#text": "C:\\Windows\\system32\\svchost.exe"}, {"@Name": "GrantedAccess", "#text": "0x00001410"}, {"@Name": "CallTrace", "#text": "C:\\Windows\\SYSTEM32\\ntdll.dll+4595c|C:\\Windows\\system32\\KERNELBASE.dll+8185|UNKNOWN(01770343)|UNKNOWN(0176FF9D)|UNKNOWN(0176F8EC)|UNKNOWN(00397486)|UNKNOWN(003973A0)|UNKNOWN(003978A3)|C:\\Windows\\system32\\kernel32.dll+4ef8c|C:\\Windows\\SYSTEM32\\ntdll.dll+6367a|C:\\Windows\\SYSTEM32\\ntdll.dll+6364d"}]}}}, {"Event": {"@xmlns": "http://schemas.microsoft.com/win/2004/08/events/event", "System": {"Provider": {"@Name": "Microsoft-Windows-Sysmon", "@Guid": "{5770385f-c22a-43e0-bf4c-06f5698ffbd9}"}, "EventID": {"@Qualifiers": "", "#text": "10"}, "Version": "3", "Level": "4", "Task": "10", "Opcode": "0", "Keywords": "0x8000000000000000", "TimeCreated": {"@SystemTime": "2019-04-30 07:23:00.914886"}, "EventRecordID": "8351", "Correlation": {"@ActivityID": "", "@RelatedActivityID": ""}, "Execution": {"@ProcessID": "1876", "@ThreadID": "1444"}, "Channel": "Microsoft-Windows-Sysmon/Operational", "Computer": "IEWIN7", "Security": {"@UserID": "S-1-5-18"}}, "EventData": {"Data": [{"@Name": "RuleName"}, {"@Name": "UtcTime", "#text": "2019-04-30 07:23:00.883"}, {"@Name": "SourceProcessGUID", "#text": "{365abb72-f7c9-5cc7-0000-0010bf010e00}"}, {"@Name": "SourceProcessId", "#text": "3772"}, {"@Name": "SourceThreadId", "#text": "1088"}, {"@Name": "SourceImage", "#text": "D:\\m.exe"}, {"@Name": "TargetProcessGUID", "#text": "{365abb72-f6a2-5cc7-0000-0010f9d80000}"}, {"@Name": "TargetProcessId", "#text": "1148"}, {"@Name": "TargetImage", "#text": "C:\\Windows\\system32\\svchost.exe"}, {"@Name": "GrantedAccess", "#text": "0x00001410"}, {"@Name": "CallTrace", "#text": "C:\\Windows\\SYSTEM32\\ntdll.dll+4595c|C:\\Windows\\system32\\KERNELBASE.dll+8185|UNKNOWN(01770343)|UNKNOWN(0176FF9D)|UNKNOWN(0176F8EC)|UNKNOWN(00397486)|UNKNOWN(003973A0)|UNKNOWN(003978A3)|C:\\Windows\\system32\\kernel32.dll+4ef8c|C:\\Windows\\SYSTEM32\\ntdll.dll+6367a|C:\\Windows\\SYSTEM32\\ntdll.dll+6364d"}]}}}, {"Event": {"@xmlns": "http://schemas.microsoft.com/win/2004/08/events/event", "System": {"Provider": {"@Name": "Microsoft-Windows-Sysmon", "@Guid": "{5770385f-c22a-43e0-bf4c-06f5698ffbd9}"}, "EventID": {"@Qualifiers": "", "#text": "10"}, "Version": "3", "Level": "4", "Task": "10", "Opcode": "0", "Keywords": "0x8000000000000000", "TimeCreated": {"@SystemTime": "2019-04-30 07:23:00.914886"}, "EventRecordID": "8352", "Correlation": {"@ActivityID": "", "@RelatedActivityID": ""}, "Execution": {"@ProcessID": "1876", "@ThreadID": "1444"}, "Channel": "Microsoft-Windows-Sysmon/Operational", "Computer": "IEWIN7", "Security": {"@UserID": "S-1-5-18"}}, "EventData": {"Data": [{"@Name": "RuleName"}, {"@Name": "UtcTime", "#text": "2019-04-30 07:23:00.883"}, {"@Name": "SourceProcessGUID", "#text": "{365abb72-f7c9-5cc7-0000-0010bf010e00}"}, {"@Name": "SourceProcessId", "#text": "3772"}, {"@Name": "SourceThreadId", "#text": "1088"}, {"@Name": "SourceImage", "#text": "D:\\m.exe"}, {"@Name": "TargetProcessGUID", "#text": "{365abb72-f6a2-5cc7-0000-00100eed0000}"}, {"@Name": "TargetProcessId", "#text": "1288"}, {"@Name": "TargetImage", "#text": "C:\\Windows\\System32\\spoolsv.exe"}, {"@Name": "GrantedAccess", "#text": "0x00001410"}, {"@Name": "CallTrace", "#text": "C:\\Windows\\SYSTEM32\\ntdll.dll+4595c|C:\\Windows\\system32\\KERNELBASE.dll+8185|UNKNOWN(01770343)|UNKNOWN(0176FF9D)|UNKNOWN(0176F8EC)|UNKNOWN(00397486)|UNKNOWN(003973A0)|UNKNOWN(003978A3)|C:\\Windows\\system32\\kernel32.dll+4ef8c|C:\\Windows\\SYSTEM32\\ntdll.dll+6367a|C:\\Windows\\SYSTEM32\\ntdll.dll+6364d"}]}}}, {"Event": {"@xmlns": "http://schemas.microsoft.com/win/2004/08/events/event", "System": {"Provider": {"@Name": "Microsoft-Windows-Sysmon", "@Guid": "{5770385f-c22a-43e0-bf4c-06f5698ffbd9}"}, "EventID": {"@Qualifiers": "", "#text": "10"}, "Version": "3", "Level": "4", "Task": "10", "Opcode": "0", "Keywords": "0x8000000000000000", "TimeCreated": {"@SystemTime": "2019-04-30 07:23:00.914886"}, "EventRecordID": "8353", "Correlation": {"@ActivityID": "", "@RelatedActivityID": ""}, "Execution": {"@ProcessID": "1876", "@ThreadID": "1444"}, "Channel": "Microsoft-Windows-Sysmon/Operational", "Computer": "IEWIN7", "Security": {"@UserID": "S-1-5-18"}}, "EventData": {"Data": [{"@Name": "RuleName"}, {"@Name": "UtcTime", "#text": "2019-04-30 07:23:00.883"}, {"@Name": "SourceProcessGUID", "#text": "{365abb72-f7c9-5cc7-0000-0010bf010e00}"}, {"@Name": "SourceProcessId", "#text": "3772"}, {"@Name": "SourceThreadId", "#text": "1088"}, {"@Name": "SourceImage", "#text": "D:\\m.exe"}, {"@Name": "TargetProcessGUID", "#text": "{365abb72-f6a2-5cc7-0000-0010b8f20000}"}, {"@Name": "TargetProcessId", "#text": "1328"}, {"@Name": "TargetImage", "#text": "C:\\Windows\\system32\\svchost.exe"}, {"@Name": "GrantedAccess", "#text": "0x00001410"}, {"@Name": "CallTrace", "#text": "C:\\Windows\\SYSTEM32\\ntdll.dll+4595c|C:\\Windows\\system32\\KERNELBASE.dll+8185|UNKNOWN(01770343)|UNKNOWN(0176FF9D)|UNKNOWN(0176F8EC)|UNKNOWN(00397486)|UNKNOWN(003973A0)|UNKNOWN(003978A3)|C:\\Windows\\system32\\kernel32.dll+4ef8c|C:\\Windows\\SYSTEM32\\ntdll.dll+6367a|C:\\Windows\\SYSTEM32\\ntdll.dll+6364d"}]}}}, {"Event": {"@xmlns": "http://schemas.microsoft.com/win/2004/08/events/event", "System": {"Provider": {"@Name": "Microsoft-Windows-Sysmon", "@Guid": "{5770385f-c22a-43e0-bf4c-06f5698ffbd9}"}, "EventID": {"@Qualifiers": "", "#text": "10"}, "Version": "3", "Level": "4", "Task": "10", "Opcode": "0", "Keywords": "0x8000000000000000", "TimeCreated": {"@SystemTime": "2019-04-30 07:23:00.914886"}, "EventRecordID": "8354", "Correlation": {"@ActivityID": "", "@RelatedActivityID": ""}, "Execution": {"@ProcessID": "1876", "@ThreadID": "1444"}, "Channel": "Microsoft-Windows-Sysmon/Operational", "Computer": "IEWIN7", "Security": {"@UserID": "S-1-5-18"}}, "EventData": {"Data": [{"@Name": "RuleName"}, {"@Name": "UtcTime", "#text": "2019-04-30 07:23:00.899"}, {"@Name": "SourceProcessGUID", "#text": "{365abb72-f7c9-5cc7-0000-0010bf010e00}"}, {"@Name": "SourceProcessId", "#text": "3772"}, {"@Name": "SourceThreadId", "#text": "1088"}, {"@Name": "SourceImage", "#text": "D:\\m.exe"}, {"@Name": "TargetProcessGUID", "#text": "{365abb72-f6a3-5cc7-0000-0010d30e0100}"}, {"@Name": "TargetProcessId", "#text": "1476"}, {"@Name": "TargetImage", "#text": "C:\\Windows\\System32\\svchost.exe"}, {"@Name": "GrantedAccess", "#text": "0x00001410"}, {"@Name": "CallTrace", "#text": "C:\\Windows\\SYSTEM32\\ntdll.dll+4595c|C:\\Windows\\system32\\KERNELBASE.dll+8185|UNKNOWN(01770343)|UNKNOWN(0176FF9D)|UNKNOWN(0176F8EC)|UNKNOWN(00397486)|UNKNOWN(003973A0)|UNKNOWN(003978A3)|C:\\Windows\\system32\\kernel32.dll+4ef8c|C:\\Windows\\SYSTEM32\\ntdll.dll+6367a|C:\\Windows\\SYSTEM32\\ntdll.dll+6364d"}]}}}, {"Event": {"@xmlns": "http://schemas.microsoft.com/win/2004/08/events/event", "System": {"Provider": {"@Name": "Microsoft-Windows-Sysmon", "@Guid": "{5770385f-c22a-43e0-bf4c-06f5698ffbd9}"}, "EventID": {"@Qualifiers": "", "#text": "10"}, "Version": "3", "Level": "4", "Task": "10", "Opcode": "0", "Keywords": "0x8000000000000000", "TimeCreated": {"@SystemTime": "2019-04-30 07:23:00.914886"}, "EventRecordID": "8355", "Correlation": {"@ActivityID": "", "@RelatedActivityID": ""}, "Execution": {"@ProcessID": "1876", "@ThreadID": "1444"}, "Channel": "Microsoft-Windows-Sysmon/Operational", "Computer": "IEWIN7", "Security": {"@UserID": "S-1-5-18"}}, "EventData": {"Data": [{"@Name": "RuleName"}, {"@Name": "UtcTime", "#text": "2019-04-30 07:23:00.899"}, {"@Name": "SourceProcessGUID", "#text": "{365abb72-f7c9-5cc7-0000-0010bf010e00}"}, {"@Name": "SourceProcessId", "#text": "3772"}, {"@Name": "SourceThreadId", "#text": "1088"}, {"@Name": "SourceImage", "#text": "D:\\m.exe"}, {"@Name": "TargetProcessGUID", "#text": "{365abb72-f6a3-5cc7-0000-001062120100}"}, {"@Name": "TargetProcessId", "#text": "1504"}, {"@Name": "TargetImage", "#text": "C:\\Windows\\system32\\taskhost.exe"}, {"@Name": "GrantedAccess", "#text": "0x00001410"}, {"@Name": "CallTrace", "#text": "C:\\Windows\\SYSTEM32\\ntdll.dll+4595c|C:\\Windows\\system32\\KERNELBASE.dll+8185|UNKNOWN(01770343)|UNKNOWN(0176FF9D)|UNKNOWN(0176F8EC)|UNKNOWN(00397486)|UNKNOWN(003973A0)|UNKNOWN(003978A3)|C:\\Windows\\system32\\kernel32.dll+4ef8c|C:\\Windows\\SYSTEM32\\ntdll.dll+6367a|C:\\Windows\\SYSTEM32\\ntdll.dll+6364d"}]}}}, {"Event": {"@xmlns": "http://schemas.microsoft.com/win/2004/08/events/event", "System": {"Provider": {"@Name": "Microsoft-Windows-Sysmon", "@Guid": "{5770385f-c22a-43e0-bf4c-06f5698ffbd9}"}, "EventID": {"@Qualifiers": "", "#text": "10"}, "Version": "3", "Level": "4", "Task": "10", "Opcode": "0", "Keywords": "0x8000000000000000", "TimeCreated": {"@SystemTime": "2019-04-30 07:23:00.914886"}, "EventRecordID": "8356", "Correlation": {"@ActivityID": "", "@RelatedActivityID": ""}, "Execution": {"@ProcessID": "1876", "@ThreadID": "1444"}, "Channel": "Microsoft-Windows-Sysmon/Operational", "Computer": "IEWIN7", "Security": {"@UserID": "S-1-5-18"}}, "EventData": {"Data": [{"@Name": "RuleName"}, {"@Name": "UtcTime", "#text": "2019-04-30 07:23:00.899"}, {"@Name": "SourceProcessGUID", "#text": "{365abb72-f7c9-5cc7-0000-0010bf010e00}"}, {"@Name": "SourceProcessId", "#text": "3772"}, {"@Name": "SourceThreadId", "#text": "1088"}, {"@Name": "SourceImage", "#text": "D:\\m.exe"}, {"@Name": "TargetProcessGUID", "#text": "{365abb72-f6a3-5cc7-0000-0010051a0100}"}, {"@Name": "TargetProcessId", "#text": "1572"}, {"@Name": "TargetImage", "#text": "C:\\Windows\\system32\\taskeng.exe"}, {"@Name": "GrantedAccess", "#text": "0x00001410"}, {"@Name": "CallTrace", "#text": "C:\\Windows\\SYSTEM32\\ntdll.dll+4595c|C:\\Windows\\system32\\KERNELBASE.dll+8185|UNKNOWN(01770343)|UNKNOWN(0176FF9D)|UNKNOWN(0176F8EC)|UNKNOWN(00397486)|UNKNOWN(003973A0)|UNKNOWN(003978A3)|C:\\Windows\\system32\\kernel32.dll+4ef8c|C:\\Windows\\SYSTEM32\\ntdll.dll+6367a|C:\\Windows\\SYSTEM32\\ntdll.dll+6364d"}]}}}, {"Event": {"@xmlns": "http://schemas.microsoft.com/win/2004/08/events/event", "System": {"Provider": {"@Name": "Microsoft-Windows-Sysmon", "@Guid": "{5770385f-c22a-43e0-bf4c-06f5698ffbd9}"}, "EventID": {"@Qualifiers": "", "#text": "10"}, "Version": "3", "Level": "4", "Task": "10", "Opcode": "0", "Keywords": "0x8000000000000000", "TimeCreated": {"@SystemTime": "2019-04-30 07:23:00.914886"}, "EventRecordID": "8357", "Correlation": {"@ActivityID": "", "@RelatedActivityID": ""}, "Execution": {"@ProcessID": "1876", "@ThreadID": "1444"}, "Channel": "Microsoft-Windows-Sysmon/Operational", "Computer": "IEWIN7", "Security": {"@UserID": "S-1-5-18"}}, "EventData": {"Data": [{"@Name": "RuleName"}, {"@Name": "UtcTime", "#text": "2019-04-30 07:23:00.899"}, {"@Name": "SourceProcessGUID", "#text": "{365abb72-f7c9-5cc7-0000-0010bf010e00}"}, {"@Name": "SourceProcessId", "#text": "3772"}, {"@Name": "SourceThreadId", "#text": "1088"}, {"@Name": "SourceImage", "#text": "D:\\m.exe"}, {"@Name": "TargetProcessGUID", "#text": "{365abb72-f6a3-5cc7-0000-0010443a0100}"}, {"@Name": "TargetProcessId", "#text": "1732"}, {"@Name": "TargetImage", "#text": "C:\\Program Files\\OpenSSH\\bin\\cygrunsrv.exe"}, {"@Name": "GrantedAccess", "#text": "0x00001410"}, {"@Name": "CallTrace", "#text": "C:\\Windows\\SYSTEM32\\ntdll.dll+4595c|C:\\Windows\\system32\\KERNELBASE.dll+8185|UNKNOWN(01770343)|UNKNOWN(0176FF9D)|UNKNOWN(0176F8EC)|UNKNOWN(00397486)|UNKNOWN(003973A0)|UNKNOWN(003978A3)|C:\\Windows\\system32\\kernel32.dll+4ef8c|C:\\Windows\\SYSTEM32\\ntdll.dll+6367a|C:\\Windows\\SYSTEM32\\ntdll.dll+6364d"}]}}}, {"Event": {"@xmlns": "http://schemas.microsoft.com/win/2004/08/events/event", "System": {"Provider": {"@Name": "Microsoft-Windows-Sysmon", "@Guid": "{5770385f-c22a-43e0-bf4c-06f5698ffbd9}"}, "EventID": {"@Qualifiers": "", "#text": "10"}, "Version": "3", "Level": "4", "Task": "10", "Opcode": "0", "Keywords": "0x8000000000000000", "TimeCreated": {"@SystemTime": "2019-04-30 07:23:00.914886"}, "EventRecordID": "8358", "Correlation": {"@ActivityID": "", "@RelatedActivityID": ""}, "Execution": {"@ProcessID": "1876", "@ThreadID": "1444"}, "Channel": "Microsoft-Windows-Sysmon/Operational", "Computer": "IEWIN7", "Security": {"@UserID": "S-1-5-18"}}, "EventData": {"Data": [{"@Name": "RuleName"}, {"@Name": "UtcTime", "#text": "2019-04-30 07:23:00.899"}, {"@Name": "SourceProcessGUID", "#text": "{365abb72-f7c9-5cc7-0000-0010bf010e00}"}, {"@Name": "SourceProcessId", "#text": "3772"}, {"@Name": "SourceThreadId", "#text": "1088"}, {"@Name": "SourceImage", "#text": "D:\\m.exe"}, {"@Name": "TargetProcessGUID", "#text": "{365abb72-f6a3-5cc7-0000-0010f7500100}"}, {"@Name": "TargetProcessId", "#text": "1904"}, {"@Name": "TargetImage", "#text": "C:\\Windows\\system32\\conhost.exe"}, {"@Name": "GrantedAccess", "#text": "0x00001410"}, {"@Name": "CallTrace", "#text": "C:\\Windows\\SYSTEM32\\ntdll.dll+4595c|C:\\Windows\\system32\\KERNELBASE.dll+8185|UNKNOWN(01770343)|UNKNOWN(0176FF9D)|UNKNOWN(0176F8EC)|UNKNOWN(00397486)|UNKNOWN(003973A0)|UNKNOWN(003978A3)|C:\\Windows\\system32\\kernel32.dll+4ef8c|C:\\Windows\\SYSTEM32\\ntdll.dll+6367a|C:\\Windows\\SYSTEM32\\ntdll.dll+6364d"}]}}}, {"Event": {"@xmlns": "http://schemas.microsoft.com/win/2004/08/events/event", "System": {"Provider": {"@Name": "Microsoft-Windows-Sysmon", "@Guid": "{5770385f-c22a-43e0-bf4c-06f5698ffbd9}"}, "EventID": {"@Qualifiers": "", "#text": "10"}, "Version": "3", "Level": "4", "Task": "10", "Opcode": "0", "Keywords": "0x8000000000000000", "TimeCreated": {"@SystemTime": "2019-04-30 07:23:00.914886"}, "EventRecordID": "8359", "Correlation": {"@ActivityID": "", "@RelatedActivityID": ""}, "Execution": {"@ProcessID": "1876", "@ThreadID": "1444"}, "Channel": "Microsoft-Windows-Sysmon/Operational", "Computer": "IEWIN7", "Security": {"@UserID": "S-1-5-18"}}, "EventData": {"Data": [{"@Name": "RuleName"}, {"@Name": "UtcTime", "#text": "2019-04-30 07:23:00.899"}, {"@Name": "SourceProcessGUID", "#text": "{365abb72-f7c9-5cc7-0000-0010bf010e00}"}, {"@Name": "SourceProcessId", "#text": "3772"}, {"@Name": "SourceThreadId", "#text": "1088"}, {"@Name": "SourceImage", "#text": "D:\\m.exe"}, {"@Name": "TargetProcessGUID", "#text": "{365abb72-f6a3-5cc7-0000-00108a560100}"}, {"@Name": "TargetProcessId", "#text": "1952"}, {"@Name": "TargetImage", "#text": "C:\\Program Files\\OpenSSH\\usr\\sbin\\sshd.exe"}, {"@Name": "GrantedAccess", "#text": "0x00001410"}, {"@Name": "CallTrace", "#text": "C:\\Windows\\SYSTEM32\\ntdll.dll+4595c|C:\\Windows\\system32\\KERNELBASE.dll+8185|UNKNOWN(01770343)|UNKNOWN(0176FF9D)|UNKNOWN(0176F8EC)|UNKNOWN(00397486)|UNKNOWN(003973A0)|UNKNOWN(003978A3)|C:\\Windows\\system32\\kernel32.dll+4ef8c|C:\\Windows\\SYSTEM32\\ntdll.dll+6367a|C:\\Windows\\SYSTEM32\\ntdll.dll+6364d"}]}}}, {"Event": {"@xmlns": "http://schemas.microsoft.com/win/2004/08/events/event", "System": {"Provider": {"@Name": "Microsoft-Windows-Sysmon", "@Guid": "{5770385f-c22a-43e0-bf4c-06f5698ffbd9}"}, "EventID": {"@Qualifiers": "", "#text": "10"}, "Version": "3", "Level": "4", "Task": "10", "Opcode": "0", "Keywords": "0x8000000000000000", "TimeCreated": {"@SystemTime": "2019-04-30 07:23:00.914886"}, "EventRecordID": "8360", "Correlation": {"@ActivityID": "", "@RelatedActivityID": ""}, "Execution": {"@ProcessID": "1876", "@ThreadID": "1444"}, "Channel": "Microsoft-Windows-Sysmon/Operational", "Computer": "IEWIN7", "Security": {"@UserID": "S-1-5-18"}}, "EventData": {"Data": [{"@Name": "RuleName"}, {"@Name": "UtcTime", "#text": "2019-04-30 07:23:00.899"}, {"@Name": "SourceProcessGUID", "#text": "{365abb72-f7c9-5cc7-0000-0010bf010e00}"}, {"@Name": "SourceProcessId", "#text": "3772"}, {"@Name": "SourceThreadId", "#text": "1088"}, {"@Name": "SourceImage", "#text": "D:\\m.exe"}, {"@Name": "TargetProcessGUID", "#text": "{365abb72-f6a4-5cc7-0000-0010c65f0100}"}, {"@Name": "TargetProcessId", "#text": "1996"}, {"@Name": "TargetImage", "#text": "C:\\Windows\\system32\\wlms\\wlms.exe"}, {"@Name": "GrantedAccess", "#text": "0x00001410"}, {"@Name": "CallTrace", "#text": "C:\\Windows\\SYSTEM32\\ntdll.dll+4595c|C:\\Windows\\system32\\KERNELBASE.dll+8185|UNKNOWN(01770343)|UNKNOWN(0176FF9D)|UNKNOWN(0176F8EC)|UNKNOWN(00397486)|UNKNOWN(003973A0)|UNKNOWN(003978A3)|C:\\Windows\\system32\\kernel32.dll+4ef8c|C:\\Windows\\SYSTEM32\\ntdll.dll+6367a|C:\\Windows\\SYSTEM32\\ntdll.dll+6364d"}]}}}, {"Event": {"@xmlns": "http://schemas.microsoft.com/win/2004/08/events/event", "System": {"Provider": {"@Name": "Microsoft-Windows-Sysmon", "@Guid": "{5770385f-c22a-43e0-bf4c-06f5698ffbd9}"}, "EventID": {"@Qualifiers": "", "#text": "10"}, "Version": "3", "Level": "4", "Task": "10", "Opcode": "0", "Keywords": "0x8000000000000000", "TimeCreated": {"@SystemTime": "2019-04-30 07:23:00.914886"}, "EventRecordID": "8361", "Correlation": {"@ActivityID": "", "@RelatedActivityID": ""}, "Execution": {"@ProcessID": "1876", "@ThreadID": "1444"}, "Channel": "Microsoft-Windows-Sysmon/Operational", "Computer": "IEWIN7", "Security": {"@UserID": "S-1-5-18"}}, "EventData": {"Data": [{"@Name": "RuleName"}, {"@Name": "UtcTime", "#text": "2019-04-30 07:23:00.899"}, {"@Name": "SourceProcessGUID", "#text": "{365abb72-f7c9-5cc7-0000-0010bf010e00}"}, {"@Name": "SourceProcessId", "#text": "3772"}, {"@Name": "SourceThreadId", "#text": "1088"}, {"@Name": "SourceImage", "#text": "D:\\m.exe"}, {"@Name": "TargetProcessGUID", "#text": "{365abb72-f6a4-5cc7-0000-001098750100}"}, {"@Name": "TargetProcessId", "#text": "1000"}, {"@Name": "TargetImage", "#text": "C:\\Windows\\system32\\wbem\\unsecapp.exe"}, {"@Name": "GrantedAccess", "#text": "0x00001410"}, {"@Name": "CallTrace", "#text": "C:\\Windows\\SYSTEM32\\ntdll.dll+4595c|C:\\Windows\\system32\\KERNELBASE.dll+8185|UNKNOWN(01770343)|UNKNOWN(0176FF9D)|UNKNOWN(0176F8EC)|UNKNOWN(00397486)|UNKNOWN(003973A0)|UNKNOWN(003978A3)|C:\\Windows\\system32\\kernel32.dll+4ef8c|C:\\Windows\\SYSTEM32\\ntdll.dll+6367a|C:\\Windows\\SYSTEM32\\ntdll.dll+6364d"}]}}}, 