{"Event": {"@xmlns": "http://schemas.microsoft.com/win/2004/08/events/event", "System": {"Provider": {"@Name": "Microsoft-Windows-RPC", "@Guid": "{6ad52b32-d609-4be9-ae07-ce8dae937e39}"}, "EventID": {"@Qualifiers": "", "#text": "5"}, "Version": "1", "Level": "4", "Task": "1", "Opcode": "1", "Keywords": "0x4000000000000000", "TimeCreated": {"@SystemTime": "2021-08-17 12:26:51.206669"}, "EventRecordID": "10555", "Correlation": {"@ActivityID": "{43d2f3c4-7013-406f-8698-50512639f442}", "@RelatedActivityID": ""}, "Execution": {"@ProcessID": "1140", "@ThreadID": "14212"}, "Channel": null, "Computer": "LAPTOP-JU4M3I0E", "Security": {"@UserID": ""}}, "EventData": {"Data": [{"@Name": "InterfaceUuid", "#text": "{4d10b48b-c531-4731-9bde-b03c28e9c61c}"}, {"@Name": "ProcNum", "#text": "11"}, {"@Name": "Protocol", "#text": "3"}, {"@Name": "NetworkAddress", "#text": "NULL"}, {"@Name": "Endpoint", "#text": "OLE6DAE6D441C6DB15C9F7165B5F42F"}, {"@Name": "Options", "#text": "NULL"}, {"@Name": "AuthenticationLevel", "#text": "6"}, {"@Name": "AuthenticationService", "#text": "20"}, {"@Name": "ImpersonationLevel", "#text": "2"}]}}}, {"Event": {"@xmlns": "http://schemas.microsoft.com/win/2004/08/events/event", "System": {"Provider": {"@Name": "Microsoft-Windows-RPC", "@Guid": "{6ad52b32-d609-4be9-ae07-ce8dae937e39}"}, "EventID": {"@Qualifiers": "", "#text": "6"}, "Version": "1", "Level": "4", "Task": "2", "Opcode": "1", "Keywords": "0x4000000000000000", "TimeCreated": {"@SystemTime": "2021-08-17 12:26:51.206722"}, "EventRecordID": "10564", "Correlation": {"@ActivityID": "{e14a0c43-64c4-4792-81b0-de1108fec2b1}", "@RelatedActivityID": ""}, "Execution": {"@ProcessID": "1468", "@ThreadID": "24268"}, "Channel": null, "Computer": "LAPTOP-JU4M3I0E", "Security": {"@UserID": ""}}, "EventData": {"Data": [{"@Name": "InterfaceUuid", "#text": "{4d10b48b-c531-4731-9bde-b03c28e9c61c}"}, {"@Name": "ProcNum", "#text": "11"}, {"@Name": "Protocol", "#text": "3"}, {"@Name": "NetworkAddress", "#text": "NULL"}, {"@Name": "Endpoint", "#text": "OLE6DAE6D441C6DB15C9F7165B5F42F"}, {"@Name": "Options", "#text": "NULL"}, {"@Name": "AuthenticationLevel", "#text": "6"}, {"@Name": "AuthenticationService", "#text": "20"}, {"@Name": "ImpersonationLevel", "#text": "0"}]}}}, {"Event": {"@xmlns": "http://schemas.microsoft.com/win/2004/08/events/event", "System": {"Provider": {"@Name": "Microsoft-Windows-RPC", "@Guid": "{6ad52b32-d609-4be9-ae07-ce8dae937e39}"}, "EventID": {"@Qualifiers": "", "#text": "5"}, "Version": "1", "Level": "4", "Task": "1", "Opcode": "1", "Keywords": "0x4000000000000000", "TimeCreated": {"@SystemTime": "2021-08-17 12:26:51.206949"}, "EventRecordID": "10577", "Correlation": {"@ActivityID": "{732f3d45-2ef2-492d-9c0a-82b89bc05e5d}", "@RelatedActivityID": ""}, "Execution": {"@ProcessID": "1140", "@ThreadID": "14212"}, "Channel": null, "Computer": "LAPTOP-JU4M3I0E", "Security": {"@UserID": ""}}, "EventData": {"Data": [{"@Name": "InterfaceUuid", "#text": "{00000134-0000-0000-c000-000000000046}"}, {"@Name": "ProcNum", "#text": "5"}, {"@Name": "Protocol", "#text": "3"}, {"@Name": "NetworkAddress", "#text": "NULL"}, {"@Name": "Endpoint", "#text": "OLE6DAE6D441C6DB15C9F7165B5F42F"}, {"@Name": "Options", "#text": "NULL"}, {"@Name": "AuthenticationLevel", "#text": "6"}, {"@Name": "AuthenticationService", "#text": "20"}, {"@Name": "ImpersonationLevel", "#text": "2"}]}}}, {"Event": {"@xmlns": "http://schemas.microsoft.com/win/2004/08/events/event", "System": {"Provider": {"@Name": "Microsoft-Windows-RPC", "@Guid": "{6ad52b32-d609-4be9-ae07-ce8dae937e39}"}, "EventID": {"@Qualifiers": "", "#text": "6"}, "Version": "1", "Level": "4", "Task": "2", "Opcode": "1", "Keywords": "0x4000000000000000", "TimeCreated": {"@SystemTime": "2021-08-17 12:26:51.207003"}, "EventRecordID": "10586", "Correlation": {"@ActivityID": "{43ada391-3ee3-446c-a025-d09b20602d37}", "@RelatedActivityID": ""}, "Execution": {"@ProcessID": "1468", "@ThreadID": "24268"}, "Channel": null, "Computer": "LAPTOP-JU4M3I0E", "Security": {"@UserID": ""}}, "EventData": {"Data": [{"@Name": "InterfaceUuid", "#text": "{00000134-0000-0000-c000-000000000046}"}, {"@Name": "ProcNum", "#text": "5"}, {"@Name": "Protocol", "#text": "3"}, {"@Name": "NetworkAddress", "#text": "NULL"}, {"@Name": "Endpoint", "#text": "OLE6DAE6D441C6DB15C9F7165B5F42F"}, {"@Name": "Options", "#text": "NULL"}, {"@Name": "AuthenticationLevel", "#text": "6"}, {"@Name": "AuthenticationService", "#text": "20"}, {"@Name": "ImpersonationLevel", "#text": "0"}]}}}, {"Event": {"@xmlns": "http://schemas.microsoft.com/win/2004/08/events/event", "System": {"Provider": {"@Name": "Microsoft-Windows-RPC", "@Guid": "{6ad52b32-d609-4be9-ae07-ce8dae937e39}"}, "EventID": {"@Qualifiers": "", "#text": "5"}, "Version": "1", "Level": "4", "Task": "1", "Opcode": "1", "Keywords": "0x4000000000000000", "TimeCreated": {"@SystemTime": "2021-08-17 12:26:51.207157"}, "EventRecordID": "10609", "Correlation": {"@ActivityID": "{025611b6-2606-43f2-a597-b13bf5b1302a}", "@RelatedActivityID": ""}, "Execution": {"@ProcessID": "1468", "@ThreadID": "16044"}, "Channel": null, "Computer": "LAPTOP-JU4M3I0E", "Security": {"@UserID": ""}}, "EventData": {"Data": [{"@Name": "InterfaceUuid", "#text": "{a1b7de7a-4e77-43db-ae78-96fc182fed4a}"}, {"@Name": "ProcNum", "#text": "14"}, {"@Name": "Protocol", "#text": "3"}, {"@Name": "NetworkAddress", "#text": "NULL"}, {"@Name": "Endpoint", "#text": "OLE9FF44EB366DDC413A5E3AE131888"}, {"@Name": "Options", "#text": "NULL"}, {"@Name": "AuthenticationLevel", "#text": "6"}, {"@Name": "AuthenticationService", "#text": "20"}, {"@Name": "ImpersonationLevel", "#text": "2"}]}}}, {"Event": {"@xmlns": "http://schemas.microsoft.com/win/2004/08/events/event", "System": {"Provider": {"@Name": "Microsoft-Windows-RPC", "@Guid": "{6ad52b32-d609-4be9-ae07-ce8dae937e39}"}, "EventID": {"@Qualifiers": "", "#text": "6"}, "Version": "1", "Level": "4", "Task": "2", "Opcode": "1", "Keywords": "0x4000000000000000", "TimeCreated": {"@SystemTime": "2021-08-17 12:26:51.207207"}, "EventRecordID": "10617", "Correlation": {"@ActivityID": "{c4f05f62-7c9c-4a48-94fa-0f23dbc36545}", "@RelatedActivityID": ""}, "Execution": {"@ProcessID": "1140", "@ThreadID": "14212"}, "Channel": null, "Computer": "LAPTOP-JU4M3I0E", "Security": {"@UserID": ""}}, "EventData": {"Data": [{"@Name": "InterfaceUuid", "#text": "{a1b7de7a-4e77-43db-ae78-96fc182fed4a}"}, {"@Name": "ProcNum", "#text": "14"}, {"@Name": "Protocol", "#text": "3"}, {"@Name": "NetworkAddress", "#text": "NULL"}, {"@Name": "Endpoint", "#text": "OLE9FF44EB366DDC413A5E3AE131888"}, {"@Name": "Options", "#text": "NULL"}, {"@Name": "AuthenticationLevel", "#text": "6"}, {"@Name": "AuthenticationService", "#text": "20"}, {"@Name": "ImpersonationLevel", "#text": "0"}]}}}, {"Event": {"@xmlns": "http://schemas.microsoft.com/win/2004/08/events/event", "System": {"Provider": {"@Name": "Microsoft-Windows-RPC", "@Guid": "{6ad52b32-d609-4be9-ae07-ce8dae937e39}"}, "EventID": {"@Qualifiers": "", "#text": "5"}, "Version": "1", "Level": "4", "Task": "1", "Opcode": "1", "Keywords": "0x4000000000000000", "TimeCreated": {"@SystemTime": "2021-08-17 12:26:51.207373"}, "EventRecordID": "10630", "Correlation": {"@ActivityID": "{bca0720b-0010-413c-830a-9764520b09b9}", "@RelatedActivityID": ""}, "Execution": {"@ProcessID": "1468", "@ThreadID": "16044"}, "Channel": null, "Computer": "LAPTOP-JU4M3I0E", "Security": {"@UserID": ""}}, "EventData": {"Data": [{"@Name": "InterfaceUuid", "#text": "{00000134-0000-0000-c000-000000000046}"}, {"@Name": "ProcNum", "#text": "3"}, {"@Name": "Protocol", "#text": "3"}, {"@Name": "NetworkAddress", "#text": "NULL"}, {"@Name": "Endpoint", "#text": "OLE9FF44EB366DDC413A5E3AE131888"}, {"@Name": "Options", "#text": "NULL"}, {"@Name": "AuthenticationLevel", "#text": "6"}, {"@Name": "AuthenticationService", "#text": "20"}, {"@Name": "ImpersonationLevel", "#text": "2"}]}}}, {"Event": {"@xmlns": "http://schemas.microsoft.com/win/2004/08/events/event", "System": {"Provider": {"@Name": "Microsoft-Windows-RPC", "@Guid": "{6ad52b32-d609-4be9-ae07-ce8dae937e39}"}, "EventID": {"@Qualifiers": "", "#text": "6"}, "Version": "1", "Level": "4", "Task": "2", "Opcode": "1", "Keywords": "0x4000000000000000", "TimeCreated": {"@SystemTime": "2021-08-17 12:26:51.207426"}, "EventRecordID": "10639", "Correlation": {"@ActivityID": "{93d89c67-c584-48da-ba5b-7903031ab881}", "@RelatedActivityID": ""}, "Execution": {"@ProcessID": "1140", "@ThreadID": "14212"}, "Channel": null, "Computer": "LAPTOP-JU4M3I0E", "Security": {"@UserID": ""}}, "EventData": {"Data": [{"@Name": "InterfaceUuid", "#text": "{00000134-0000-0000-c000-000000000046}"}, {"@Name": "ProcNum", "#text": "3"}, {"@Name": "Protocol", "#text": "3"}, {"@Name": "NetworkAddress", "#text": "NULL"}, {"@Name": "Endpoint", "#text": "OLE9FF44EB366DDC413A5E3AE131888"}, {"@Name": "Options", "#text": "NULL"}, {"@Name": "AuthenticationLevel", "#text": "6"}, {"@Name": "AuthenticationService", "#text": "20"}, {"@Name": "ImpersonationLevel", "#text": "0"}]}}}, {"Event": {"@xmlns": "http://schemas.microsoft.com/win/2004/08/events/event", "System": {"Provider": {"@Name": "Microsoft-Windows-RPC", "@Guid": "{6ad52b32-d609-4be9-ae07-ce8dae937e39}"}, "EventID": {"@Qualifiers": "", "#text": "5"}, "Version": "1", "Level": "4", "Task": "1", "Opcode": "1", "Keywords": "0x4000000000000000", "TimeCreated": {"@SystemTime": "2021-08-17 12:26:51.207550"}, "EventRecordID": "10652", "Correlation": {"@ActivityID": "{85b73ba9-5310-4ce0-addf-c7825607d64d}", "@RelatedActivityID": ""}, "Execution": {"@ProcessID": "1468", "@ThreadID": "16044"}, "Channel": null, "Computer": "LAPTOP-JU4M3I0E", "Security": {"@UserID": ""}}, "EventData": {"Data": [{"@Name": "InterfaceUuid", "#text": "{00000134-0000-0000-c000-000000000046}"}, {"@Name": "ProcNum", "#text": "5"}, {"@Name": "Protocol", "#text": "3"}, {"@Name": "NetworkAddress", "#text": "NULL"}, {"@Name": "Endpoint", "#text": "OLE9FF44EB366DDC413A5E3AE131888"}, {"@Name": "Options", "#text": "NULL"}, {"@Name": "AuthenticationLevel", "#text": "6"}, {"@Name": "AuthenticationService", "#text": "20"}, {"@Name": "ImpersonationLevel", "#text": "2"}]}}}, {"Event": {"@xmlns": "http://schemas.microsoft.com/win/2004/08/events/event", "System": {"Provider": {"@Name": "Microsoft-Windows-RPC", "@Guid": "{6ad52b32-d609-4be9-ae07-ce8dae937e39}"}, "EventID": {"@Qualifiers": "", "#text": "6"}, "Version": "1", "Level": "4", "Task": "2", "Opcode": "1", "Keywords": "0x4000000000000000", "TimeCreated": {"@SystemTime": "2021-08-17 12:26:51.207594"}, "EventRecordID": "10660", "Correlation": {"@ActivityID": "{3f9d3774-73fc-4f01-a225-7137c13aec4d}", "@RelatedActivityID": ""}, "Execution": {"@ProcessID": "1140", "@ThreadID": "14212"}, "Channel": null, "Computer": "LAPTOP-JU4M3I0E", "Security": {"@UserID": ""}}, "EventData": {"Data": [{"@Name": "InterfaceUuid", "#text": "{00000134-0000-0000-c000-000000000046}"}, {"@Name": "ProcNum", "#text": "5"}, {"@Name": "Protocol", "#text": "3"}, {"@Name": "NetworkAddress", "#text": "NULL"}, {"@Name": "Endpoint", "#text": "OLE9FF44EB366DDC413A5E3AE131888"}, {"@Name": "Options", "#text": "NULL"}, {"@Name": "AuthenticationLevel", "#text": "6"}, {"@Name": "AuthenticationService", "#text": "20"}, {"@Name": "ImpersonationLevel", "#text": "0"}]}}}, {"Event": {"@xmlns": "http://schemas.microsoft.com/win/2004/08/events/event", "System": {"Provider": {"@Name": "Microsoft-Windows-RPC", "@Guid": "{6ad52b32-d609-4be9-ae07-ce8dae937e39}"}, "EventID": {"@Qualifiers": "", "#text": "5"}, "Version": "1", "Level": "4", "Task": "1", "Opcode": "1", "Keywords": "0x4000000000000000", "TimeCreated": {"@SystemTime": "2021-08-17 12:26:51.207832"}, "EventRecordID": "10693", "Correlation": {"@ActivityID": "{3370ca13-044a-414f-bd7b-8ae50befab99}", "@RelatedActivityID": ""}, "Execution": {"@ProcessID": "5304", "@ThreadID": "6756"}, "Channel": null, "Computer": "LAPTOP-JU4M3I0E", "Security": {"@UserID": ""}}, "EventData": {"Data": [{"@Name": "InterfaceUuid", "#text": "{88143fd0-c28d-4b2b-8fef-8d882f6a9390}"}, {"@Name": "ProcNum", "#text": "0"}, {"@Name": "Protocol", "#text": "3"}, {"@Name": "NetworkAddress", "#text": "NULL"}, {"@Name": "Endpoint", "#text": "LSMApi"}, {"@Name": "Options", "#text": "NULL"}, {"@Name": "AuthenticationLevel", "#text": "6"}, {"@Name": "AuthenticationService", "#text": "20"}, {"@Name": "ImpersonationLevel", "#text": "3"}]}}}, {"Event": {"@xmlns": "http://schemas.microsoft.com/win/2004/08/events/event", "System": {"Provider": {"@Name": "Microsoft-Windows-RPC", "@Guid": "{6ad52b32-d609-4be9-ae07-ce8dae937e39}"}, "EventID": {"@Qualifiers": "", "#text": "6"}, "Version": "1", "Level": "4", "Task": "2", "Opcode": "1", "Keywords": "0x4000000000000000", "TimeCreated": {"@SystemTime": "2021-08-17 12:26:51.207901"}, "EventRecordID": "10714", "Correlation": {"@ActivityID": "{5d87e0f3-db2e-49c3-b008-95e1b77fc49e}", "@RelatedActivityID": ""}, "Execution": {"@ProcessID": "1140", "@ThreadID": "14212"}, "Channel": null, "Computer": "LAPTOP-JU4M3I0E", "Security": {"@UserID": ""}}, "EventData": {"Data": [{"@Name": "InterfaceUuid", "#text": "{88143fd0-c28d-4b2b-8fef-8d882f6a9390}"}, {"@Name": "ProcNum", "#text": "0"}, {"@Name": "Protocol", "#text": "3"}, {"@Name": "NetworkAddress", "#text": "NULL"}, {"@Name": "Endpoint", "#text": "LSMApi"}, {"@Name": "Options", "#text": "NULL"}, {"@Name": "AuthenticationLevel", "#text": "6"}, {"@Name": "AuthenticationService", "#text": "20"}, {"@Name": "ImpersonationLevel", "#text": "0"}]}}}, {"Event": {"@xmlns": "http://schemas.microsoft.com/win/2004/08/events/event", "System": {"Provider": {"@Name": "Microsoft-Windows-RPC", "@Guid": "{6ad52b32-d609-4be9-ae07-ce8dae937e39}"}, "EventID": {"@Qualifiers": "", "#text": "5"}, "Version": "1", "Level": "4", "Task": "1", "Opcode": "1", "Keywords": "0x4000000000000000", "TimeCreated": {"@SystemTime": "2021-08-17 12:26:51.208031"}, "EventRecordID": "10731", "Correlation": {"@ActivityID": "{e84076bd-6a64-4468-a80c-a8dbcf452a2b}", "@RelatedActivityID": ""}, "Execution": {"@ProcessID": "5304", "@ThreadID": "6756"}, "Channel": null, "Computer": "LAPTOP-JU4M3I0E", "Security": {"@UserID": ""}}, "EventData": {"Data": [{"@Name": "InterfaceUuid", "#text": "{88143fd0-c28d-4b2b-8fef-8d882f6a9390}"}, {"@Name": "ProcNum", "#text": "5"}, {"@Name": "Protocol", "#text": "3"}, {"@Name": "NetworkAddress", "#text": "NULL"}, {"@Name": "Endpoint", "#text": "LSMApi"}, {"@Name": "Options", "#text": "NULL"}, {"@Name": "AuthenticationLevel", "#text": "6"}, {"@Name": "AuthenticationService", "#text": "20"}, {"@Name": "ImpersonationLevel", "#text": "3"}]}}}, {"Event": {"@xmlns": "http://schemas.microsoft.com/win/2004/08/events/event", "System": {"Provider": {"@Name": "Microsoft-Windows-RPC", "@Guid": "{6ad52b32-d609-4be9-ae07-ce8dae937e39}"}, "EventID": {"@Qualifiers": "", "#text": "6"}, "Version": "1", "Level": "4", "Task": "2", "Opcode": "1", "Keywords": "0x4000000000000000", "TimeCreated": {"@SystemTime": "2021-08-17 12:26:51.208071"}, "EventRecordID": "10743", "Correlation": {"@ActivityID": "{1f0473bc-2657-427b-b618-c4e60cce3cbe}", "@RelatedActivityID": ""}, "Execution": {"@ProcessID": "1140", "@ThreadID": "14212"}, "Channel": null, "Computer": "LAPTOP-JU4M3I0E", "Security": {"@UserID": ""}}, "EventData": {"Data": [{"@Name": "InterfaceUuid", "#text": "{88143fd0-c28d-4b2b-8fef-8d882f6a9390}"}, {"@Name": "ProcNum", "#text": "5"}, {"@Name": "Protocol", "#text": "3"}, {"@Name": "NetworkAddress", "#text": "NULL"}, {"@Name": "Endpoint", "#text": "LSMApi"}, {"@Name": "Options", "#text": "NULL"}, {"@Name": "AuthenticationLevel", "#text": "6"}, {"@Name": "AuthenticationService", "#text": "20"}, {"@Name": "ImpersonationLevel", "#text": "0"}]}}}, {"Event": {"@xmlns": "http://schemas.microsoft.com/win/2004/08/events/event", "System": {"Provider": {"@Name": "Microsoft-Windows-RPC", "@Guid": "{6ad52b32-d609-4be9-ae07-ce8dae937e39}"}, "EventID": {"@Qualifiers": "", "#text": "5"}, "Version": "1", "Level": "4", "Task": "1", "Opcode": "1", "Keywords": "0x4000000000000000", "TimeCreated": {"@SystemTime": "2021-08-17 12:26:51.208273"}, "EventRecordID": "10761", "Correlation": {"@ActivityID": "{2ef9bf66-88d0-41ea-8c7f-7a8ffb497bce}", "@RelatedActivityID": ""}, "Execution": {"@ProcessID": "5304", "@ThreadID": "6756"}, "Channel": null, "Computer": "LAPTOP-JU4M3I0E", "Security": {"@UserID": ""}}, "EventData": {"Data": [{"@Name": "InterfaceUuid", "#text": "{bde95fdf-eee0-45de-9e12-e5a61cd0d4fe}"}, {"@Name": "ProcNum", "#text": "8"}, {"@Name": "Protocol", "#text": "3"}, {"@Name": "NetworkAddress", "#text": "NULL"}, {"@Name": "Endpoint", "#text": "TermSrvApi"}, {"@Name": "Options", "#text": "NULL"}, {"@Name": "AuthenticationLevel", "#text": "6"}, {"@Name": "AuthenticationService", "#text": "20"}, {"@Name": "ImpersonationLevel", "#text": "3"}]}}}, {"Event": {"@xmlns": "http://schemas.microsoft.com/win/2004/08/events/event", "System": {"Provider": {"@Name": "Microsoft-Windows-RPC", "@Guid": "{6ad52b32-d609-4be9-ae07-ce8dae937e39}"}, "EventID": {"@Qualifiers": "", "#text": "6"}, "Version": "1", "Level": "4", "Task": "2", "Opcode": "1", "Keywords": "0x4000000000000000", "TimeCreated": {"@SystemTime": "2021-08-17 12:26:51.208334"}, "EventRecordID": "10781", "Correlation": {"@ActivityID": "{0a7eb614-3291-46c8-9f6f-447f6aa5ce25}", "@RelatedActivityID": ""}, "Execution": {"@ProcessID": "1468", "@ThreadID": "16044"}, "Channel": null, "Computer": "LAPTOP-JU4M3I0E", "Security": {"@UserID": ""}}, "EventData": {"Data": [{"@Name": "InterfaceUuid", "#text": "{bde95fdf-eee0-45de-9e12-e5a61cd0d4fe}"}, {"@Name": "ProcNum", "#text": "8"}, {"@Name": "Protocol", "#text": "3"}, {"@Name": "NetworkAddress", "#text": "NULL"}, {"@Name": "Endpoint", "#text": "TermSrvApi"}, {"@Name": "Options", "#text": "NULL"}, {"@Name": "AuthenticationLevel", "#text": "6"}, {"@Name": "AuthenticationService", "#text": "20"}, {"@Name": "ImpersonationLevel", "#text": "0"}]}}}, {"Event": {"@xmlns": "http://schemas.microsoft.com/win/2004/08/events/event", "System": {"Provider": {"@Name": "Microsoft-Windows-RPC", "@Guid": "{6ad52b32-d609-4be9-ae07-ce8dae937e39}"}, "EventID": {"@Qualifiers": "", "#text": "5"}, "Version": "1", "Level": "4", "Task": "1", "Opcode": "1", "Keywords": "0x4000000000000000", "TimeCreated": {"@SystemTime": "2021-08-17 12:26:51.208471"}, "EventRecordID": "10800", "Correlation": {"@ActivityID": "{dd15f90c-db8d-4548-abda-237dc2912a91}", "@RelatedActivityID": ""}, "Execution": {"@ProcessID": "5304", "@ThreadID": "6756"}, "Channel": null, "Computer": "LAPTOP-JU4M3I0E", "Security": {"@UserID": ""}}, "EventData": {"Data": [{"@Name": "InterfaceUuid", "#text": "{88143fd0-c28d-4b2b-8fef-8d882f6a9390}"}, {"@Name": "ProcNum", "#text": "1"}, {"@Name": "Protocol", "#text": "3"}, {"@Name": "NetworkAddress", "#text": "NULL"}, {"@Name": "Endpoint", "#text": "LSMApi"}, {"@Name": "Options", "#text": "NULL"}, {"@Name": "AuthenticationLevel", "#text": "6"}, {"@Name": "AuthenticationService", "#text": "20"}, {"@Name": "ImpersonationLevel", "#text": "3"}]}}}, {"Event": {"@xmlns": "http://schemas.microsoft.com/win/2004/08/events/event", "System": {"Provider": {"@Name": "Microsoft-Windows-RPC", "@Guid": "{6ad52b32-d609-4be9-ae07-ce8dae937e39}"}, "EventID": {"@Qualifiers": "", "#text": "6"}, "Version": "1", "Level": "4", "Task": "2", "Opcode": "1", "Keywords": "0x4000000000000000", "TimeCreated": {"@SystemTime": "2021-08-17 12:26:51.208513"}, "EventRecordID": "10809", "Correlation": {"@ActivityID": "{d72197ea-bf8d-49ea-aefc-4dc855fd43ee}", "@RelatedActivityID": ""}, "Execution": {"@ProcessID": "1140", "@ThreadID": "14212"}, "Channel": null, "Computer": "LAPTOP-JU4M3I0E", "Security": {"@UserID": ""}}, "EventData": {"Data": [{"@Name": "InterfaceUuid", "#text": "{88143fd0-c28d-4b2b-8fef-8d882f6a9390}"}, {"@Name": "ProcNum", "#text": "1"}, {"@Name": "Protocol", "#text": "3"}, {"@Name": "NetworkAddress", "#text": "NULL"}, {"@Name": "Endpoint", "#text": "LSMApi"}, {"@Name": "Options", "#text": "NULL"}, {"@Name": "AuthenticationLevel", "#text": "6"}, {"@Name": "AuthenticationService", "#text": "20"}, {"@Name": "ImpersonationLevel", "#text": "0"}]}}}, {"Event": {"@xmlns": "http://schemas.microsoft.com/win/2004/08/events/event", "System": {"Provider": {"@Name": "Microsoft-Windows-RPC", "@Guid": "{6ad52b32-d609-4be9-ae07-ce8dae937e39}"}, "EventID": {"@Qualifiers": "", "#text": "5"}, "Version": "1", "Level": "4", "Task": "1", "Opcode": "1", "Keywords": "0x4000000000000000", "TimeCreated": {"@SystemTime": "2021-08-17 12:26:51.208698"}, "EventRecordID": "10834", "Correlation": {"@ActivityID": "{fe1348f0-1ed3-4ba0-876d-83eca2a1510a}", "@RelatedActivityID": ""}, "Execution": {"@ProcessID": "5304", "@ThreadID": "6756"}, "Channel": null, "Computer": "LAPTOP-JU4M3I0E", "Security": {"@UserID": ""}}, "EventData": {"Data": [{"@Name": "InterfaceUuid", "#text": "{484809d6-4239-471b-b5bc-61df8c23ac48}"}, {"@Name": "ProcNum", "#text": "12"}, {"@Name": "Protocol", "#text": "3"}, {"@Name": "NetworkAddress", "#text": "NULL"}, {"@Name": "Endpoint", "#text": "LSMApi"}, {"@Name": "Options", "#text": "NULL"}, {"@Name": "AuthenticationLevel", "#text": "6"}, {"@Name": "AuthenticationService", "#text": "20"}, {"@Name": "ImpersonationLevel", "#text": "3"}]}}}, {"Event": {"@xmlns": "http://schemas.microsoft.com/win/2004/08/events/event", "System": {"Provider": {"@Name": "Microsoft-Windows-RPC", "@Guid": "{6ad52b32-d609-4be9-ae07-ce8dae937e39}"}, "EventID": {"@Qualifiers": "", "#text": "6"}, "Version": "1", "Level": "4", "Task": "2", "Opcode": "1", "Keywords": "0x4000000000000000", "TimeCreated": {"@SystemTime": "2021-08-17 12:26:51.208763"}, "EventRecordID": "10855", "Correlation": {"@ActivityID": "{6c3dde02-0918-46f3-ab55-961cf91c4e0f}", "@RelatedActivityID": ""}, "Execution": {"@ProcessID": "1140", "@ThreadID": "14212"}, "Channel": null, "Computer": "LAPTOP-JU4M3I0E", "Security": {"@UserID": ""}}, "EventData": {"Data": [{"@Name": "InterfaceUuid", "#text": "{484809d6-4239-471b-b5bc-61df8c23ac48}"}, {"@Name": "ProcNum", "#text": "12"}, {"@Name": "Protocol", "#text": "3"}, {"@Name": "NetworkAddress", "#text": "NULL"}, {"@Name": "Endpoint", "#text": "LSMApi"}, {"@Name": "Options", "#text": "NULL"}, {"@Name": "AuthenticationLevel", "#text": "6"}, {"@Name": "AuthenticationService", "#text": "20"}, {"@Name": "ImpersonationLevel", "#text": "0"}]}}}, {"Event": {"@xmlns": "http://schemas.microsoft.com/win/2004/08/events/event", "System": {"Provider": {"@Name": "Microsoft-Windows-RPC", "@Guid": "{6ad52b32-d609-4be9-ae07-ce8dae937e39}"}, "EventID": {"@Qualifiers": "", "#text": "5"}, "Version": "1", "Level": "4", "Task": "1", "Opcode": "1", "Keywords": "0x4000000000000000", "TimeCreated": {"@SystemTime": "2021-08-17 12:26:51.208935"}, "EventRecordID": "10871", "Correlation": {"@ActivityID": "{f08c2805-fce5-4015-9a65-018284064f1f}", "@RelatedActivityID": ""}, "Execution": {"@ProcessID": "5304", "@ThreadID": "6756"}, "Channel": null, "Computer": "LAPTOP-JU4M3I0E", "Security": {"@UserID": ""}}, "EventData": {"Data": [{"@Name": "InterfaceUuid", "#text": "{bde95fdf-eee0-45de-9e12-e5a61cd0d4fe}"}, {"@Name": "ProcNum", "#text": "9"}, {"@Name": "Protocol", "#text": "3"}, {"@Name": "NetworkAddress", "#text": "NULL"}, {"@Name": "Endpoint", "#text": "TermSrvApi"}, {"@Name": "Options", "#text": "NULL"}, {"@Name": "AuthenticationLevel", "#text": "6"}, {"@Name": "AuthenticationService", "#text": "20"}, {"@Name": "ImpersonationLevel", "#text": "3"}]}}}, {"Event": {"@xmlns": "http://schemas.microsoft.com/win/2004/08/events/event", "System": {"Provider": {"@Name": "Microsoft-Windows-RPC", "@Guid": "{6ad52b32-d609-4be9-ae07-ce8dae937e39}"}, "EventID": {"@Qualifiers": "", "#text": "6"}, "Version": "1", "Level": "4", "Task": "2", "Opcode": "1", "Keywords": "0x4000000000000000", "TimeCreated": {"@SystemTime": "2021-08-17 12:26:51.208994"}, "EventRecordID": "10891", "Correlation": {"@ActivityID": "{ad7af7d3-c9e7-486d-b7c5-d40faaf86927}", "@RelatedActivityID": ""}, "Execution": {"@ProcessID": "1468", "@ThreadID": "16044"}, "Channel": null, "Computer": "LAPTOP-JU4M3I0E", "Security": {"@UserID": ""}}, "EventData": {"Data": [{"@Name": "InterfaceUuid", "#text": "{bde95fdf-eee0-45de-9e12-e5a61cd0d4fe}"}, {"@Name": "ProcNum", "#text": "9"}, {"@Name": "Protocol", "#text": "3"}, {"@Name": "NetworkAddress", "#text": "NULL"}, {"@Name": "Endpoint", "#text": "TermSrvApi"}, {"@Name": "Options", "#text": "NULL"}, {"@Name": "AuthenticationLevel", "#text": "6"}, {"@Name": "AuthenticationService", "#text": "20"}, {"@Name": "ImpersonationLevel", "#text": "0"}]}}}, {"Event": {"@xmlns": "http://schemas.microsoft.com/win/2004/08/events/event", "System": {"Provider": {"@Name": "Microsoft-Windows-RPC", "@Guid": "{6ad52b32-d609-4be9-ae07-ce8dae937e39}"}, "EventID": {"@Qualifiers": "", "#text": "5"}, "Version": "1", "Level": "4", "Task": "1", "Opcode": "1", "Keywords": "0x4000000000000000", "TimeCreated": {"@SystemTime": "2021-08-17 12:26:51.209024"}, "EventRecordID": "10894", "Correlation": {"@ActivityID": "{74321e22-4c06-4488-b68f-e21c08abb4f5}", "@RelatedActivityID": ""}, "Execution": {"@ProcessID": "1468", "@ThreadID": "16044"}, "Channel": null, "Computer": "LAPTOP-JU4M3I0E", "Security": {"@UserID": ""}}, "EventData": {"Data": [{"@Name": "InterfaceUuid", "#text": "{959c5a99-177c-478e-8c3b-77e07e9bf3aa}"}, {"@Name": "ProcNum", "#text": "3"}, {"@Name": "Protocol", "#text": "3"}, {"@Name": "NetworkAddress", "#text": "NULL"}, {"@Name": "Endpoint", "#text": "OLE9FF44EB366DDC413A5E3AE131888"}, {"@Name": "Options", "#text": "NULL"}, {"@Name": "AuthenticationLevel", "#text": "6"}, {"@Name": "AuthenticationService", "#text": "20"}, {"@Name": "ImpersonationLevel", "#text": "2"}]}}}, {"Event": {"@xmlns": "http://schemas.microsoft.com/win/2004/08/events/event", "System": {"Provider": {"@Name": "Microsoft-Windows-RPC", "@Guid": "{6ad52b32-d609-4be9-ae07-ce8dae937e39}"}, "EventID": {"@Qualifiers": "", "#text": "6"}, "Version": "1", "Level": "4", "Task": "2", "Opcode": "1", "Keywords": "0x4000000000000000", "TimeCreated": {"@SystemTime": "2021-08-17 12:26:51.209080"}, "EventRecordID": "10903", "Correlation": {"@ActivityID": "{bf559125-6ca6-4c35-9a78-1113f47a4b24}", "@RelatedActivityID": ""}, "Execution": {"@ProcessID": "1140", "@ThreadID": "14212"}, "Channel": null, "Computer": "LAPTOP-JU4M3I0E", "Security": {"@UserID": ""}}, "EventData": {"Data": [{"@Name": "InterfaceUuid", "#text": "{959c5a99-177c-478e-8c3b-77e07e9bf3aa}"}, {"@Name": "ProcNum", "#text": "3"}, {"@Name": "Protocol", "#text": "3"}, {"@Name": "NetworkAddress", "#text": "NULL"}, {"@Name": "Endpoint", "#text": "OLE9FF44EB366DDC413A5E3AE131888"}, {"@Name": "Options", "#text": "NULL"}, {"@Name": "AuthenticationLevel", "#text": "6"}, {"@Name": "AuthenticationService", "#text": "20"}, {"@Name": "ImpersonationLevel", "#text": "0"}]}}}, {"Event": {"@xmlns": "http://schemas.microsoft.com/win/2004/08/events/event", "System": {"Provider": {"@Name": "Microsoft-Windows-RPC", "@Guid": "{6ad52b32-d609-4be9-ae07-ce8dae937e39}"}, "EventID": {"@Qualifiers": "", "#text": "5"}, "Version": "1", "Level": "4", "Task": "1", "Opcode": "1", "Keywords": "0x4000000000000000", "TimeCreated": {"@SystemTime": "2021-08-17 12:26:51.209253"}, "EventRecordID": "10916", "Correlation": {"@ActivityID": "{1d9e6a62-e794-4be0-a765-4020a6f8e310}", "@RelatedActivityID": ""}, "Execution": {"@ProcessID": "1468", "@ThreadID": "16044"}, "Channel": null, "Computer": "LAPTOP-JU4M3I0E", "Security": {"@UserID": ""}}, "EventData": {"Data": [{"@Name": "InterfaceUuid", "#text": "{a1b7de7a-4e77-43db-ae78-96fc182fed4a}"}, {"@Name": "ProcNum", "#text": "19"}, {"@Name": "Protocol", "#text": "3"}, {"@Name": "NetworkAddress", "#text": "NULL"}, {"@Name": "Endpoint", "#text": "OLE9FF44EB366DDC413A5E3AE131888"}, {"@Name": "Options", "#text": "NULL"}, {"@Name": "AuthenticationLevel", "#text": "6"}, {"@Name": "AuthenticationService", "#text": "20"}, {"@Name": "ImpersonationLevel", "#text": "2"}]}}}, {"Event": {"@xmlns": "http://schemas.microsoft.com/win/2004/08/events/event", "System": {"Provider": {"@Name": "Microsoft-Windows-RPC", "@Guid": "{6ad52b32-d609-4be9-ae07-ce8dae937e39}"}, "EventID": {"@Qualifiers": "", "#text": "6"}, "Version": "1", "Level": "4", "Task": "2", "Opcode": "1", "Keywords": "0x4000000000000000", "TimeCreated": {"@SystemTime": "2021-08-17 12:26:51.209330"}, "EventRecordID": "10925", "Correlation": {"@ActivityID": "{a279016a-7057-4ecd-90a1-bac92b2fb78f}", "@RelatedActivityID": ""}, "Execution": {"@ProcessID": "1140", "@ThreadID": "14212"}, "Channel": null, "Computer": "LAPTOP-JU4M3I0E", "Security": {"@UserID": ""}}, "EventData": {"Data": [{"@Name": "InterfaceUuid", "#text": "{a1b7de7a-4e77-43db-ae78-96fc182fed4a}"}, {"@Name": "ProcNum", "#text": "19"}, {"@Name": "Protocol", "#text": "3"}, {"@Name": "NetworkAddress", "#text": "NULL"}, {"@Name": "Endpoint", "#text": "OLE9FF44EB366DDC413A5E3AE131888"}, {"@Name": "Options", "#text": "NULL"}, {"@Name": "AuthenticationLevel", "#text": "6"}, {"@Name": "AuthenticationService", "#text": "20"}, {"@Name": "ImpersonationLevel", "#text": "0"}]}}}, {"Event": {"@xmlns": "http://schemas.microsoft.com/win/2004/08/events/event", "System": {"Provider": {"@Name": "Microsoft-Windows-RPC", "@Guid": "{6ad52b32-d609-4be9-ae07-ce8dae937e39}"}, "EventID": {"@Qualifiers": "", "#text": "5"}, "Version": "1", "Level": "4", "Task": "1", "Opcode": "1", "Keywords": "0x4000000000000000", "TimeCreated": {"@SystemTime": "2021-08-17 12:26:51.209391"}, "EventRecordID": "10928", "Correlation": {"@ActivityID": "{4b0da509-1b81-43cd-8d8e-342be262f7c6}", "@RelatedActivityID": ""}, "Execution": {"@ProcessID": "1140", "@ThreadID": "14212"}, "Channel": null, "Computer": "LAPTOP-JU4M3I0E", "Security": {"@UserID": ""}}, "EventData": {"Data": [{"@Name": "InterfaceUuid", "#text": "{4d10b48b-c531-4731-9bde-b03c28e9c61c}"}, {"@Name": "ProcNum", "#text": "11"}, {"@Name": "Protocol", "#text": "3"}, {"@Name": "NetworkAddress", "#text": "NULL"}, {"@Name": "Endpoint", "#text": "OLE6DAE6D441C6DB15C9F7165B5F42F"}, {"@Name": "Options", "#text": "NULL"}, {"@Name": "AuthenticationLevel", "#text": "6"}, {"@Name": "AuthenticationService", "#text": "20"}, {"@Name": "ImpersonationLevel", "#text": "2"}]}}}, {"Event": {"@xmlns": "http://schemas.microsoft.com/win/2004/08/events/event", "System": {"Provider": {"@Name": "Microsoft-Windows-RPC", "@Guid": "{6ad52b32-d609-4be9-ae07-ce8dae937e39}"}, "EventID": {"@Qualifiers": "", "#text": "6"}, "Version": "1", "Level": "4", "Task": "2", "Opcode": "1", "Keywords": "0x4000000000000000", "TimeCreated": {"@SystemTime": "2021-08-17 12:26:51.209440"}, "EventRecordID": "10937", "Correlation": {"@ActivityID": "{bdd63d27-3621-4289-85a9-4ef59ba42c87}", "@RelatedActivityID": ""}, "Execution": {"@ProcessID": "1468", "@ThreadID": "24268"}, "Channel": null, "Computer": "LAPTOP-JU4M3I0E", "Security": {"@UserID": ""}}, "EventData": {"Data": [{"@Name": "InterfaceUuid", "#text": "{4d10b48b-c531-4731-9bde-b03c28e9c61c}"}, {"@Name": "ProcNum", "#text": "11"}, {"@Name": "Protocol", "#text": "3"}, {"@Name": "NetworkAddress", "#text": "NULL"}, {"@Name": "Endpoint", "#text": "OLE6DAE6D441C6DB15C9F7165B5F42F"}, {"@Name": "Options", "#text": "NULL"}, {"@Name": "AuthenticationLevel", "#text": "6"}, {"@Name": "AuthenticationService", "#text": "20"}, {"@Name": "ImpersonationLevel", "#text": "0"}]}}}, {"Event": {"@xmlns": "http://schemas.microsoft.com/win/2004/08/events/event", "System": {"Provider": {"@Name": "Microsoft-Windows-RPC", "@Guid": "{6ad52b32-d609-4be9-ae07-ce8dae937e39}"}, "EventID": {"@Qualifiers": "", "#text": "5"}, "Version": "1", "Level": "4", "Task": "1", "Opcode": "1", "Keywords": "0x4000000000000000", "TimeCreated": {"@SystemTime": "2021-08-17 12:26:51.209646"}, "EventRecordID": "10950", "Correlation": {"@ActivityID": "{e3abb732-05dd-4268-9503-88ec335d742d}", "@RelatedActivityID": ""}, "Execution": {"@ProcessID": "1140", "@ThreadID": "14212"}, "Channel": null, "Computer": "LAPTOP-JU4M3I0E", "Security": {"@UserID": ""}}, "EventData": {"Data": [{"@Name": "InterfaceUuid", "#text": "{00000134-0000-0000-c000-000000000046}"}, {"@Name": "ProcNum", "#text": "5"}, {"@Name": "Protocol", "#text": "3"}, {"@Name": "NetworkAddress", "#text": "NULL"}, {"@Name": "Endpoint", "#text": "OLE6DAE6D441C6DB15C9F7165B5F42F"}, {"@Name": "Options", "#text": "NULL"}, {"@Name": "AuthenticationLevel", "#text": "6"}, {"@Name": "AuthenticationService", "#text": "20"}, {"@Name": "ImpersonationLevel", "#text": "2"}]}}}, {"Event": {"@xmlns": "http://schemas.microsoft.com/win/2004/08/events/event", "System": {"Provider": {"@Name": "Microsoft-Windows-RPC", "@Guid": "{6ad52b32-d609-4be9-ae07-ce8dae937e39}"}, "EventID": {"@Qualifiers": "", "#text": "6"}, "Version": "1", "Level": "4", "Task": "2", "Opcode": "1", "Keywords": "0x4000000000000000", "TimeCreated": {"@SystemTime": "2021-08-17 12:26:51.209698"}, "EventRecordID": "10959", "Correlation": {"@ActivityID": "{8f94360a-794f-405d-8f2a-09ee8fb5e35b}", "@RelatedActivityID": ""}, "Execution": {"@ProcessID": "1468", "@ThreadID": "24268"}, "Channel": null, "Computer": "LAPTOP-JU4M3I0E", "Security": {"@UserID": ""}}, "EventData": {"Data": [{"@Name": "InterfaceUuid", "#text": "{00000134-0000-0000-c000-000000000046}"}, {"@Name": "ProcNum", "#text": "5"}, {"@Name": "Protocol", "#text": "3"}, {"@Name": "NetworkAddress", "#text": "NULL"}, {"@Name": "Endpoint", "#text": "OLE6DAE6D441C6DB15C9F7165B5F42F"}, {"@Name": "Options", "#text": "NULL"}, {"@Name": "AuthenticationLevel", "#text": "6"}, {"@Name": "AuthenticationService", "#text": "20"}, {"@Name": "ImpersonationLevel", "#text": "0"}]}}}, {"Event": {"@xmlns": "http://schemas.microsoft.com/win/2004/08/events/event", "System": {"Provider": {"@Name": "Microsoft-Windows-RPC", "@Guid": "{6ad52b32-d609-4be9-ae07-ce8dae937e39}"}, "EventID": {"@Qualifiers": "", "#text": "5"}, "Version": "1", "Level": "4", "Task": "1", "Opcode": "1", "Keywords": "0x4000000000000000", "TimeCreated": {"@SystemTime": "2021-08-17 12:26:51.209856"}, "EventRecordID": "10982", "Correlation": {"@ActivityID": "{cdbf1543-7263-4ef7-9f23-0215429c64b9}", "@RelatedActivityID": ""}, "Execution": {"@ProcessID": "1468", "@ThreadID": "16044"}, "Channel": null, "Computer": "LAPTOP-JU4M3I0E", "Security": {"@UserID": ""}}, "EventData": {"Data": [{"@Name": "InterfaceUuid", "#text": "{a1b7de7a-4e77-43db-ae78-96fc182fed4a}"}, {"@Name": "ProcNum", "#text": "14"}, {"@Name": "Protocol", "#text": "3"}, {"@Name": "NetworkAddress", "#text": "NULL"}, {"@Name": "Endpoint", "#text": "OLE9FF44EB366DDC413A5E3AE131888"}, {"@Name": "Options", "#text": "NULL"}, {"@Name": "AuthenticationLevel", "#text": "6"}, {"@Name": "AuthenticationService", "#text": "20"}, {"@Name": "ImpersonationLevel", "#text": "2"}]}}}, {"Event": {"@xmlns": "http://schemas.microsoft.com/win/2004/08/events/event", "System": {"Provider": {"@Name": "Microsoft-Windows-RPC", "@Guid": "{6ad52b32-d609-4be9-ae07-ce8dae937e39}"}, "EventID": {"@Qualifiers": "", "#text": "6"}, "Version": "1", "Level": "4", "Task": "2", "Opcode": "1", "Keywords": "0x4000000000000000", "TimeCreated": {"@SystemTime": "2021-08-17 12:26:51.209902"}, "EventRecordID": "10990", "Correlation": {"@ActivityID": "{4f6ce06e-8990-4b74-90fa-8d97b05c16bd}", "@RelatedActivityID": ""}, "Execution": {"@ProcessID": "1140", "@ThreadID": "14212"}, "Channel": null, "Computer": "LAPTOP-JU4M3I0E", "Security": {"@UserID": ""}}, "EventData": {"Data": [{"@Name": "InterfaceUuid", "#text": "{a1b7de7a-4e77-43db-ae78-96fc182fed4a}"}, {"@Name": "ProcNum", "#text": "14"}, {"@Name": "Protocol", "#text": "3"}, {"@Name": "NetworkAddress", "#text": "NULL"}, {"@Name": "Endpoint", "#text": "OLE9FF44EB366DDC413A5E3AE131888"}, {"@Name": "Options", "#text": "NULL"}, {"@Name": "AuthenticationLevel", "#text": "6"}, {"@Name": "AuthenticationService", "#text": "20"}, {"@Name": "ImpersonationLevel", "#text": "0"}]}}}, {"Event": {"@xmlns": "http://schemas.microsoft.com/win/2004/08/events/event", "System": {"Provider": {"@Name": "Microsoft-Windows-RPC", "@Guid": "{6ad52b32-d609-4be9-ae07-ce8dae937e39}"}, "EventID": {"@Qualifiers": "", "#text": "5"}, "Version": "1", "Level": "4", "Task": "1", "Opcode": "1", "Keywords": "0x4000000000000000", "TimeCreated": {"@SystemTime": "2021-08-17 12:26:51.210072"}, "EventRecordID": "11003", "Correlation": {"@ActivityID": "{91dca3a5-695d-4aab-bbed-55bc333feb8f}", "@RelatedActivityID": ""}, "Execution": {"@ProcessID": "1468", "@ThreadID": "16044"}, "Channel": null, "Computer": "LAPTOP-JU4M3I0E", "Security": {"@UserID": ""}}, "EventData": {"Data": [{"@Name": "InterfaceUuid", "#text": "{00000134-0000-0000-c000-000000000046}"}, {"@Name": "ProcNum", "#text": "3"}, {"@Name": "Protocol", "#text": "3"}, {"@Name": "NetworkAddress", "#text": "NULL"}, {"@Name": "Endpoint", "#text": "OLE9FF44EB366DDC413A5E3AE131888"}, {"@Name": "Options", "#text": "NULL"}, {"@Name": "AuthenticationLevel", "#text": "6"}, {"@Name": "AuthenticationService", "#text": "20"}, {"@Name": "ImpersonationLevel", "#text": "2"}]}}}, {"Event": {"@xmlns": "http://schemas.microsoft.com/win/2004/08/events/event", "System": {"Provider": {"@Name": "Microsoft-Windows-RPC", "@Guid": "{6ad52b32-d609-4be9-ae07-ce8dae937e39}"}, "EventID": {"@Qualifiers": "", "#text": "6"}, "Version": "1", "Level": "4", "Task": "2", "Opcode": "1", "Keywords": "0x4000000000000000", "TimeCreated": {"@SystemTime": "2021-08-17 12:26:51.210127"}, "EventRecordID": "11012", "Correlation": {"@ActivityID": "{17201c3f-6508-4ea0-b8cc-6b5600bb425f}", "@RelatedActivityID": ""}, "Execution": {"@ProcessID": "1140", "@ThreadID": "14212"}, "Channel": null, "Computer": "LAPTOP-JU4M3I0E", "Security": {"@UserID": ""}}, "EventData": {"Data": [{"@Name": "InterfaceUuid", "#text": "{00000134-0000-0000-c000-000000000046}"}, {"@Name": "ProcNum", "#text": "3"}, {"@Name": "Protocol", "#text": "3"}, {"@Name": "NetworkAddress", "#text": "NULL"}, {"@Name": "Endpoint", "#text": "OLE9FF44EB366DDC413A5E3AE131888"}, {"@Name": "Options", "#text": "NULL"}, {"@Name": "AuthenticationLevel", "#text": "6"}, {"@Name": "AuthenticationService", "#text": "20"}, {"@Name": "ImpersonationLevel", "#text": "0"}]}}}, {"Event": {"@xmlns": "http://schemas.microsoft.com/win/2004/08/events/event", "System": {"Provider": {"@Name": "Microsoft-Windows-RPC", "@Guid": "{6ad52b32-d609-4be9-ae07-ce8dae937e39}"}, "EventID": {"@Qualifiers": "", "#text": "5"}, "Version": "1", "Level": "4", "Task": "1", "Opcode": "1", "Keywords": "0x4000000000000000", "TimeCreated": {"@SystemTime": "2021-08-17 12:26:51.210249"}, "EventRecordID": "11025", "Correlation": {"@ActivityID": "{efb72fec-2192-41a9-bb08-3964033ebdec}", "@RelatedActivityID": ""}, "Execution": {"@ProcessID": "1468", "@ThreadID": "16044"}, "Channel": null, "Computer": "LAPTOP-JU4M3I0E", "Security": {"@UserID": ""}}, "EventData": {"Data": [{"@Name": "InterfaceUuid", "#text": "{00000134-0000-0000-c000-000000000046}"}, {"@Name": "ProcNum", "#text": "5"}, {"@Name": "Protocol", "#text": "3"}, {"@Name": "NetworkAddress", "#text": "NULL"}, {"@Name": "Endpoint", "#text": "OLE9FF44EB366DDC413A5E3AE131888"}, {"@Name": "Options", "#text": "NULL"}, {"@Name": "AuthenticationLevel", "#text": "6"}, {"@Name": "AuthenticationService", "#text": "20"}, {"@Name": "ImpersonationLevel", "#text": "2"}]}}}, {"Event": {"@xmlns": "http://schemas.microsoft.com/win/2004/08/events/event", "System": {"Provider": {"@Name": "Microsoft-Windows-RPC", "@Guid": "{6ad52b32-d609-4be9-ae07-ce8dae937e39}"}, "EventID": {"@Qualifiers": "", "#text": "6"}, "Version": "1", "Level": "4", "Task": "2", "Opcode": "1", "Keywords": "0x4000000000000000", "TimeCreated": {"@SystemTime": "2021-08-17 12:26:51.210297"}, "EventRecordID": "11033", "Correlation": {"@ActivityID": "{bf30f871-2640-470a-9774-fb26d46c23b9}", "@RelatedActivityID": ""}, "Execution": {"@ProcessID": "1140", "@ThreadID": "14212"}, "Channel": null, "Computer": "LAPTOP-JU4M3I0E", "Security": {"@UserID": ""}}, "EventData": {"Data": [{"@Name": "InterfaceUuid", "#text": "{00000134-0000-0000-c000-000000000046}"}, {"@Name": "ProcNum", "#text": "5"}, {"@Name": "Protocol", "#text": "3"}, {"@Name": "NetworkAddress", "#text": "NULL"}, {"@Name": "Endpoint", "#text": "OLE9FF44EB366DDC413A5E3AE131888"}, {"@Name": "Options", "#text": "NULL"}, {"@Name": "AuthenticationLevel", "#text": "6"}, {"@Name": "AuthenticationService", "#text": "20"}, {"@Name": "ImpersonationLevel", "#text": "0"}]}}}, {"Event": {"@xmlns": "http://schemas.microsoft.com/win/2004/08/events/event", "System": {"Provider": {"@Name": "Microsoft-Windows-RPC", "@Guid": "{6ad52b32-d609-4be9-ae07-ce8dae937e39}"}, "EventID": {"@Qualifiers": "", "#text": "5"}, "Version": "1", "Level": "4", "Task": "1", "Opcode": "1", "Keywords": "0x4000000000000000", "TimeCreated": {"@SystemTime": "2021-08-17 12:26:51.214993"}, "EventRecordID": "11066", "Correlation": {"@ActivityID": "{de670401-283a-46de-ae82-b7066fa65536}", "@RelatedActivityID": ""}, "Execution": {"@ProcessID": "5304", "@ThreadID": "6756"}, "Channel": null, "Computer": "LAPTOP-JU4M3I0E", "Security": {"@UserID": ""}}, "EventData": {"Data": [{"@Name": "InterfaceUuid", "#text": "{88143fd0-c28d-4b2b-8fef-8d882f6a9390}"}, {"@Name": "ProcNum", "#text": "0"}, {"@Name": "Protocol", "#text": "3"}, {"@Name": "NetworkAddress", "#text": "NULL"}, {"@Name": "Endpoint", "#text": "LSMApi"}, {"@Name": "Options", "#text": "NULL"}, {"@Name": "AuthenticationLevel", "#text": "6"}, {"@Name": "AuthenticationService", "#text": "20"}, {"@Name": "ImpersonationLevel", "#text": "3"}]}}}, {"Event": {"@xmlns": "http://schemas.microsoft.com/win/2004/08/events/event", "System": {"Provider": {"@Name": "Microsoft-Windows-RPC", "@Guid": "{6ad52b32-d609-4be9-ae07-ce8dae937e39}"}, "EventID": {"@Qualifiers": "", "#text": "6"}, "Version": "1", "Level": "4", "Task": "2", "Opcode": "1", "Keywords": "0x4000000000000000", "TimeCreated": {"@SystemTime": "2021-08-17 12:26:51.215065"}, "EventRecordID": "11087", "Correlation": {"@ActivityID": "{507ec6bc-6ce8-4fa5-9ec8-231e6b2ac0cf}", "@RelatedActivityID": ""}, "Execution": {"@ProcessID": "1140", "@ThreadID": "14212"}, "Channel": null, "Computer": "LAPTOP-JU4M3I0E", "Security": {"@UserID": ""}}, "EventData": {"Data": [{"@Name": "InterfaceUuid", "#text": "{88143fd0-c28d-4b2b-8fef-8d882f6a9390}"}, {"@Name": "ProcNum", "#text": "0"}, {"@Name": "Protocol", "#text": "3"}, {"@Name": "NetworkAddress", "#text": "NULL"}, {"@Name": "Endpoint", "#text": "LSMApi"}, {"@Name": "Options", "#text": "NULL"}, {"@Name": "AuthenticationLevel", "#text": "6"}, {"@Name": "AuthenticationService", "#text": "20"}, {"@Name": "ImpersonationLevel", "#text": "0"}]}}}, {"Event": {"@xmlns": "http://schemas.microsoft.com/win/2004/08/events/event", "System": {"Provider": {"@Name": "Microsoft-Windows-RPC", "@Guid": "{6ad52b32-d609-4be9-ae07-ce8dae937e39}"}, "EventID": {"@Qualifiers": "", "#text": "5"}, "Version": "1", "Level": "4", "Task": "1", "Opcode": "1", "Keywords": "0x4000000000000000", "TimeCreated": {"@SystemTime": "2021-08-17 12:26:51.215193"}, "EventRecordID": "11104", "Correlation": {"@ActivityID": "{cc701d19-302b-46ec-9b23-b4afe6b0c2c4}", "@RelatedActivityID": ""}, "Execution": {"@ProcessID": "5304", "@ThreadID": "6756"}, "Channel": null, "Computer": "LAPTOP-JU4M3I0E", "Security": {"@UserID": ""}}, "EventData": {"Data": [{"@Name": "InterfaceUuid", "#text": "{88143fd0-c28d-4b2b-8fef-8d882f6a9390}"}, {"@Name": "ProcNum", "#text": "5"}, {"@Name": "Protocol", "#text": "3"}, {"@Name": "NetworkAddress", "#text": "NULL"}, {"@Name": "Endpoint", "#text": "LSMApi"}, {"@Name": "Options", "#text": "NULL"}, {"@Name": "AuthenticationLevel", "#text": "6"}, {"@Name": "AuthenticationService", "#text": "20"}, {"@Name": "ImpersonationLevel", "#text": "3"}]}}}, {"Event": {"@xmlns": "http://schemas.microsoft.com/win/2004/08/events/event", "System": {"Provider": {"@Name": "Microsoft-Windows-RPC", "@Guid": "{6ad52b32-d609-4be9-ae07-ce8dae937e39}"}, "EventID": {"@Qualifiers": "", "#text": "6"}, "Version": "1", "Level": "4", "Task": "2", "Opcode": "1", "Keywords": "0x4000000000000000", "TimeCreated": {"@SystemTime": "2021-08-17 12:26:51.215239"}, "EventRecordID": "11116", "Correlation": {"@ActivityID": "{e29c6e51-2b83-4e25-be8b-890637c2f4d0}", "@RelatedActivityID": ""}, "Execution": {"@ProcessID": "1140", "@ThreadID": "14212"}, "Channel": null, "Computer": "LAPTOP-JU4M3I0E", "Security": {"@UserID": ""}}, "EventData": {"Data": [{"@Name": "InterfaceUuid", "#text": "{88143fd0-c28d-4b2b-8fef-8d882f6a9390}"}, {"@Name": "ProcNum", "#text": "5"}, {"@Name": "Protocol", "#text": "3"}, {"@Name": "NetworkAddress", "#text": "NULL"}, {"@Name": "Endpoint", "#text": "LSMApi"}, {"@Name": "Options", "#text": "NULL"}, {"@Name": "AuthenticationLevel", "#text": "6"}, {"@Name": "AuthenticationService", "#text": "20"}, {"@Name": "ImpersonationLevel", "#text": "0"}]}}}, {"Event": {"@xmlns": "http://schemas.microsoft.com/win/2004/08/events/event", "System": {"Provider": {"@Name": "Microsoft-Windows-RPC", "@Guid": "{6ad52b32-d609-4be9-ae07-ce8dae937e39}"}, "EventID": {"@Qualifiers": "", "#text": "5"}, "Version": "1", "Level": "4", "Task": "1", "Opcode": "1", "Keywords": "0x4000000000000000", "TimeCreated": {"@SystemTime": "2021-08-17 12:26:51.215433"}, "EventRecordID": "11134", "Correlation": {"@ActivityID": "{adbc6cc8-058e-4f94-919e-b40dae9e5905}", "@RelatedActivityID": ""}, "Execution": {"@ProcessID": "5304", "@ThreadID": "6756"}, "Channel": null, "Computer": "LAPTOP-JU4M3I0E", "Security": {"@UserID": ""}}, "EventData": {"Data": [{"@Name": "InterfaceUuid", "#text": "{bde95fdf-eee0-45de-9e12-e5a61cd0d4fe}"}, {"@Name": "ProcNum", "#text": "8"}, {"@Name": "Protocol", "#text": "3"}, {"@Name": "NetworkAddress", "#text": "NULL"}, {"@Name": "Endpoint", "#text": "TermSrvApi"}, {"@Name": "Options", "#text": "NULL"}, {"@Name": "AuthenticationLevel", "#text": "6"}, {"@Name": "AuthenticationService", "#text": "20"}, {"@Name": "ImpersonationLevel", "#text": "3"}]}}}, {"Event": {"@xmlns": "http://schemas.microsoft.com/win/2004/08/events/event", "System": {"Provider": {"@Name": "Microsoft-Windows-RPC", "@Guid": "{6ad52b32-d609-4be9-ae07-ce8dae937e39}"}, "EventID": {"@Qualifiers": "", "#text": "6"}, "Version": "1", "Level": "4", "Task": "2", "Opcode": "1", "Keywords": "0x4000000000000000", "TimeCreated": {"@SystemTime": "2021-08-17 12:26:51.215492"}, "EventRecordID": "11154", "Correlation": {"@ActivityID": "{69417a5b-ba61-4135-a912-6ea4f6fe4008}", "@RelatedActivityID": ""}, "Execution": {"@ProcessID": "1468", "@ThreadID": "16044"}, "Channel": null, "Computer": "LAPTOP-JU4M3I0E", "Security": {"@UserID": ""}}, "EventData": {"Data": [{"@Name": "InterfaceUuid", "#text": "{bde95fdf-eee0-45de-9e12-e5a61cd0d4fe}"}, {"@Name": "ProcNum", "#text": "8"}, {"@Name": "Protocol", "#text": "3"}, {"@Name": "NetworkAddress", "#text": "NULL"}, {"@Name": "Endpoint", "#text": "TermSrvApi"}, {"@Name": "Options", "#text": "NULL"}, {"@Name": "AuthenticationLevel", "#text": "6"}, {"@Name": "AuthenticationService", "#text": "20"}, {"@Name": "ImpersonationLevel", "#text": "0"}]}}}, {"Event": {"@xmlns": "http://schemas.microsoft.com/win/2004/08/events/event", "System": {"Provider": {"@Name": "Microsoft-Windows-RPC", "@Guid": "{6ad52b32-d609-4be9-ae07-ce8dae937e39}"}, "EventID": {"@Qualifiers": "", "#text": "5"}, "Version": "1", "Level": "4", "Task": "1", "Opcode": "1", "Keywords": "0x4000000000000000", "TimeCreated": {"@SystemTime": "2021-08-17 12:26:51.215635"}, "EventRecordID": "11173", "Correlation": {"@ActivityID": "{c78f2e24-5e1d-433c-b94e-f0567c314aec}", "@RelatedActivityID": ""}, "Execution": {"@ProcessID": "5304", "@ThreadID": "6756"}, "Channel": null, "Computer": "LAPTOP-JU4M3I0E", "Security": {"@UserID": ""}}, "EventData": {"Data": [{"@Name": "InterfaceUuid", "#text": "{88143fd0-c28d-4b2b-8fef-8d882f6a9390}"}, {"@Name": "ProcNum", "#text": "1"}, {"@Name": "Protocol", "#text": "3"}, {"@Name": "NetworkAddress", "#text": "NULL"}, {"@Name": "Endpoint", "#text": "LSMApi"}, {"@Name": "Options", "#text": "NULL"}, {"@Name": "AuthenticationLevel", "#text": "6"}, {"@Name": "AuthenticationService", "#text": "20"}, {"@Name": "ImpersonationLevel", "#text": "3"}]}}}, {"Event": {"@xmlns": "http://schemas.microsoft.com/win/2004/08/events/event", "System": {"Provider": {"@Name": "Microsoft-Windows-RPC", "@Guid": "{6ad52b32-d609-4be9-ae07-ce8dae937e39}"}, "EventID": {"@Qualifiers": "", "#text": "6"}, "Version": "1", "Level": "4", "Task": "2", "Opcode": "1", "Keywords": "0x4000000000000000", "TimeCreated": {"@SystemTime": "2021-08-17 12:26:51.215683"}, "EventRecordID": "11182", "Correlation": {"@ActivityID": "{d4d2653b-3d8b-48e7-8c39-42624ee06d53}", "@RelatedActivityID": ""}, "Execution": {"@ProcessID": "1140", "@ThreadID": "14212"}, "Channel": null, "Computer": "LAPTOP-JU4M3I0E", "Security": {"@UserID": ""}}, "EventData": {"Data": [{"@Name": "InterfaceUuid", "#text": "{88143fd0-c28d-4b2b-8fef-8d882f6a9390}"}, {"@Name": "ProcNum", "#text": "1"}, {"@Name": "Protocol", "#text": "3"}, {"@Name": "NetworkAddress", "#text": "NULL"}, {"@Name": "Endpoint", "#text": "LSMApi"}, {"@Name": "Options", "#text": "NULL"}, {"@Name": "AuthenticationLevel", "#text": "6"}, {"@Name": "AuthenticationService", "#text": "20"}, {"@Name": "ImpersonationLevel", "#text": "0"}]}}}, 