{"Event": {"@xmlns": "http://schemas.microsoft.com/win/2004/08/events/event", "System": {"Provider": {"@Name": "Microsoft-Windows-RPC", "@Guid": "{6ad52b32-d609-4be9-ae07-ce8dae937e39}"}, "EventID": {"@Qualifiers": "", "#text": "5"}, "Version": "1", "Level": "4", "Task": "1", "Opcode": "1", "Keywords": "0x4000000000000000", "TimeCreated": {"@SystemTime": "2021-08-17 12:26:51.180893"}, "EventRecordID": "6785", "Correlation": {"@ActivityID": "{96a477eb-5faa-42c6-b93b-8acc0686dc64}", "@RelatedActivityID": ""}, "Execution": {"@ProcessID": "1140", "@ThreadID": "14212"}, "Channel": null, "Computer": "LAPTOP-JU4M3I0E", "Security": {"@UserID": ""}}, "EventData": {"Data": [{"@Name": "InterfaceUuid", "#text": "{4d10b48b-c531-4731-9bde-b03c28e9c61c}"}, {"@Name": "ProcNum", "#text": "11"}, {"@Name": "Protocol", "#text": "3"}, {"@Name": "NetworkAddress", "#text": "NULL"}, {"@Name": "Endpoint", "#text": "OLE6DAE6D441C6DB15C9F7165B5F42F"}, {"@Name": "Options", "#text": "NULL"}, {"@Name": "AuthenticationLevel", "#text": "6"}, {"@Name": "AuthenticationService", "#text": "20"}, {"@Name": "ImpersonationLevel", "#text": "2"}]}}}, {"Event": {"@xmlns": "http://schemas.microsoft.com/win/2004/08/events/event", "System": {"Provider": {"@Name": "Microsoft-Windows-RPC", "@Guid": "{6ad52b32-d609-4be9-ae07-ce8dae937e39}"}, "EventID": {"@Qualifiers": "", "#text": "6"}, "Version": "1", "Level": "4", "Task": "2", "Opcode": "1", "Keywords": "0x4000000000000000", "TimeCreated": {"@SystemTime": "2021-08-17 12:26:51.180929"}, "EventRecordID": "6794", "Correlation": {"@ActivityID": "{d941f434-3b55-4e48-828e-f45af0c10188}", "@RelatedActivityID": ""}, "Execution": {"@ProcessID": "1468", "@ThreadID": "24268"}, "Channel": null, "Computer": "LAPTOP-JU4M3I0E", "Security": {"@UserID": ""}}, "EventData": {"Data": [{"@Name": "InterfaceUuid", "#text": "{4d10b48b-c531-4731-9bde-b03c28e9c61c}"}, {"@Name": "ProcNum", "#text": "11"}, {"@Name": "Protocol", "#text": "3"}, {"@Name": "NetworkAddress", "#text": "NULL"}, {"@Name": "Endpoint", "#text": "OLE6DAE6D441C6DB15C9F7165B5F42F"}, {"@Name": "Options", "#text": "NULL"}, {"@Name": "AuthenticationLevel", "#text": "6"}, {"@Name": "AuthenticationService", "#text": "20"}, {"@Name": "ImpersonationLevel", "#text": "0"}]}}}, {"Event": {"@xmlns": "http://schemas.microsoft.com/win/2004/08/events/event", "System": {"Provider": {"@Name": "Microsoft-Windows-RPC", "@Guid": "{6ad52b32-d609-4be9-ae07-ce8dae937e39}"}, "EventID": {"@Qualifiers": "", "#text": "5"}, "Version": "1", "Level": "4", "Task": "1", "Opcode": "1", "Keywords": "0x4000000000000000", "TimeCreated": {"@SystemTime": "2021-08-17 12:26:51.181072"}, "EventRecordID": "6807", "Correlation": {"@ActivityID": "{21eadd29-1077-4b22-aef8-6a7765c8aa9f}", "@RelatedActivityID": ""}, "Execution": {"@ProcessID": "1140", "@ThreadID": "14212"}, "Channel": null, "Computer": "LAPTOP-JU4M3I0E", "Security": {"@UserID": ""}}, "EventData": {"Data": [{"@Name": "InterfaceUuid", "#text": "{00000134-0000-0000-c000-000000000046}"}, {"@Name": "ProcNum", "#text": "5"}, {"@Name": "Protocol", "#text": "3"}, {"@Name": "NetworkAddress", "#text": "NULL"}, {"@Name": "Endpoint", "#text": "OLE6DAE6D441C6DB15C9F7165B5F42F"}, {"@Name": "Options", "#text": "NULL"}, {"@Name": "AuthenticationLevel", "#text": "6"}, {"@Name": "AuthenticationService", "#text": "20"}, {"@Name": "ImpersonationLevel", "#text": "2"}]}}}, {"Event": {"@xmlns": "http://schemas.microsoft.com/win/2004/08/events/event", "System": {"Provider": {"@Name": "Microsoft-Windows-RPC", "@Guid": "{6ad52b32-d609-4be9-ae07-ce8dae937e39}"}, "EventID": {"@Qualifiers": "", "#text": "6"}, "Version": "1", "Level": "4", "Task": "2", "Opcode": "1", "Keywords": "0x4000000000000000", "TimeCreated": {"@SystemTime": "2021-08-17 12:26:51.181110"}, "EventRecordID": "6816", "Correlation": {"@ActivityID": "{14defaa5-88b4-4b3d-87c1-1b7ff0b0314a}", "@RelatedActivityID": ""}, "Execution": {"@ProcessID": "1468", "@ThreadID": "24268"}, "Channel": null, "Computer": "LAPTOP-JU4M3I0E", "Security": {"@UserID": ""}}, "EventData": {"Data": [{"@Name": "InterfaceUuid", "#text": "{00000134-0000-0000-c000-000000000046}"}, {"@Name": "ProcNum", "#text": "5"}, {"@Name": "Protocol", "#text": "3"}, {"@Name": "NetworkAddress", "#text": "NULL"}, {"@Name": "Endpoint", "#text": "OLE6DAE6D441C6DB15C9F7165B5F42F"}, {"@Name": "Options", "#text": "NULL"}, {"@Name": "AuthenticationLevel", "#text": "6"}, {"@Name": "AuthenticationService", "#text": "20"}, {"@Name": "ImpersonationLevel", "#text": "0"}]}}}, {"Event": {"@xmlns": "http://schemas.microsoft.com/win/2004/08/events/event", "System": {"Provider": {"@Name": "Microsoft-Windows-RPC", "@Guid": "{6ad52b32-d609-4be9-ae07-ce8dae937e39}"}, "EventID": {"@Qualifiers": "", "#text": "5"}, "Version": "1", "Level": "4", "Task": "1", "Opcode": "1", "Keywords": "0x4000000000000000", "TimeCreated": {"@SystemTime": "2021-08-17 12:26:51.181219"}, "EventRecordID": "6839", "Correlation": {"@ActivityID": "{13c81ab7-dc21-4197-87c0-33f6a56371ba}", "@RelatedActivityID": ""}, "Execution": {"@ProcessID": "1468", "@ThreadID": "16044"}, "Channel": null, "Computer": "LAPTOP-JU4M3I0E", "Security": {"@UserID": ""}}, "EventData": {"Data": [{"@Name": "InterfaceUuid", "#text": "{a1b7de7a-4e77-43db-ae78-96fc182fed4a}"}, {"@Name": "ProcNum", "#text": "14"}, {"@Name": "Protocol", "#text": "3"}, {"@Name": "NetworkAddress", "#text": "NULL"}, {"@Name": "Endpoint", "#text": "OLE9FF44EB366DDC413A5E3AE131888"}, {"@Name": "Options", "#text": "NULL"}, {"@Name": "AuthenticationLevel", "#text": "6"}, {"@Name": "AuthenticationService", "#text": "20"}, {"@Name": "ImpersonationLevel", "#text": "2"}]}}}, {"Event": {"@xmlns": "http://schemas.microsoft.com/win/2004/08/events/event", "System": {"Provider": {"@Name": "Microsoft-Windows-RPC", "@Guid": "{6ad52b32-d609-4be9-ae07-ce8dae937e39}"}, "EventID": {"@Qualifiers": "", "#text": "6"}, "Version": "1", "Level": "4", "Task": "2", "Opcode": "1", "Keywords": "0x4000000000000000", "TimeCreated": {"@SystemTime": "2021-08-17 12:26:51.181252"}, "EventRecordID": "6847", "Correlation": {"@ActivityID": "{708bc402-667e-4a9d-a0f0-5b0ff80442d5}", "@RelatedActivityID": ""}, "Execution": {"@ProcessID": "1140", "@ThreadID": "14212"}, "Channel": null, "Computer": "LAPTOP-JU4M3I0E", "Security": {"@UserID": ""}}, "EventData": {"Data": [{"@Name": "InterfaceUuid", "#text": "{a1b7de7a-4e77-43db-ae78-96fc182fed4a}"}, {"@Name": "ProcNum", "#text": "14"}, {"@Name": "Protocol", "#text": "3"}, {"@Name": "NetworkAddress", "#text": "NULL"}, {"@Name": "Endpoint", "#text": "OLE9FF44EB366DDC413A5E3AE131888"}, {"@Name": "Options", "#text": "NULL"}, {"@Name": "AuthenticationLevel", "#text": "6"}, {"@Name": "AuthenticationService", "#text": "20"}, {"@Name": "ImpersonationLevel", "#text": "0"}]}}}, {"Event": {"@xmlns": "http://schemas.microsoft.com/win/2004/08/events/event", "System": {"Provider": {"@Name": "Microsoft-Windows-RPC", "@Guid": "{6ad52b32-d609-4be9-ae07-ce8dae937e39}"}, "EventID": {"@Qualifiers": "", "#text": "5"}, "Version": "1", "Level": "4", "Task": "1", "Opcode": "1", "Keywords": "0x4000000000000000", "TimeCreated": {"@SystemTime": "2021-08-17 12:26:51.181370"}, "EventRecordID": "6860", "Correlation": {"@ActivityID": "{275ebe6d-8fe8-4a50-9462-e8b61243258a}", "@RelatedActivityID": ""}, "Execution": {"@ProcessID": "1468", "@ThreadID": "16044"}, "Channel": null, "Computer": "LAPTOP-JU4M3I0E", "Security": {"@UserID": ""}}, "EventData": {"Data": [{"@Name": "InterfaceUuid", "#text": "{00000134-0000-0000-c000-000000000046}"}, {"@Name": "ProcNum", "#text": "3"}, {"@Name": "Protocol", "#text": "3"}, {"@Name": "NetworkAddress", "#text": "NULL"}, {"@Name": "Endpoint", "#text": "OLE9FF44EB366DDC413A5E3AE131888"}, {"@Name": "Options", "#text": "NULL"}, {"@Name": "AuthenticationLevel", "#text": "6"}, {"@Name": "AuthenticationService", "#text": "20"}, {"@Name": "ImpersonationLevel", "#text": "2"}]}}}, {"Event": {"@xmlns": "http://schemas.microsoft.com/win/2004/08/events/event", "System": {"Provider": {"@Name": "Microsoft-Windows-RPC", "@Guid": "{6ad52b32-d609-4be9-ae07-ce8dae937e39}"}, "EventID": {"@Qualifiers": "", "#text": "6"}, "Version": "1", "Level": "4", "Task": "2", "Opcode": "1", "Keywords": "0x4000000000000000", "TimeCreated": {"@SystemTime": "2021-08-17 12:26:51.181410"}, "EventRecordID": "6869", "Correlation": {"@ActivityID": "{f1bd7191-b400-4b47-88fe-82472b72c008}", "@RelatedActivityID": ""}, "Execution": {"@ProcessID": "1140", "@ThreadID": "14212"}, "Channel": null, "Computer": "LAPTOP-JU4M3I0E", "Security": {"@UserID": ""}}, "EventData": {"Data": [{"@Name": "InterfaceUuid", "#text": "{00000134-0000-0000-c000-000000000046}"}, {"@Name": "ProcNum", "#text": "3"}, {"@Name": "Protocol", "#text": "3"}, {"@Name": "NetworkAddress", "#text": "NULL"}, {"@Name": "Endpoint", "#text": "OLE9FF44EB366DDC413A5E3AE131888"}, {"@Name": "Options", "#text": "NULL"}, {"@Name": "AuthenticationLevel", "#text": "6"}, {"@Name": "AuthenticationService", "#text": "20"}, {"@Name": "ImpersonationLevel", "#text": "0"}]}}}, {"Event": {"@xmlns": "http://schemas.microsoft.com/win/2004/08/events/event", "System": {"Provider": {"@Name": "Microsoft-Windows-RPC", "@Guid": "{6ad52b32-d609-4be9-ae07-ce8dae937e39}"}, "EventID": {"@Qualifiers": "", "#text": "5"}, "Version": "1", "Level": "4", "Task": "1", "Opcode": "1", "Keywords": "0x4000000000000000", "TimeCreated": {"@SystemTime": "2021-08-17 12:26:51.181498"}, "EventRecordID": "6882", "Correlation": {"@ActivityID": "{fb2c62c1-5855-4824-924a-e8588c869d04}", "@RelatedActivityID": ""}, "Execution": {"@ProcessID": "1468", "@ThreadID": "16044"}, "Channel": null, "Computer": "LAPTOP-JU4M3I0E", "Security": {"@UserID": ""}}, "EventData": {"Data": [{"@Name": "InterfaceUuid", "#text": "{00000134-0000-0000-c000-000000000046}"}, {"@Name": "ProcNum", "#text": "5"}, {"@Name": "Protocol", "#text": "3"}, {"@Name": "NetworkAddress", "#text": "NULL"}, {"@Name": "Endpoint", "#text": "OLE9FF44EB366DDC413A5E3AE131888"}, {"@Name": "Options", "#text": "NULL"}, {"@Name": "AuthenticationLevel", "#text": "6"}, {"@Name": "AuthenticationService", "#text": "20"}, {"@Name": "ImpersonationLevel", "#text": "2"}]}}}, {"Event": {"@xmlns": "http://schemas.microsoft.com/win/2004/08/events/event", "System": {"Provider": {"@Name": "Microsoft-Windows-RPC", "@Guid": "{6ad52b32-d609-4be9-ae07-ce8dae937e39}"}, "EventID": {"@Qualifiers": "", "#text": "6"}, "Version": "1", "Level": "4", "Task": "2", "Opcode": "1", "Keywords": "0x4000000000000000", "TimeCreated": {"@SystemTime": "2021-08-17 12:26:51.181530"}, "EventRecordID": "6890", "Correlation": {"@ActivityID": "{071a9d7e-90e1-43f0-888e-5e20226657e9}", "@RelatedActivityID": ""}, "Execution": {"@ProcessID": "1140", "@ThreadID": "14212"}, "Channel": null, "Computer": "LAPTOP-JU4M3I0E", "Security": {"@UserID": ""}}, "EventData": {"Data": [{"@Name": "InterfaceUuid", "#text": "{00000134-0000-0000-c000-000000000046}"}, {"@Name": "ProcNum", "#text": "5"}, {"@Name": "Protocol", "#text": "3"}, {"@Name": "NetworkAddress", "#text": "NULL"}, {"@Name": "Endpoint", "#text": "OLE9FF44EB366DDC413A5E3AE131888"}, {"@Name": "Options", "#text": "NULL"}, {"@Name": "AuthenticationLevel", "#text": "6"}, {"@Name": "AuthenticationService", "#text": "20"}, {"@Name": "ImpersonationLevel", "#text": "0"}]}}}, {"Event": {"@xmlns": "http://schemas.microsoft.com/win/2004/08/events/event", "System": {"Provider": {"@Name": "Microsoft-Windows-RPC", "@Guid": "{6ad52b32-d609-4be9-ae07-ce8dae937e39}"}, "EventID": {"@Qualifiers": "", "#text": "5"}, "Version": "1", "Level": "4", "Task": "1", "Opcode": "1", "Keywords": "0x4000000000000000", "TimeCreated": {"@SystemTime": "2021-08-17 12:26:51.181673"}, "EventRecordID": "6923", "Correlation": {"@ActivityID": "{ef4b6d7f-096b-4df0-979d-ad423253d08a}", "@RelatedActivityID": ""}, "Execution": {"@ProcessID": "5304", "@ThreadID": "6756"}, "Channel": null, "Computer": "LAPTOP-JU4M3I0E", "Security": {"@UserID": ""}}, "EventData": {"Data": [{"@Name": "InterfaceUuid", "#text": "{88143fd0-c28d-4b2b-8fef-8d882f6a9390}"}, {"@Name": "ProcNum", "#text": "0"}, {"@Name": "Protocol", "#text": "3"}, {"@Name": "NetworkAddress", "#text": "NULL"}, {"@Name": "Endpoint", "#text": "LSMApi"}, {"@Name": "Options", "#text": "NULL"}, {"@Name": "AuthenticationLevel", "#text": "6"}, {"@Name": "AuthenticationService", "#text": "20"}, {"@Name": "ImpersonationLevel", "#text": "3"}]}}}, {"Event": {"@xmlns": "http://schemas.microsoft.com/win/2004/08/events/event", "System": {"Provider": {"@Name": "Microsoft-Windows-RPC", "@Guid": "{6ad52b32-d609-4be9-ae07-ce8dae937e39}"}, "EventID": {"@Qualifiers": "", "#text": "6"}, "Version": "1", "Level": "4", "Task": "2", "Opcode": "1", "Keywords": "0x4000000000000000", "TimeCreated": {"@SystemTime": "2021-08-17 12:26:51.181723"}, "EventRecordID": "6944", "Correlation": {"@ActivityID": "{fa9d6d32-53dd-45a6-b74c-a018510017c9}", "@RelatedActivityID": ""}, "Execution": {"@ProcessID": "1140", "@ThreadID": "14212"}, "Channel": null, "Computer": "LAPTOP-JU4M3I0E", "Security": {"@UserID": ""}}, "EventData": {"Data": [{"@Name": "InterfaceUuid", "#text": "{88143fd0-c28d-4b2b-8fef-8d882f6a9390}"}, {"@Name": "ProcNum", "#text": "0"}, {"@Name": "Protocol", "#text": "3"}, {"@Name": "NetworkAddress", "#text": "NULL"}, {"@Name": "Endpoint", "#text": "LSMApi"}, {"@Name": "Options", "#text": "NULL"}, {"@Name": "AuthenticationLevel", "#text": "6"}, {"@Name": "AuthenticationService", "#text": "20"}, {"@Name": "ImpersonationLevel", "#text": "0"}]}}}, {"Event": {"@xmlns": "http://schemas.microsoft.com/win/2004/08/events/event", "System": {"Provider": {"@Name": "Microsoft-Windows-RPC", "@Guid": "{6ad52b32-d609-4be9-ae07-ce8dae937e39}"}, "EventID": {"@Qualifiers": "", "#text": "5"}, "Version": "1", "Level": "4", "Task": "1", "Opcode": "1", "Keywords": "0x4000000000000000", "TimeCreated": {"@SystemTime": "2021-08-17 12:26:51.181805"}, "EventRecordID": "6961", "Correlation": {"@ActivityID": "{df275327-44e4-49c2-911f-01bccf7617fe}", "@RelatedActivityID": ""}, "Execution": {"@ProcessID": "5304", "@ThreadID": "6756"}, "Channel": null, "Computer": "LAPTOP-JU4M3I0E", "Security": {"@UserID": ""}}, "EventData": {"Data": [{"@Name": "InterfaceUuid", "#text": "{88143fd0-c28d-4b2b-8fef-8d882f6a9390}"}, {"@Name": "ProcNum", "#text": "5"}, {"@Name": "Protocol", "#text": "3"}, {"@Name": "NetworkAddress", "#text": "NULL"}, {"@Name": "Endpoint", "#text": "LSMApi"}, {"@Name": "Options", "#text": "NULL"}, {"@Name": "AuthenticationLevel", "#text": "6"}, {"@Name": "AuthenticationService", "#text": "20"}, {"@Name": "ImpersonationLevel", "#text": "3"}]}}}, {"Event": {"@xmlns": "http://schemas.microsoft.com/win/2004/08/events/event", "System": {"Provider": {"@Name": "Microsoft-Windows-RPC", "@Guid": "{6ad52b32-d609-4be9-ae07-ce8dae937e39}"}, "EventID": {"@Qualifiers": "", "#text": "6"}, "Version": "1", "Level": "4", "Task": "2", "Opcode": "1", "Keywords": "0x4000000000000000", "TimeCreated": {"@SystemTime": "2021-08-17 12:26:51.181833"}, "EventRecordID": "6973", "Correlation": {"@ActivityID": "{de0087c2-e695-464c-9524-1039d49c36be}", "@RelatedActivityID": ""}, "Execution": {"@ProcessID": "1140", "@ThreadID": "14212"}, "Channel": null, "Computer": "LAPTOP-JU4M3I0E", "Security": {"@UserID": ""}}, "EventData": {"Data": [{"@Name": "InterfaceUuid", "#text": "{88143fd0-c28d-4b2b-8fef-8d882f6a9390}"}, {"@Name": "ProcNum", "#text": "5"}, {"@Name": "Protocol", "#text": "3"}, {"@Name": "NetworkAddress", "#text": "NULL"}, {"@Name": "Endpoint", "#text": "LSMApi"}, {"@Name": "Options", "#text": "NULL"}, {"@Name": "AuthenticationLevel", "#text": "6"}, {"@Name": "AuthenticationService", "#text": "20"}, {"@Name": "ImpersonationLevel", "#text": "0"}]}}}, {"Event": {"@xmlns": "http://schemas.microsoft.com/win/2004/08/events/event", "System": {"Provider": {"@Name": "Microsoft-Windows-RPC", "@Guid": "{6ad52b32-d609-4be9-ae07-ce8dae937e39}"}, "EventID": {"@Qualifiers": "", "#text": "5"}, "Version": "1", "Level": "4", "Task": "1", "Opcode": "1", "Keywords": "0x4000000000000000", "TimeCreated": {"@SystemTime": "2021-08-17 12:26:51.181997"}, "EventRecordID": "6991", "Correlation": {"@ActivityID": "{8673ce82-273d-4379-a941-4d807bdc0dbd}", "@RelatedActivityID": ""}, "Execution": {"@ProcessID": "5304", "@ThreadID": "6756"}, "Channel": null, "Computer": "LAPTOP-JU4M3I0E", "Security": {"@UserID": ""}}, "EventData": {"Data": [{"@Name": "InterfaceUuid", "#text": "{bde95fdf-eee0-45de-9e12-e5a61cd0d4fe}"}, {"@Name": "ProcNum", "#text": "8"}, {"@Name": "Protocol", "#text": "3"}, {"@Name": "NetworkAddress", "#text": "NULL"}, {"@Name": "Endpoint", "#text": "TermSrvApi"}, {"@Name": "Options", "#text": "NULL"}, {"@Name": "AuthenticationLevel", "#text": "6"}, {"@Name": "AuthenticationService", "#text": "20"}, {"@Name": "ImpersonationLevel", "#text": "3"}]}}}, {"Event": {"@xmlns": "http://schemas.microsoft.com/win/2004/08/events/event", "System": {"Provider": {"@Name": "Microsoft-Windows-RPC", "@Guid": "{6ad52b32-d609-4be9-ae07-ce8dae937e39}"}, "EventID": {"@Qualifiers": "", "#text": "6"}, "Version": "1", "Level": "4", "Task": "2", "Opcode": "1", "Keywords": "0x4000000000000000", "TimeCreated": {"@SystemTime": "2021-08-17 12:26:51.182110"}, "EventRecordID": "7011", "Correlation": {"@ActivityID": "{73830d5d-48a0-454f-aca0-0021761958da}", "@RelatedActivityID": ""}, "Execution": {"@ProcessID": "1468", "@ThreadID": "16044"}, "Channel": null, "Computer": "LAPTOP-JU4M3I0E", "Security": {"@UserID": ""}}, "EventData": {"Data": [{"@Name": "InterfaceUuid", "#text": "{bde95fdf-eee0-45de-9e12-e5a61cd0d4fe}"}, {"@Name": "ProcNum", "#text": "8"}, {"@Name": "Protocol", "#text": "3"}, {"@Name": "NetworkAddress", "#text": "NULL"}, {"@Name": "Endpoint", "#text": "TermSrvApi"}, {"@Name": "Options", "#text": "NULL"}, {"@Name": "AuthenticationLevel", "#text": "6"}, {"@Name": "AuthenticationService", "#text": "20"}, {"@Name": "ImpersonationLevel", "#text": "0"}]}}}, {"Event": {"@xmlns": "http://schemas.microsoft.com/win/2004/08/events/event", "System": {"Provider": {"@Name": "Microsoft-Windows-RPC", "@Guid": "{6ad52b32-d609-4be9-ae07-ce8dae937e39}"}, "EventID": {"@Qualifiers": "", "#text": "5"}, "Version": "1", "Level": "4", "Task": "1", "Opcode": "1", "Keywords": "0x4000000000000000", "TimeCreated": {"@SystemTime": "2021-08-17 12:26:51.182310"}, "EventRecordID": "7030", "Correlation": {"@ActivityID": "{eac95b4e-ab08-4d25-8c54-3544ebc44463}", "@RelatedActivityID": ""}, "Execution": {"@ProcessID": "5304", "@ThreadID": "6756"}, "Channel": null, "Computer": "LAPTOP-JU4M3I0E", "Security": {"@UserID": ""}}, "EventData": {"Data": [{"@Name": "InterfaceUuid", "#text": "{88143fd0-c28d-4b2b-8fef-8d882f6a9390}"}, {"@Name": "ProcNum", "#text": "1"}, {"@Name": "Protocol", "#text": "3"}, {"@Name": "NetworkAddress", "#text": "NULL"}, {"@Name": "Endpoint", "#text": "LSMApi"}, {"@Name": "Options", "#text": "NULL"}, {"@Name": "AuthenticationLevel", "#text": "6"}, {"@Name": "AuthenticationService", "#text": "20"}, {"@Name": "ImpersonationLevel", "#text": "3"}]}}}, {"Event": {"@xmlns": "http://schemas.microsoft.com/win/2004/08/events/event", "System": {"Provider": {"@Name": "Microsoft-Windows-RPC", "@Guid": "{6ad52b32-d609-4be9-ae07-ce8dae937e39}"}, "EventID": {"@Qualifiers": "", "#text": "6"}, "Version": "1", "Level": "4", "Task": "2", "Opcode": "1", "Keywords": "0x4000000000000000", "TimeCreated": {"@SystemTime": "2021-08-17 12:26:51.182341"}, "EventRecordID": "7039", "Correlation": {"@ActivityID": "{cda2e77a-57c3-4386-8505-0df6d4b7c250}", "@RelatedActivityID": ""}, "Execution": {"@ProcessID": "1140", "@ThreadID": "14212"}, "Channel": null, "Computer": "LAPTOP-JU4M3I0E", "Security": {"@UserID": ""}}, "EventData": {"Data": [{"@Name": "InterfaceUuid", "#text": "{88143fd0-c28d-4b2b-8fef-8d882f6a9390}"}, {"@Name": "ProcNum", "#text": "1"}, {"@Name": "Protocol", "#text": "3"}, {"@Name": "NetworkAddress", "#text": "NULL"}, {"@Name": "Endpoint", "#text": "LSMApi"}, {"@Name": "Options", "#text": "NULL"}, {"@Name": "AuthenticationLevel", "#text": "6"}, {"@Name": "AuthenticationService", "#text": "20"}, {"@Name": "ImpersonationLevel", "#text": "0"}]}}}, {"Event": {"@xmlns": "http://schemas.microsoft.com/win/2004/08/events/event", "System": {"Provider": {"@Name": "Microsoft-Windows-RPC", "@Guid": "{6ad52b32-d609-4be9-ae07-ce8dae937e39}"}, "EventID": {"@Qualifiers": "", "#text": "5"}, "Version": "1", "Level": "4", "Task": "1", "Opcode": "1", "Keywords": "0x4000000000000000", "TimeCreated": {"@SystemTime": "2021-08-17 12:26:51.182461"}, "EventRecordID": "7064", "Correlation": {"@ActivityID": "{fcca6d0b-f57b-49b4-8aae-fc8e5e1a176d}", "@RelatedActivityID": ""}, "Execution": {"@ProcessID": "5304", "@ThreadID": "6756"}, "Channel": null, "Computer": "LAPTOP-JU4M3I0E", "Security": {"@UserID": ""}}, "EventData": {"Data": [{"@Name": "InterfaceUuid", "#text": "{484809d6-4239-471b-b5bc-61df8c23ac48}"}, {"@Name": "ProcNum", "#text": "12"}, {"@Name": "Protocol", "#text": "3"}, {"@Name": "NetworkAddress", "#text": "NULL"}, {"@Name": "Endpoint", "#text": "LSMApi"}, {"@Name": "Options", "#text": "NULL"}, {"@Name": "AuthenticationLevel", "#text": "6"}, {"@Name": "AuthenticationService", "#text": "20"}, {"@Name": "ImpersonationLevel", "#text": "3"}]}}}, {"Event": {"@xmlns": "http://schemas.microsoft.com/win/2004/08/events/event", "System": {"Provider": {"@Name": "Microsoft-Windows-RPC", "@Guid": "{6ad52b32-d609-4be9-ae07-ce8dae937e39}"}, "EventID": {"@Qualifiers": "", "#text": "6"}, "Version": "1", "Level": "4", "Task": "2", "Opcode": "1", "Keywords": "0x4000000000000000", "TimeCreated": {"@SystemTime": "2021-08-17 12:26:51.182503"}, "EventRecordID": "7085", "Correlation": {"@ActivityID": "{2feb6b44-38bd-4b55-a70d-7e59b999ce43}", "@RelatedActivityID": ""}, "Execution": {"@ProcessID": "1140", "@ThreadID": "14212"}, "Channel": null, "Computer": "LAPTOP-JU4M3I0E", "Security": {"@UserID": ""}}, "EventData": {"Data": [{"@Name": "InterfaceUuid", "#text": "{484809d6-4239-471b-b5bc-61df8c23ac48}"}, {"@Name": "ProcNum", "#text": "12"}, {"@Name": "Protocol", "#text": "3"}, {"@Name": "NetworkAddress", "#text": "NULL"}, {"@Name": "Endpoint", "#text": "LSMApi"}, {"@Name": "Options", "#text": "NULL"}, {"@Name": "AuthenticationLevel", "#text": "6"}, {"@Name": "AuthenticationService", "#text": "20"}, {"@Name": "ImpersonationLevel", "#text": "0"}]}}}, {"Event": {"@xmlns": "http://schemas.microsoft.com/win/2004/08/events/event", "System": {"Provider": {"@Name": "Microsoft-Windows-RPC", "@Guid": "{6ad52b32-d609-4be9-ae07-ce8dae937e39}"}, "EventID": {"@Qualifiers": "", "#text": "5"}, "Version": "1", "Level": "4", "Task": "1", "Opcode": "1", "Keywords": "0x4000000000000000", "TimeCreated": {"@SystemTime": "2021-08-17 12:26:51.182627"}, "EventRecordID": "7101", "Correlation": {"@ActivityID": "{5250b742-eb18-4c66-aa2b-134ed49af20a}", "@RelatedActivityID": ""}, "Execution": {"@ProcessID": "5304", "@ThreadID": "6756"}, "Channel": null, "Computer": "LAPTOP-JU4M3I0E", "Security": {"@UserID": ""}}, "EventData": {"Data": [{"@Name": "InterfaceUuid", "#text": "{bde95fdf-eee0-45de-9e12-e5a61cd0d4fe}"}, {"@Name": "ProcNum", "#text": "9"}, {"@Name": "Protocol", "#text": "3"}, {"@Name": "NetworkAddress", "#text": "NULL"}, {"@Name": "Endpoint", "#text": "TermSrvApi"}, {"@Name": "Options", "#text": "NULL"}, {"@Name": "AuthenticationLevel", "#text": "6"}, {"@Name": "AuthenticationService", "#text": "20"}, {"@Name": "ImpersonationLevel", "#text": "3"}]}}}, {"Event": {"@xmlns": "http://schemas.microsoft.com/win/2004/08/events/event", "System": {"Provider": {"@Name": "Microsoft-Windows-RPC", "@Guid": "{6ad52b32-d609-4be9-ae07-ce8dae937e39}"}, "EventID": {"@Qualifiers": "", "#text": "6"}, "Version": "1", "Level": "4", "Task": "2", "Opcode": "1", "Keywords": "0x4000000000000000", "TimeCreated": {"@SystemTime": "2021-08-17 12:26:51.182667"}, "EventRecordID": "7121", "Correlation": {"@ActivityID": "{9ad2a579-98df-44f1-bb77-52cde5ee15c3}", "@RelatedActivityID": ""}, "Execution": {"@ProcessID": "1468", "@ThreadID": "16044"}, "Channel": null, "Computer": "LAPTOP-JU4M3I0E", "Security": {"@UserID": ""}}, "EventData": {"Data": [{"@Name": "InterfaceUuid", "#text": "{bde95fdf-eee0-45de-9e12-e5a61cd0d4fe}"}, {"@Name": "ProcNum", "#text": "9"}, {"@Name": "Protocol", "#text": "3"}, {"@Name": "NetworkAddress", "#text": "NULL"}, {"@Name": "Endpoint", "#text": "TermSrvApi"}, {"@Name": "Options", "#text": "NULL"}, {"@Name": "AuthenticationLevel", "#text": "6"}, {"@Name": "AuthenticationService", "#text": "20"}, {"@Name": "ImpersonationLevel", "#text": "0"}]}}}, {"Event": {"@xmlns": "http://schemas.microsoft.com/win/2004/08/events/event", "System": {"Provider": {"@Name": "Microsoft-Windows-RPC", "@Guid": "{6ad52b32-d609-4be9-ae07-ce8dae937e39}"}, "EventID": {"@Qualifiers": "", "#text": "5"}, "Version": "1", "Level": "4", "Task": "1", "Opcode": "1", "Keywords": "0x4000000000000000", "TimeCreated": {"@SystemTime": "2021-08-17 12:26:51.182693"}, "EventRecordID": "7124", "Correlation": {"@ActivityID": "{5dcfacf0-afbd-48aa-85a4-92b64e4ea60d}", "@RelatedActivityID": ""}, "Execution": {"@ProcessID": "1468", "@ThreadID": "16044"}, "Channel": null, "Computer": "LAPTOP-JU4M3I0E", "Security": {"@UserID": ""}}, "EventData": {"Data": [{"@Name": "InterfaceUuid", "#text": "{959c5a99-177c-478e-8c3b-77e07e9bf3aa}"}, {"@Name": "ProcNum", "#text": "3"}, {"@Name": "Protocol", "#text": "3"}, {"@Name": "NetworkAddress", "#text": "NULL"}, {"@Name": "Endpoint", "#text": "OLE9FF44EB366DDC413A5E3AE131888"}, {"@Name": "Options", "#text": "NULL"}, {"@Name": "AuthenticationLevel", "#text": "6"}, {"@Name": "AuthenticationService", "#text": "20"}, {"@Name": "ImpersonationLevel", "#text": "2"}]}}}, {"Event": {"@xmlns": "http://schemas.microsoft.com/win/2004/08/events/event", "System": {"Provider": {"@Name": "Microsoft-Windows-RPC", "@Guid": "{6ad52b32-d609-4be9-ae07-ce8dae937e39}"}, "EventID": {"@Qualifiers": "", "#text": "6"}, "Version": "1", "Level": "4", "Task": "2", "Opcode": "1", "Keywords": "0x4000000000000000", "TimeCreated": {"@SystemTime": "2021-08-17 12:26:51.182739"}, "EventRecordID": "7133", "Correlation": {"@ActivityID": "{f69778f3-359e-4c13-b1b2-5f0f02e69619}", "@RelatedActivityID": ""}, "Execution": {"@ProcessID": "1140", "@ThreadID": "14212"}, "Channel": null, "Computer": "LAPTOP-JU4M3I0E", "Security": {"@UserID": ""}}, "EventData": {"Data": [{"@Name": "InterfaceUuid", "#text": "{959c5a99-177c-478e-8c3b-77e07e9bf3aa}"}, {"@Name": "ProcNum", "#text": "3"}, {"@Name": "Protocol", "#text": "3"}, {"@Name": "NetworkAddress", "#text": "NULL"}, {"@Name": "Endpoint", "#text": "OLE9FF44EB366DDC413A5E3AE131888"}, {"@Name": "Options", "#text": "NULL"}, {"@Name": "AuthenticationLevel", "#text": "6"}, {"@Name": "AuthenticationService", "#text": "20"}, {"@Name": "ImpersonationLevel", "#text": "0"}]}}}, {"Event": {"@xmlns": "http://schemas.microsoft.com/win/2004/08/events/event", "System": {"Provider": {"@Name": "Microsoft-Windows-RPC", "@Guid": "{6ad52b32-d609-4be9-ae07-ce8dae937e39}"}, "EventID": {"@Qualifiers": "", "#text": "5"}, "Version": "1", "Level": "4", "Task": "1", "Opcode": "1", "Keywords": "0x4000000000000000", "TimeCreated": {"@SystemTime": "2021-08-17 12:26:51.182875"}, "EventRecordID": "7146", "Correlation": {"@ActivityID": "{e75ac4ce-609e-456a-9dd0-8b46a2c53ec7}", "@RelatedActivityID": ""}, "Execution": {"@ProcessID": "1468", "@ThreadID": "16044"}, "Channel": null, "Computer": "LAPTOP-JU4M3I0E", "Security": {"@UserID": ""}}, "EventData": {"Data": [{"@Name": "InterfaceUuid", "#text": "{a1b7de7a-4e77-43db-ae78-96fc182fed4a}"}, {"@Name": "ProcNum", "#text": "19"}, {"@Name": "Protocol", "#text": "3"}, {"@Name": "NetworkAddress", "#text": "NULL"}, {"@Name": "Endpoint", "#text": "OLE9FF44EB366DDC413A5E3AE131888"}, {"@Name": "Options", "#text": "NULL"}, {"@Name": "AuthenticationLevel", "#text": "6"}, {"@Name": "AuthenticationService", "#text": "20"}, {"@Name": "ImpersonationLevel", "#text": "2"}]}}}, {"Event": {"@xmlns": "http://schemas.microsoft.com/win/2004/08/events/event", "System": {"Provider": {"@Name": "Microsoft-Windows-RPC", "@Guid": "{6ad52b32-d609-4be9-ae07-ce8dae937e39}"}, "EventID": {"@Qualifiers": "", "#text": "6"}, "Version": "1", "Level": "4", "Task": "2", "Opcode": "1", "Keywords": "0x4000000000000000", "TimeCreated": {"@SystemTime": "2021-08-17 12:26:51.182926"}, "EventRecordID": "7155", "Correlation": {"@ActivityID": "{f96329ff-6d95-46bb-9620-e24c9964962a}", "@RelatedActivityID": ""}, "Execution": {"@ProcessID": "1140", "@ThreadID": "14212"}, "Channel": null, "Computer": "LAPTOP-JU4M3I0E", "Security": {"@UserID": ""}}, "EventData": {"Data": [{"@Name": "InterfaceUuid", "#text": "{a1b7de7a-4e77-43db-ae78-96fc182fed4a}"}, {"@Name": "ProcNum", "#text": "19"}, {"@Name": "Protocol", "#text": "3"}, {"@Name": "NetworkAddress", "#text": "NULL"}, {"@Name": "Endpoint", "#text": "OLE9FF44EB366DDC413A5E3AE131888"}, {"@Name": "Options", "#text": "NULL"}, {"@Name": "AuthenticationLevel", "#text": "6"}, {"@Name": "AuthenticationService", "#text": "20"}, {"@Name": "ImpersonationLevel", "#text": "0"}]}}}, {"Event": {"@xmlns": "http://schemas.microsoft.com/win/2004/08/events/event", "System": {"Provider": {"@Name": "Microsoft-Windows-RPC", "@Guid": "{6ad52b32-d609-4be9-ae07-ce8dae937e39}"}, "EventID": {"@Qualifiers": "", "#text": "5"}, "Version": "1", "Level": "4", "Task": "1", "Opcode": "1", "Keywords": "0x4000000000000000", "TimeCreated": {"@SystemTime": "2021-08-17 12:26:51.182981"}, "EventRecordID": "7158", "Correlation": {"@ActivityID": "{f3196701-6215-4c34-b9ef-3c7be6914368}", "@RelatedActivityID": ""}, "Execution": {"@ProcessID": "1140", "@ThreadID": "14212"}, "Channel": null, "Computer": "LAPTOP-JU4M3I0E", "Security": {"@UserID": ""}}, "EventData": {"Data": [{"@Name": "InterfaceUuid", "#text": "{4d10b48b-c531-4731-9bde-b03c28e9c61c}"}, {"@Name": "ProcNum", "#text": "11"}, {"@Name": "Protocol", "#text": "3"}, {"@Name": "NetworkAddress", "#text": "NULL"}, {"@Name": "Endpoint", "#text": "OLE6DAE6D441C6DB15C9F7165B5F42F"}, {"@Name": "Options", "#text": "NULL"}, {"@Name": "AuthenticationLevel", "#text": "6"}, {"@Name": "AuthenticationService", "#text": "20"}, {"@Name": "ImpersonationLevel", "#text": "2"}]}}}, {"Event": {"@xmlns": "http://schemas.microsoft.com/win/2004/08/events/event", "System": {"Provider": {"@Name": "Microsoft-Windows-RPC", "@Guid": "{6ad52b32-d609-4be9-ae07-ce8dae937e39}"}, "EventID": {"@Qualifiers": "", "#text": "6"}, "Version": "1", "Level": "4", "Task": "2", "Opcode": "1", "Keywords": "0x4000000000000000", "TimeCreated": {"@SystemTime": "2021-08-17 12:26:51.183014"}, "EventRecordID": "7167", "Correlation": {"@ActivityID": "{357573f5-68ba-4400-b780-1aeda922ad10}", "@RelatedActivityID": ""}, "Execution": {"@ProcessID": "1468", "@ThreadID": "24268"}, "Channel": null, "Computer": "LAPTOP-JU4M3I0E", "Security": {"@UserID": ""}}, "EventData": {"Data": [{"@Name": "InterfaceUuid", "#text": "{4d10b48b-c531-4731-9bde-b03c28e9c61c}"}, {"@Name": "ProcNum", "#text": "11"}, {"@Name": "Protocol", "#text": "3"}, {"@Name": "NetworkAddress", "#text": "NULL"}, {"@Name": "Endpoint", "#text": "OLE6DAE6D441C6DB15C9F7165B5F42F"}, {"@Name": "Options", "#text": "NULL"}, {"@Name": "AuthenticationLevel", "#text": "6"}, {"@Name": "AuthenticationService", "#text": "20"}, {"@Name": "ImpersonationLevel", "#text": "0"}]}}}, {"Event": {"@xmlns": "http://schemas.microsoft.com/win/2004/08/events/event", "System": {"Provider": {"@Name": "Microsoft-Windows-RPC", "@Guid": "{6ad52b32-d609-4be9-ae07-ce8dae937e39}"}, "EventID": {"@Qualifiers": "", "#text": "5"}, "Version": "1", "Level": "4", "Task": "1", "Opcode": "1", "Keywords": "0x4000000000000000", "TimeCreated": {"@SystemTime": "2021-08-17 12:26:51.183155"}, "EventRecordID": "7180", "Correlation": {"@ActivityID": "{88c55359-18b1-4259-8dc0-045678a546bb}", "@RelatedActivityID": ""}, "Execution": {"@ProcessID": "1140", "@ThreadID": "14212"}, "Channel": null, "Computer": "LAPTOP-JU4M3I0E", "Security": {"@UserID": ""}}, "EventData": {"Data": [{"@Name": "InterfaceUuid", "#text": "{00000134-0000-0000-c000-000000000046}"}, {"@Name": "ProcNum", "#text": "5"}, {"@Name": "Protocol", "#text": "3"}, {"@Name": "NetworkAddress", "#text": "NULL"}, {"@Name": "Endpoint", "#text": "OLE6DAE6D441C6DB15C9F7165B5F42F"}, {"@Name": "Options", "#text": "NULL"}, {"@Name": "AuthenticationLevel", "#text": "6"}, {"@Name": "AuthenticationService", "#text": "20"}, {"@Name": "ImpersonationLevel", "#text": "2"}]}}}, {"Event": {"@xmlns": "http://schemas.microsoft.com/win/2004/08/events/event", "System": {"Provider": {"@Name": "Microsoft-Windows-RPC", "@Guid": "{6ad52b32-d609-4be9-ae07-ce8dae937e39}"}, "EventID": {"@Qualifiers": "", "#text": "6"}, "Version": "1", "Level": "4", "Task": "2", "Opcode": "1", "Keywords": "0x4000000000000000", "TimeCreated": {"@SystemTime": "2021-08-17 12:26:51.183193"}, "EventRecordID": "7189", "Correlation": {"@ActivityID": "{a9710e5f-84ab-4bdc-81a5-fa0c79d695ba}", "@RelatedActivityID": ""}, "Execution": {"@ProcessID": "1468", "@ThreadID": "24268"}, "Channel": null, "Computer": "LAPTOP-JU4M3I0E", "Security": {"@UserID": ""}}, "EventData": {"Data": [{"@Name": "InterfaceUuid", "#text": "{00000134-0000-0000-c000-000000000046}"}, {"@Name": "ProcNum", "#text": "5"}, {"@Name": "Protocol", "#text": "3"}, {"@Name": "NetworkAddress", "#text": "NULL"}, {"@Name": "Endpoint", "#text": "OLE6DAE6D441C6DB15C9F7165B5F42F"}, {"@Name": "Options", "#text": "NULL"}, {"@Name": "AuthenticationLevel", "#text": "6"}, {"@Name": "AuthenticationService", "#text": "20"}, {"@Name": "ImpersonationLevel", "#text": "0"}]}}}, {"Event": {"@xmlns": "http://schemas.microsoft.com/win/2004/08/events/event", "System": {"Provider": {"@Name": "Microsoft-Windows-RPC", "@Guid": "{6ad52b32-d609-4be9-ae07-ce8dae937e39}"}, "EventID": {"@Qualifiers": "", "#text": "5"}, "Version": "1", "Level": "4", "Task": "1", "Opcode": "1", "Keywords": "0x4000000000000000", "TimeCreated": {"@SystemTime": "2021-08-17 12:26:51.183306"}, "EventRecordID": "7212", "Correlation": {"@ActivityID": "{e5bb1465-ac95-4339-aa13-119b84f1db35}", "@RelatedActivityID": ""}, "Execution": {"@ProcessID": "1468", "@ThreadID": "16044"}, "Channel": null, "Computer": "LAPTOP-JU4M3I0E", "Security": {"@UserID": ""}}, "EventData": {"Data": [{"@Name": "InterfaceUuid", "#text": "{a1b7de7a-4e77-43db-ae78-96fc182fed4a}"}, {"@Name": "ProcNum", "#text": "14"}, {"@Name": "Protocol", "#text": "3"}, {"@Name": "NetworkAddress", "#text": "NULL"}, {"@Name": "Endpoint", "#text": "OLE9FF44EB366DDC413A5E3AE131888"}, {"@Name": "Options", "#text": "NULL"}, {"@Name": "AuthenticationLevel", "#text": "6"}, {"@Name": "AuthenticationService", "#text": "20"}, {"@Name": "ImpersonationLevel", "#text": "2"}]}}}, {"Event": {"@xmlns": "http://schemas.microsoft.com/win/2004/08/events/event", "System": {"Provider": {"@Name": "Microsoft-Windows-RPC", "@Guid": "{6ad52b32-d609-4be9-ae07-ce8dae937e39}"}, "EventID": {"@Qualifiers": "", "#text": "6"}, "Version": "1", "Level": "4", "Task": "2", "Opcode": "1", "Keywords": "0x4000000000000000", "TimeCreated": {"@SystemTime": "2021-08-17 12:26:51.183338"}, "EventRecordID": "7220", "Correlation": {"@ActivityID": "{2b32b887-f735-485d-8fd8-a22050883bac}", "@RelatedActivityID": ""}, "Execution": {"@ProcessID": "1140", "@ThreadID": "14212"}, "Channel": null, "Computer": "LAPTOP-JU4M3I0E", "Security": {"@UserID": ""}}, "EventData": {"Data": [{"@Name": "InterfaceUuid", "#text": "{a1b7de7a-4e77-43db-ae78-96fc182fed4a}"}, {"@Name": "ProcNum", "#text": "14"}, {"@Name": "Protocol", "#text": "3"}, {"@Name": "NetworkAddress", "#text": "NULL"}, {"@Name": "Endpoint", "#text": "OLE9FF44EB366DDC413A5E3AE131888"}, {"@Name": "Options", "#text": "NULL"}, {"@Name": "AuthenticationLevel", "#text": "6"}, {"@Name": "AuthenticationService", "#text": "20"}, {"@Name": "ImpersonationLevel", "#text": "0"}]}}}, {"Event": {"@xmlns": "http://schemas.microsoft.com/win/2004/08/events/event", "System": {"Provider": {"@Name": "Microsoft-Windows-RPC", "@Guid": "{6ad52b32-d609-4be9-ae07-ce8dae937e39}"}, "EventID": {"@Qualifiers": "", "#text": "5"}, "Version": "1", "Level": "4", "Task": "1", "Opcode": "1", "Keywords": "0x4000000000000000", "TimeCreated": {"@SystemTime": "2021-08-17 12:26:51.183455"}, "EventRecordID": "7233", "Correlation": {"@ActivityID": "{037fa724-4900-46cb-ad72-ec2267f4fff9}", "@RelatedActivityID": ""}, "Execution": {"@ProcessID": "1468", "@ThreadID": "16044"}, "Channel": null, "Computer": "LAPTOP-JU4M3I0E", "Security": {"@UserID": ""}}, "EventData": {"Data": [{"@Name": "InterfaceUuid", "#text": "{00000134-0000-0000-c000-000000000046}"}, {"@Name": "ProcNum", "#text": "3"}, {"@Name": "Protocol", "#text": "3"}, {"@Name": "NetworkAddress", "#text": "NULL"}, {"@Name": "Endpoint", "#text": "OLE9FF44EB366DDC413A5E3AE131888"}, {"@Name": "Options", "#text": "NULL"}, {"@Name": "AuthenticationLevel", "#text": "6"}, {"@Name": "AuthenticationService", "#text": "20"}, {"@Name": "ImpersonationLevel", "#text": "2"}]}}}, {"Event": {"@xmlns": "http://schemas.microsoft.com/win/2004/08/events/event", "System": {"Provider": {"@Name": "Microsoft-Windows-RPC", "@Guid": "{6ad52b32-d609-4be9-ae07-ce8dae937e39}"}, "EventID": {"@Qualifiers": "", "#text": "6"}, "Version": "1", "Level": "4", "Task": "2", "Opcode": "1", "Keywords": "0x4000000000000000", "TimeCreated": {"@SystemTime": "2021-08-17 12:26:51.183491"}, "EventRecordID": "7242", "Correlation": {"@ActivityID": "{b7e49aa3-436c-48f9-b862-6d7e6bc175fd}", "@RelatedActivityID": ""}, "Execution": {"@ProcessID": "1140", "@ThreadID": "14212"}, "Channel": null, "Computer": "LAPTOP-JU4M3I0E", "Security": {"@UserID": ""}}, "EventData": {"Data": [{"@Name": "InterfaceUuid", "#text": "{00000134-0000-0000-c000-000000000046}"}, {"@Name": "ProcNum", "#text": "3"}, {"@Name": "Protocol", "#text": "3"}, {"@Name": "NetworkAddress", "#text": "NULL"}, {"@Name": "Endpoint", "#text": "OLE9FF44EB366DDC413A5E3AE131888"}, {"@Name": "Options", "#text": "NULL"}, {"@Name": "AuthenticationLevel", "#text": "6"}, {"@Name": "AuthenticationService", "#text": "20"}, {"@Name": "ImpersonationLevel", "#text": "0"}]}}}, {"Event": {"@xmlns": "http://schemas.microsoft.com/win/2004/08/events/event", "System": {"Provider": {"@Name": "Microsoft-Windows-RPC", "@Guid": "{6ad52b32-d609-4be9-ae07-ce8dae937e39}"}, "EventID": {"@Qualifiers": "", "#text": "5"}, "Version": "1", "Level": "4", "Task": "1", "Opcode": "1", "Keywords": "0x4000000000000000", "TimeCreated": {"@SystemTime": "2021-08-17 12:26:51.183578"}, "EventRecordID": "7255", "Correlation": {"@ActivityID": "{2f47f4c4-ae90-4a54-901c-3e942cfe1666}", "@RelatedActivityID": ""}, "Execution": {"@ProcessID": "1468", "@ThreadID": "16044"}, "Channel": null, "Computer": "LAPTOP-JU4M3I0E", "Security": {"@UserID": ""}}, "EventData": {"Data": [{"@Name": "InterfaceUuid", "#text": "{00000134-0000-0000-c000-000000000046}"}, {"@Name": "ProcNum", "#text": "5"}, {"@Name": "Protocol", "#text": "3"}, {"@Name": "NetworkAddress", "#text": "NULL"}, {"@Name": "Endpoint", "#text": "OLE9FF44EB366DDC413A5E3AE131888"}, {"@Name": "Options", "#text": "NULL"}, {"@Name": "AuthenticationLevel", "#text": "6"}, {"@Name": "AuthenticationService", "#text": "20"}, {"@Name": "ImpersonationLevel", "#text": "2"}]}}}, {"Event": {"@xmlns": "http://schemas.microsoft.com/win/2004/08/events/event", "System": {"Provider": {"@Name": "Microsoft-Windows-RPC", "@Guid": "{6ad52b32-d609-4be9-ae07-ce8dae937e39}"}, "EventID": {"@Qualifiers": "", "#text": "6"}, "Version": "1", "Level": "4", "Task": "2", "Opcode": "1", "Keywords": "0x4000000000000000", "TimeCreated": {"@SystemTime": "2021-08-17 12:26:51.183613"}, "EventRecordID": "7263", "Correlation": {"@ActivityID": "{2fd88fda-c607-4ab6-a550-65354b3f8ceb}", "@RelatedActivityID": ""}, "Execution": {"@ProcessID": "1140", "@ThreadID": "14212"}, "Channel": null, "Computer": "LAPTOP-JU4M3I0E", "Security": {"@UserID": ""}}, "EventData": {"Data": [{"@Name": "InterfaceUuid", "#text": "{00000134-0000-0000-c000-000000000046}"}, {"@Name": "ProcNum", "#text": "5"}, {"@Name": "Protocol", "#text": "3"}, {"@Name": "NetworkAddress", "#text": "NULL"}, {"@Name": "Endpoint", "#text": "OLE9FF44EB366DDC413A5E3AE131888"}, {"@Name": "Options", "#text": "NULL"}, {"@Name": "AuthenticationLevel", "#text": "6"}, {"@Name": "AuthenticationService", "#text": "20"}, {"@Name": "ImpersonationLevel", "#text": "0"}]}}}, {"Event": {"@xmlns": "http://schemas.microsoft.com/win/2004/08/events/event", "System": {"Provider": {"@Name": "Microsoft-Windows-RPC", "@Guid": "{6ad52b32-d609-4be9-ae07-ce8dae937e39}"}, "EventID": {"@Qualifiers": "", "#text": "5"}, "Version": "1", "Level": "4", "Task": "1", "Opcode": "1", "Keywords": "0x4000000000000000", "TimeCreated": {"@SystemTime": "2021-08-17 12:26:51.183758"}, "EventRecordID": "7296", "Correlation": {"@ActivityID": "{ecfc1428-9554-48f5-b891-0d91bd5aac2c}", "@RelatedActivityID": ""}, "Execution": {"@ProcessID": "5304", "@ThreadID": "6756"}, "Channel": null, "Computer": "LAPTOP-JU4M3I0E", "Security": {"@UserID": ""}}, "EventData": {"Data": [{"@Name": "InterfaceUuid", "#text": "{88143fd0-c28d-4b2b-8fef-8d882f6a9390}"}, {"@Name": "ProcNum", "#text": "0"}, {"@Name": "Protocol", "#text": "3"}, {"@Name": "NetworkAddress", "#text": "NULL"}, {"@Name": "Endpoint", "#text": "LSMApi"}, {"@Name": "Options", "#text": "NULL"}, {"@Name": "AuthenticationLevel", "#text": "6"}, {"@Name": "AuthenticationService", "#text": "20"}, {"@Name": "ImpersonationLevel", "#text": "3"}]}}}, {"Event": {"@xmlns": "http://schemas.microsoft.com/win/2004/08/events/event", "System": {"Provider": {"@Name": "Microsoft-Windows-RPC", "@Guid": "{6ad52b32-d609-4be9-ae07-ce8dae937e39}"}, "EventID": {"@Qualifiers": "", "#text": "6"}, "Version": "1", "Level": "4", "Task": "2", "Opcode": "1", "Keywords": "0x4000000000000000", "TimeCreated": {"@SystemTime": "2021-08-17 12:26:51.183857"}, "EventRecordID": "7317", "Correlation": {"@ActivityID": "{f4f4610f-cb11-4fc4-9551-f85091073e01}", "@RelatedActivityID": ""}, "Execution": {"@ProcessID": "1140", "@ThreadID": "14212"}, "Channel": null, "Computer": "LAPTOP-JU4M3I0E", "Security": {"@UserID": ""}}, "EventData": {"Data": [{"@Name": "InterfaceUuid", "#text": "{88143fd0-c28d-4b2b-8fef-8d882f6a9390}"}, {"@Name": "ProcNum", "#text": "0"}, {"@Name": "Protocol", "#text": "3"}, {"@Name": "NetworkAddress", "#text": "NULL"}, {"@Name": "Endpoint", "#text": "LSMApi"}, {"@Name": "Options", "#text": "NULL"}, {"@Name": "AuthenticationLevel", "#text": "6"}, {"@Name": "AuthenticationService", "#text": "20"}, {"@Name": "ImpersonationLevel", "#text": "0"}]}}}, {"Event": {"@xmlns": "http://schemas.microsoft.com/win/2004/08/events/event", "System": {"Provider": {"@Name": "Microsoft-Windows-RPC", "@Guid": "{6ad52b32-d609-4be9-ae07-ce8dae937e39}"}, "EventID": {"@Qualifiers": "", "#text": "5"}, "Version": "1", "Level": "4", "Task": "1", "Opcode": "1", "Keywords": "0x4000000000000000", "TimeCreated": {"@SystemTime": "2021-08-17 12:26:51.183941"}, "EventRecordID": "7334", "Correlation": {"@ActivityID": "{82a6a8ba-fb58-48da-944b-dd50056d1c65}", "@RelatedActivityID": ""}, "Execution": {"@ProcessID": "5304", "@ThreadID": "6756"}, "Channel": null, "Computer": "LAPTOP-JU4M3I0E", "Security": {"@UserID": ""}}, "EventData": {"Data": [{"@Name": "InterfaceUuid", "#text": "{88143fd0-c28d-4b2b-8fef-8d882f6a9390}"}, {"@Name": "ProcNum", "#text": "5"}, {"@Name": "Protocol", "#text": "3"}, {"@Name": "NetworkAddress", "#text": "NULL"}, {"@Name": "Endpoint", "#text": "LSMApi"}, {"@Name": "Options", "#text": "NULL"}, {"@Name": "AuthenticationLevel", "#text": "6"}, {"@Name": "AuthenticationService", "#text": "20"}, {"@Name": "ImpersonationLevel", "#text": "3"}]}}}, {"Event": {"@xmlns": "http://schemas.microsoft.com/win/2004/08/events/event", "System": {"Provider": {"@Name": "Microsoft-Windows-RPC", "@Guid": "{6ad52b32-d609-4be9-ae07-ce8dae937e39}"}, "EventID": {"@Qualifiers": "", "#text": "6"}, "Version": "1", "Level": "4", "Task": "2", "Opcode": "1", "Keywords": "0x4000000000000000", "TimeCreated": {"@SystemTime": "2021-08-17 12:26:51.183969"}, "EventRecordID": "7346", "Correlation": {"@ActivityID": "{9f5a089f-018c-4a40-b3fe-6f5d5311bf07}", "@RelatedActivityID": ""}, "Execution": {"@ProcessID": "1140", "@ThreadID": "14212"}, "Channel": null, "Computer": "LAPTOP-JU4M3I0E", "Security": {"@UserID": ""}}, "EventData": {"Data": [{"@Name": "InterfaceUuid", "#text": "{88143fd0-c28d-4b2b-8fef-8d882f6a9390}"}, {"@Name": "ProcNum", "#text": "5"}, {"@Name": "Protocol", "#text": "3"}, {"@Name": "NetworkAddress", "#text": "NULL"}, {"@Name": "Endpoint", "#text": "LSMApi"}, {"@Name": "Options", "#text": "NULL"}, {"@Name": "AuthenticationLevel", "#text": "6"}, {"@Name": "AuthenticationService", "#text": "20"}, {"@Name": "ImpersonationLevel", "#text": "0"}]}}}, {"Event": {"@xmlns": "http://schemas.microsoft.com/win/2004/08/events/event", "System": {"Provider": {"@Name": "Microsoft-Windows-RPC", "@Guid": "{6ad52b32-d609-4be9-ae07-ce8dae937e39}"}, "EventID": {"@Qualifiers": "", "#text": "5"}, "Version": "1", "Level": "4", "Task": "1", "Opcode": "1", "Keywords": "0x4000000000000000", "TimeCreated": {"@SystemTime": "2021-08-17 12:26:51.184101"}, "EventRecordID": "7364", "Correlation": {"@ActivityID": "{c38c4fbd-79a5-450d-900a-ae2e2373a4c8}", "@RelatedActivityID": ""}, "Execution": {"@ProcessID": "5304", "@ThreadID": "6756"}, "Channel": null, "Computer": "LAPTOP-JU4M3I0E", "Security": {"@UserID": ""}}, "EventData": {"Data": [{"@Name": "InterfaceUuid", "#text": "{bde95fdf-eee0-45de-9e12-e5a61cd0d4fe}"}, {"@Name": "ProcNum", "#text": "8"}, {"@Name": "Protocol", "#text": "3"}, {"@Name": "NetworkAddress", "#text": "NULL"}, {"@Name": "Endpoint", "#text": "TermSrvApi"}, {"@Name": "Options", "#text": "NULL"}, {"@Name": "AuthenticationLevel", "#text": "6"}, {"@Name": "AuthenticationService", "#text": "20"}, {"@Name": "ImpersonationLevel", "#text": "3"}]}}}, {"Event": {"@xmlns": "http://schemas.microsoft.com/win/2004/08/events/event", "System": {"Provider": {"@Name": "Microsoft-Windows-RPC", "@Guid": "{6ad52b32-d609-4be9-ae07-ce8dae937e39}"}, "EventID": {"@Qualifiers": "", "#text": "6"}, "Version": "1", "Level": "4", "Task": "2", "Opcode": "1", "Keywords": "0x4000000000000000", "TimeCreated": {"@SystemTime": "2021-08-17 12:26:51.184139"}, "EventRecordID": "7384", "Correlation": {"@ActivityID": "{4dd61183-6110-4075-bbbf-9d13c3320246}", "@RelatedActivityID": ""}, "Execution": {"@ProcessID": "1468", "@ThreadID": "16044"}, "Channel": null, "Computer": "LAPTOP-JU4M3I0E", "Security": {"@UserID": ""}}, "EventData": {"Data": [{"@Name": "InterfaceUuid", "#text": "{bde95fdf-eee0-45de-9e12-e5a61cd0d4fe}"}, {"@Name": "ProcNum", "#text": "8"}, {"@Name": "Protocol", "#text": "3"}, {"@Name": "NetworkAddress", "#text": "NULL"}, {"@Name": "Endpoint", "#text": "TermSrvApi"}, {"@Name": "Options", "#text": "NULL"}, {"@Name": "AuthenticationLevel", "#text": "6"}, {"@Name": "AuthenticationService", "#text": "20"}, {"@Name": "ImpersonationLevel", "#text": "0"}]}}}, {"Event": {"@xmlns": "http://schemas.microsoft.com/win/2004/08/events/event", "System": {"Provider": {"@Name": "Microsoft-Windows-RPC", "@Guid": "{6ad52b32-d609-4be9-ae07-ce8dae937e39}"}, "EventID": {"@Qualifiers": "", "#text": "5"}, "Version": "1", "Level": "4", "Task": "1", "Opcode": "1", "Keywords": "0x4000000000000000", "TimeCreated": {"@SystemTime": "2021-08-17 12:26:51.184231"}, "EventRecordID": "7403", "Correlation": {"@ActivityID": "{828ec139-5f7e-44dc-84ce-a982254e822e}", "@RelatedActivityID": ""}, "Execution": {"@ProcessID": "5304", "@ThreadID": "6756"}, "Channel": null, "Computer": "LAPTOP-JU4M3I0E", "Security": {"@UserID": ""}}, "EventData": {"Data": [{"@Name": "InterfaceUuid", "#text": "{88143fd0-c28d-4b2b-8fef-8d882f6a9390}"}, {"@Name": "ProcNum", "#text": "1"}, {"@Name": "Protocol", "#text": "3"}, {"@Name": "NetworkAddress", "#text": "NULL"}, {"@Name": "Endpoint", "#text": "LSMApi"}, {"@Name": "Options", "#text": "NULL"}, {"@Name": "AuthenticationLevel", "#text": "6"}, {"@Name": "AuthenticationService", "#text": "20"}, {"@Name": "ImpersonationLevel", "#text": "3"}]}}}, {"Event": {"@xmlns": "http://schemas.microsoft.com/win/2004/08/events/event", "System": {"Provider": {"@Name": "Microsoft-Windows-RPC", "@Guid": "{6ad52b32-d609-4be9-ae07-ce8dae937e39}"}, "EventID": {"@Qualifiers": "", "#text": "6"}, "Version": "1", "Level": "4", "Task": "2", "Opcode": "1", "Keywords": "0x4000000000000000", "TimeCreated": {"@SystemTime": "2021-08-17 12:26:51.184263"}, "EventRecordID": "7412", "Correlation": {"@ActivityID": "{43dc3032-c472-4d93-824c-61eb32fbb21b}", "@RelatedActivityID": ""}, "Execution": {"@ProcessID": "1140", "@ThreadID": "14212"}, "Channel": null, "Computer": "LAPTOP-JU4M3I0E", "Security": {"@UserID": ""}}, "EventData": {"Data": [{"@Name": "InterfaceUuid", "#text": "{88143fd0-c28d-4b2b-8fef-8d882f6a9390}"}, {"@Name": "ProcNum", "#text": "1"}, {"@Name": "Protocol", "#text": "3"}, {"@Name": "NetworkAddress", "#text": "NULL"}, {"@Name": "Endpoint", "#text": "LSMApi"}, {"@Name": "Options", "#text": "NULL"}, {"@Name": "AuthenticationLevel", "#text": "6"}, {"@Name": "AuthenticationService", "#text": "20"}, {"@Name": "ImpersonationLevel", "#text": "0"}]}}}, 