{"Event": {"@xmlns": "http://schemas.microsoft.com/win/2004/08/events/event", "System": {"Provider": {"@Name": "Microsoft-Windows-RPC", "@Guid": "{6ad52b32-d609-4be9-ae07-ce8dae937e39}"}, "EventID": {"@Qualifiers": "", "#text": "5"}, "Version": "1", "Level": "4", "Task": "1", "Opcode": "1", "Keywords": "0x4000000000000000", "TimeCreated": {"@SystemTime": "2021-08-17 12:26:51.193682"}, "EventRecordID": "8678", "Correlation": {"@ActivityID": "{3f5bd41e-eaf5-4c33-86a3-9559829891fe}", "@RelatedActivityID": ""}, "Execution": {"@ProcessID": "1468", "@ThreadID": "16044"}, "Channel": null, "Computer": "LAPTOP-JU4M3I0E", "Security": {"@UserID": ""}}, "EventData": {"Data": [{"@Name": "InterfaceUuid", "#text": "{a1b7de7a-4e77-43db-ae78-96fc182fed4a}"}, {"@Name": "ProcNum", "#text": "19"}, {"@Name": "Protocol", "#text": "3"}, {"@Name": "NetworkAddress", "#text": "NULL"}, {"@Name": "Endpoint", "#text": "OLE9FF44EB366DDC413A5E3AE131888"}, {"@Name": "Options", "#text": "NULL"}, {"@Name": "AuthenticationLevel", "#text": "6"}, {"@Name": "AuthenticationService", "#text": "20"}, {"@Name": "ImpersonationLevel", "#text": "2"}]}}}, {"Event": {"@xmlns": "http://schemas.microsoft.com/win/2004/08/events/event", "System": {"Provider": {"@Name": "Microsoft-Windows-RPC", "@Guid": "{6ad52b32-d609-4be9-ae07-ce8dae937e39}"}, "EventID": {"@Qualifiers": "", "#text": "6"}, "Version": "1", "Level": "4", "Task": "2", "Opcode": "1", "Keywords": "0x4000000000000000", "TimeCreated": {"@SystemTime": "2021-08-17 12:26:51.193754"}, "EventRecordID": "8687", "Correlation": {"@ActivityID": "{6ce04511-d017-4ddc-837d-ae3f9cbb77eb}", "@RelatedActivityID": ""}, "Execution": {"@ProcessID": "1140", "@ThreadID": "14212"}, "Channel": null, "Computer": "LAPTOP-JU4M3I0E", "Security": {"@UserID": ""}}, "EventData": {"Data": [{"@Name": "InterfaceUuid", "#text": "{a1b7de7a-4e77-43db-ae78-96fc182fed4a}"}, {"@Name": "ProcNum", "#text": "19"}, {"@Name": "Protocol", "#text": "3"}, {"@Name": "NetworkAddress", "#text": "NULL"}, {"@Name": "Endpoint", "#text": "OLE9FF44EB366DDC413A5E3AE131888"}, {"@Name": "Options", "#text": "NULL"}, {"@Name": "AuthenticationLevel", "#text": "6"}, {"@Name": "AuthenticationService", "#text": "20"}, {"@Name": "ImpersonationLevel", "#text": "0"}]}}}, {"Event": {"@xmlns": "http://schemas.microsoft.com/win/2004/08/events/event", "System": {"Provider": {"@Name": "Microsoft-Windows-RPC", "@Guid": "{6ad52b32-d609-4be9-ae07-ce8dae937e39}"}, "EventID": {"@Qualifiers": "", "#text": "5"}, "Version": "1", "Level": "4", "Task": "1", "Opcode": "1", "Keywords": "0x4000000000000000", "TimeCreated": {"@SystemTime": "2021-08-17 12:26:51.193815"}, "EventRecordID": "8690", "Correlation": {"@ActivityID": "{3113e024-8089-43f8-93d7-83c8ffdbb961}", "@RelatedActivityID": ""}, "Execution": {"@ProcessID": "1140", "@ThreadID": "14212"}, "Channel": null, "Computer": "LAPTOP-JU4M3I0E", "Security": {"@UserID": ""}}, "EventData": {"Data": [{"@Name": "InterfaceUuid", "#text": "{4d10b48b-c531-4731-9bde-b03c28e9c61c}"}, {"@Name": "ProcNum", "#text": "11"}, {"@Name": "Protocol", "#text": "3"}, {"@Name": "NetworkAddress", "#text": "NULL"}, {"@Name": "Endpoint", "#text": "OLE6DAE6D441C6DB15C9F7165B5F42F"}, {"@Name": "Options", "#text": "NULL"}, {"@Name": "AuthenticationLevel", "#text": "6"}, {"@Name": "AuthenticationService", "#text": "20"}, {"@Name": "ImpersonationLevel", "#text": "2"}]}}}, {"Event": {"@xmlns": "http://schemas.microsoft.com/win/2004/08/events/event", "System": {"Provider": {"@Name": "Microsoft-Windows-RPC", "@Guid": "{6ad52b32-d609-4be9-ae07-ce8dae937e39}"}, "EventID": {"@Qualifiers": "", "#text": "6"}, "Version": "1", "Level": "4", "Task": "2", "Opcode": "1", "Keywords": "0x4000000000000000", "TimeCreated": {"@SystemTime": "2021-08-17 12:26:51.193865"}, "EventRecordID": "8699", "Correlation": {"@ActivityID": "{5ebcfad7-eecb-434a-9d02-197b07ce90c1}", "@RelatedActivityID": ""}, "Execution": {"@ProcessID": "1468", "@ThreadID": "24268"}, "Channel": null, "Computer": "LAPTOP-JU4M3I0E", "Security": {"@UserID": ""}}, "EventData": {"Data": [{"@Name": "InterfaceUuid", "#text": "{4d10b48b-c531-4731-9bde-b03c28e9c61c}"}, {"@Name": "ProcNum", "#text": "11"}, {"@Name": "Protocol", "#text": "3"}, {"@Name": "NetworkAddress", "#text": "NULL"}, {"@Name": "Endpoint", "#text": "OLE6DAE6D441C6DB15C9F7165B5F42F"}, {"@Name": "Options", "#text": "NULL"}, {"@Name": "AuthenticationLevel", "#text": "6"}, {"@Name": "AuthenticationService", "#text": "20"}, {"@Name": "ImpersonationLevel", "#text": "0"}]}}}, {"Event": {"@xmlns": "http://schemas.microsoft.com/win/2004/08/events/event", "System": {"Provider": {"@Name": "Microsoft-Windows-RPC", "@Guid": "{6ad52b32-d609-4be9-ae07-ce8dae937e39}"}, "EventID": {"@Qualifiers": "", "#text": "5"}, "Version": "1", "Level": "4", "Task": "1", "Opcode": "1", "Keywords": "0x4000000000000000", "TimeCreated": {"@SystemTime": "2021-08-17 12:26:51.194077"}, "EventRecordID": "8712", "Correlation": {"@ActivityID": "{ecea6b38-3a26-4fbc-8f38-a1d557513cf4}", "@RelatedActivityID": ""}, "Execution": {"@ProcessID": "1140", "@ThreadID": "14212"}, "Channel": null, "Computer": "LAPTOP-JU4M3I0E", "Security": {"@UserID": ""}}, "EventData": {"Data": [{"@Name": "InterfaceUuid", "#text": "{00000134-0000-0000-c000-000000000046}"}, {"@Name": "ProcNum", "#text": "5"}, {"@Name": "Protocol", "#text": "3"}, {"@Name": "NetworkAddress", "#text": "NULL"}, {"@Name": "Endpoint", "#text": "OLE6DAE6D441C6DB15C9F7165B5F42F"}, {"@Name": "Options", "#text": "NULL"}, {"@Name": "AuthenticationLevel", "#text": "6"}, {"@Name": "AuthenticationService", "#text": "20"}, {"@Name": "ImpersonationLevel", "#text": "2"}]}}}, {"Event": {"@xmlns": "http://schemas.microsoft.com/win/2004/08/events/event", "System": {"Provider": {"@Name": "Microsoft-Windows-RPC", "@Guid": "{6ad52b32-d609-4be9-ae07-ce8dae937e39}"}, "EventID": {"@Qualifiers": "", "#text": "6"}, "Version": "1", "Level": "4", "Task": "2", "Opcode": "1", "Keywords": "0x4000000000000000", "TimeCreated": {"@SystemTime": "2021-08-17 12:26:51.194130"}, "EventRecordID": "8721", "Correlation": {"@ActivityID": "{39516d95-b98d-4c8a-9586-07c9c5b16a10}", "@RelatedActivityID": ""}, "Execution": {"@ProcessID": "1468", "@ThreadID": "24268"}, "Channel": null, "Computer": "LAPTOP-JU4M3I0E", "Security": {"@UserID": ""}}, "EventData": {"Data": [{"@Name": "InterfaceUuid", "#text": "{00000134-0000-0000-c000-000000000046}"}, {"@Name": "ProcNum", "#text": "5"}, {"@Name": "Protocol", "#text": "3"}, {"@Name": "NetworkAddress", "#text": "NULL"}, {"@Name": "Endpoint", "#text": "OLE6DAE6D441C6DB15C9F7165B5F42F"}, {"@Name": "Options", "#text": "NULL"}, {"@Name": "AuthenticationLevel", "#text": "6"}, {"@Name": "AuthenticationService", "#text": "20"}, {"@Name": "ImpersonationLevel", "#text": "0"}]}}}, {"Event": {"@xmlns": "http://schemas.microsoft.com/win/2004/08/events/event", "System": {"Provider": {"@Name": "Microsoft-Windows-RPC", "@Guid": "{6ad52b32-d609-4be9-ae07-ce8dae937e39}"}, "EventID": {"@Qualifiers": "", "#text": "5"}, "Version": "1", "Level": "4", "Task": "1", "Opcode": "1", "Keywords": "0x4000000000000000", "TimeCreated": {"@SystemTime": "2021-08-17 12:26:51.194279"}, "EventRecordID": "8744", "Correlation": {"@ActivityID": "{f8e0cb6f-82e7-4b19-9696-b62c39d22a04}", "@RelatedActivityID": ""}, "Execution": {"@ProcessID": "1468", "@ThreadID": "16044"}, "Channel": null, "Computer": "LAPTOP-JU4M3I0E", "Security": {"@UserID": ""}}, "EventData": {"Data": [{"@Name": "InterfaceUuid", "#text": "{a1b7de7a-4e77-43db-ae78-96fc182fed4a}"}, {"@Name": "ProcNum", "#text": "14"}, {"@Name": "Protocol", "#text": "3"}, {"@Name": "NetworkAddress", "#text": "NULL"}, {"@Name": "Endpoint", "#text": "OLE9FF44EB366DDC413A5E3AE131888"}, {"@Name": "Options", "#text": "NULL"}, {"@Name": "AuthenticationLevel", "#text": "6"}, {"@Name": "AuthenticationService", "#text": "20"}, {"@Name": "ImpersonationLevel", "#text": "2"}]}}}, {"Event": {"@xmlns": "http://schemas.microsoft.com/win/2004/08/events/event", "System": {"Provider": {"@Name": "Microsoft-Windows-RPC", "@Guid": "{6ad52b32-d609-4be9-ae07-ce8dae937e39}"}, "EventID": {"@Qualifiers": "", "#text": "6"}, "Version": "1", "Level": "4", "Task": "2", "Opcode": "1", "Keywords": "0x4000000000000000", "TimeCreated": {"@SystemTime": "2021-08-17 12:26:51.194323"}, "EventRecordID": "8752", "Correlation": {"@ActivityID": "{ce7e27b8-6964-4fe2-be39-64b641262cba}", "@RelatedActivityID": ""}, "Execution": {"@ProcessID": "1140", "@ThreadID": "14212"}, "Channel": null, "Computer": "LAPTOP-JU4M3I0E", "Security": {"@UserID": ""}}, "EventData": {"Data": [{"@Name": "InterfaceUuid", "#text": "{a1b7de7a-4e77-43db-ae78-96fc182fed4a}"}, {"@Name": "ProcNum", "#text": "14"}, {"@Name": "Protocol", "#text": "3"}, {"@Name": "NetworkAddress", "#text": "NULL"}, {"@Name": "Endpoint", "#text": "OLE9FF44EB366DDC413A5E3AE131888"}, {"@Name": "Options", "#text": "NULL"}, {"@Name": "AuthenticationLevel", "#text": "6"}, {"@Name": "AuthenticationService", "#text": "20"}, {"@Name": "ImpersonationLevel", "#text": "0"}]}}}, {"Event": {"@xmlns": "http://schemas.microsoft.com/win/2004/08/events/event", "System": {"Provider": {"@Name": "Microsoft-Windows-RPC", "@Guid": "{6ad52b32-d609-4be9-ae07-ce8dae937e39}"}, "EventID": {"@Qualifiers": "", "#text": "5"}, "Version": "1", "Level": "4", "Task": "1", "Opcode": "1", "Keywords": "0x4000000000000000", "TimeCreated": {"@SystemTime": "2021-08-17 12:26:51.194487"}, "EventRecordID": "8765", "Correlation": {"@ActivityID": "{87ebc355-8db6-4550-91d0-acf35aa700b6}", "@RelatedActivityID": ""}, "Execution": {"@ProcessID": "1468", "@ThreadID": "16044"}, "Channel": null, "Computer": "LAPTOP-JU4M3I0E", "Security": {"@UserID": ""}}, "EventData": {"Data": [{"@Name": "InterfaceUuid", "#text": "{00000134-0000-0000-c000-000000000046}"}, {"@Name": "ProcNum", "#text": "3"}, {"@Name": "Protocol", "#text": "3"}, {"@Name": "NetworkAddress", "#text": "NULL"}, {"@Name": "Endpoint", "#text": "OLE9FF44EB366DDC413A5E3AE131888"}, {"@Name": "Options", "#text": "NULL"}, {"@Name": "AuthenticationLevel", "#text": "6"}, {"@Name": "AuthenticationService", "#text": "20"}, {"@Name": "ImpersonationLevel", "#text": "2"}]}}}, {"Event": {"@xmlns": "http://schemas.microsoft.com/win/2004/08/events/event", "System": {"Provider": {"@Name": "Microsoft-Windows-RPC", "@Guid": "{6ad52b32-d609-4be9-ae07-ce8dae937e39}"}, "EventID": {"@Qualifiers": "", "#text": "6"}, "Version": "1", "Level": "4", "Task": "2", "Opcode": "1", "Keywords": "0x4000000000000000", "TimeCreated": {"@SystemTime": "2021-08-17 12:26:51.194542"}, "EventRecordID": "8774", "Correlation": {"@ActivityID": "{e481002f-2874-4a2f-b3f3-035525d1fd71}", "@RelatedActivityID": ""}, "Execution": {"@ProcessID": "1140", "@ThreadID": "14212"}, "Channel": null, "Computer": "LAPTOP-JU4M3I0E", "Security": {"@UserID": ""}}, "EventData": {"Data": [{"@Name": "InterfaceUuid", "#text": "{00000134-0000-0000-c000-000000000046}"}, {"@Name": "ProcNum", "#text": "3"}, {"@Name": "Protocol", "#text": "3"}, {"@Name": "NetworkAddress", "#text": "NULL"}, {"@Name": "Endpoint", "#text": "OLE9FF44EB366DDC413A5E3AE131888"}, {"@Name": "Options", "#text": "NULL"}, {"@Name": "AuthenticationLevel", "#text": "6"}, {"@Name": "AuthenticationService", "#text": "20"}, {"@Name": "ImpersonationLevel", "#text": "0"}]}}}, {"Event": {"@xmlns": "http://schemas.microsoft.com/win/2004/08/events/event", "System": {"Provider": {"@Name": "Microsoft-Windows-RPC", "@Guid": "{6ad52b32-d609-4be9-ae07-ce8dae937e39}"}, "EventID": {"@Qualifiers": "", "#text": "5"}, "Version": "1", "Level": "4", "Task": "1", "Opcode": "1", "Keywords": "0x4000000000000000", "TimeCreated": {"@SystemTime": "2021-08-17 12:26:51.194662"}, "EventRecordID": "8787", "Correlation": {"@ActivityID": "{201065e2-e338-4a47-98b9-ce3c1f95f28a}", "@RelatedActivityID": ""}, "Execution": {"@ProcessID": "1468", "@ThreadID": "16044"}, "Channel": null, "Computer": "LAPTOP-JU4M3I0E", "Security": {"@UserID": ""}}, "EventData": {"Data": [{"@Name": "InterfaceUuid", "#text": "{00000134-0000-0000-c000-000000000046}"}, {"@Name": "ProcNum", "#text": "5"}, {"@Name": "Protocol", "#text": "3"}, {"@Name": "NetworkAddress", "#text": "NULL"}, {"@Name": "Endpoint", "#text": "OLE9FF44EB366DDC413A5E3AE131888"}, {"@Name": "Options", "#text": "NULL"}, {"@Name": "AuthenticationLevel", "#text": "6"}, {"@Name": "AuthenticationService", "#text": "20"}, {"@Name": "ImpersonationLevel", "#text": "2"}]}}}, {"Event": {"@xmlns": "http://schemas.microsoft.com/win/2004/08/events/event", "System": {"Provider": {"@Name": "Microsoft-Windows-RPC", "@Guid": "{6ad52b32-d609-4be9-ae07-ce8dae937e39}"}, "EventID": {"@Qualifiers": "", "#text": "6"}, "Version": "1", "Level": "4", "Task": "2", "Opcode": "1", "Keywords": "0x4000000000000000", "TimeCreated": {"@SystemTime": "2021-08-17 12:26:51.194714"}, "EventRecordID": "8795", "Correlation": {"@ActivityID": "{618ec911-0aae-44f8-b224-72f96332d3c5}", "@RelatedActivityID": ""}, "Execution": {"@ProcessID": "1140", "@ThreadID": "14212"}, "Channel": null, "Computer": "LAPTOP-JU4M3I0E", "Security": {"@UserID": ""}}, "EventData": {"Data": [{"@Name": "InterfaceUuid", "#text": "{00000134-0000-0000-c000-000000000046}"}, {"@Name": "ProcNum", "#text": "5"}, {"@Name": "Protocol", "#text": "3"}, {"@Name": "NetworkAddress", "#text": "NULL"}, {"@Name": "Endpoint", "#text": "OLE9FF44EB366DDC413A5E3AE131888"}, {"@Name": "Options", "#text": "NULL"}, {"@Name": "AuthenticationLevel", "#text": "6"}, {"@Name": "AuthenticationService", "#text": "20"}, {"@Name": "ImpersonationLevel", "#text": "0"}]}}}, {"Event": {"@xmlns": "http://schemas.microsoft.com/win/2004/08/events/event", "System": {"Provider": {"@Name": "Microsoft-Windows-RPC", "@Guid": "{6ad52b32-d609-4be9-ae07-ce8dae937e39}"}, "EventID": {"@Qualifiers": "", "#text": "5"}, "Version": "1", "Level": "4", "Task": "1", "Opcode": "1", "Keywords": "0x4000000000000000", "TimeCreated": {"@SystemTime": "2021-08-17 12:26:51.194914"}, "EventRecordID": "8828", "Correlation": {"@ActivityID": "{99a97c07-901a-4d0b-b65a-24a524f6bdf7}", "@RelatedActivityID": ""}, "Execution": {"@ProcessID": "5304", "@ThreadID": "6756"}, "Channel": null, "Computer": "LAPTOP-JU4M3I0E", "Security": {"@UserID": ""}}, "EventData": {"Data": [{"@Name": "InterfaceUuid", "#text": "{88143fd0-c28d-4b2b-8fef-8d882f6a9390}"}, {"@Name": "ProcNum", "#text": "0"}, {"@Name": "Protocol", "#text": "3"}, {"@Name": "NetworkAddress", "#text": "NULL"}, {"@Name": "Endpoint", "#text": "LSMApi"}, {"@Name": "Options", "#text": "NULL"}, {"@Name": "AuthenticationLevel", "#text": "6"}, {"@Name": "AuthenticationService", "#text": "20"}, {"@Name": "ImpersonationLevel", "#text": "3"}]}}}, {"Event": {"@xmlns": "http://schemas.microsoft.com/win/2004/08/events/event", "System": {"Provider": {"@Name": "Microsoft-Windows-RPC", "@Guid": "{6ad52b32-d609-4be9-ae07-ce8dae937e39}"}, "EventID": {"@Qualifiers": "", "#text": "6"}, "Version": "1", "Level": "4", "Task": "2", "Opcode": "1", "Keywords": "0x4000000000000000", "TimeCreated": {"@SystemTime": "2021-08-17 12:26:51.194983"}, "EventRecordID": "8849", "Correlation": {"@ActivityID": "{d39ad753-15c2-4d18-8c75-deb3e720dfa6}", "@RelatedActivityID": ""}, "Execution": {"@ProcessID": "1140", "@ThreadID": "14212"}, "Channel": null, "Computer": "LAPTOP-JU4M3I0E", "Security": {"@UserID": ""}}, "EventData": {"Data": [{"@Name": "InterfaceUuid", "#text": "{88143fd0-c28d-4b2b-8fef-8d882f6a9390}"}, {"@Name": "ProcNum", "#text": "0"}, {"@Name": "Protocol", "#text": "3"}, {"@Name": "NetworkAddress", "#text": "NULL"}, {"@Name": "Endpoint", "#text": "LSMApi"}, {"@Name": "Options", "#text": "NULL"}, {"@Name": "AuthenticationLevel", "#text": "6"}, {"@Name": "AuthenticationService", "#text": "20"}, {"@Name": "ImpersonationLevel", "#text": "0"}]}}}, {"Event": {"@xmlns": "http://schemas.microsoft.com/win/2004/08/events/event", "System": {"Provider": {"@Name": "Microsoft-Windows-RPC", "@Guid": "{6ad52b32-d609-4be9-ae07-ce8dae937e39}"}, "EventID": {"@Qualifiers": "", "#text": "5"}, "Version": "1", "Level": "4", "Task": "1", "Opcode": "1", "Keywords": "0x4000000000000000", "TimeCreated": {"@SystemTime": "2021-08-17 12:26:51.195099"}, "EventRecordID": "8866", "Correlation": {"@ActivityID": "{6c532680-5ad8-4cdf-944d-259dfdcb7142}", "@RelatedActivityID": ""}, "Execution": {"@ProcessID": "5304", "@ThreadID": "6756"}, "Channel": null, "Computer": "LAPTOP-JU4M3I0E", "Security": {"@UserID": ""}}, "EventData": {"Data": [{"@Name": "InterfaceUuid", "#text": "{88143fd0-c28d-4b2b-8fef-8d882f6a9390}"}, {"@Name": "ProcNum", "#text": "5"}, {"@Name": "Protocol", "#text": "3"}, {"@Name": "NetworkAddress", "#text": "NULL"}, {"@Name": "Endpoint", "#text": "LSMApi"}, {"@Name": "Options", "#text": "NULL"}, {"@Name": "AuthenticationLevel", "#text": "6"}, {"@Name": "AuthenticationService", "#text": "20"}, {"@Name": "ImpersonationLevel", "#text": "3"}]}}}, {"Event": {"@xmlns": "http://schemas.microsoft.com/win/2004/08/events/event", "System": {"Provider": {"@Name": "Microsoft-Windows-RPC", "@Guid": "{6ad52b32-d609-4be9-ae07-ce8dae937e39}"}, "EventID": {"@Qualifiers": "", "#text": "6"}, "Version": "1", "Level": "4", "Task": "2", "Opcode": "1", "Keywords": "0x4000000000000000", "TimeCreated": {"@SystemTime": "2021-08-17 12:26:51.195143"}, "EventRecordID": "8878", "Correlation": {"@ActivityID": "{321bb7fd-bbe2-40d5-9fe3-6061f087e8f3}", "@RelatedActivityID": ""}, "Execution": {"@ProcessID": "1140", "@ThreadID": "14212"}, "Channel": null, "Computer": "LAPTOP-JU4M3I0E", "Security": {"@UserID": ""}}, "EventData": {"Data": [{"@Name": "InterfaceUuid", "#text": "{88143fd0-c28d-4b2b-8fef-8d882f6a9390}"}, {"@Name": "ProcNum", "#text": "5"}, {"@Name": "Protocol", "#text": "3"}, {"@Name": "NetworkAddress", "#text": "NULL"}, {"@Name": "Endpoint", "#text": "LSMApi"}, {"@Name": "Options", "#text": "NULL"}, {"@Name": "AuthenticationLevel", "#text": "6"}, {"@Name": "AuthenticationService", "#text": "20"}, {"@Name": "ImpersonationLevel", "#text": "0"}]}}}, {"Event": {"@xmlns": "http://schemas.microsoft.com/win/2004/08/events/event", "System": {"Provider": {"@Name": "Microsoft-Windows-RPC", "@Guid": "{6ad52b32-d609-4be9-ae07-ce8dae937e39}"}, "EventID": {"@Qualifiers": "", "#text": "5"}, "Version": "1", "Level": "4", "Task": "1", "Opcode": "1", "Keywords": "0x4000000000000000", "TimeCreated": {"@SystemTime": "2021-08-17 12:26:51.195318"}, "EventRecordID": "8896", "Correlation": {"@ActivityID": "{10aaa419-aad3-47ce-bd77-8e35753f1f62}", "@RelatedActivityID": ""}, "Execution": {"@ProcessID": "5304", "@ThreadID": "6756"}, "Channel": null, "Computer": "LAPTOP-JU4M3I0E", "Security": {"@UserID": ""}}, "EventData": {"Data": [{"@Name": "InterfaceUuid", "#text": "{bde95fdf-eee0-45de-9e12-e5a61cd0d4fe}"}, {"@Name": "ProcNum", "#text": "8"}, {"@Name": "Protocol", "#text": "3"}, {"@Name": "NetworkAddress", "#text": "NULL"}, {"@Name": "Endpoint", "#text": "TermSrvApi"}, {"@Name": "Options", "#text": "NULL"}, {"@Name": "AuthenticationLevel", "#text": "6"}, {"@Name": "AuthenticationService", "#text": "20"}, {"@Name": "ImpersonationLevel", "#text": "3"}]}}}, {"Event": {"@xmlns": "http://schemas.microsoft.com/win/2004/08/events/event", "System": {"Provider": {"@Name": "Microsoft-Windows-RPC", "@Guid": "{6ad52b32-d609-4be9-ae07-ce8dae937e39}"}, "EventID": {"@Qualifiers": "", "#text": "6"}, "Version": "1", "Level": "4", "Task": "2", "Opcode": "1", "Keywords": "0x4000000000000000", "TimeCreated": {"@SystemTime": "2021-08-17 12:26:51.195377"}, "EventRecordID": "8916", "Correlation": {"@ActivityID": "{60e9e79f-cf65-49ce-8dfb-c0fa7cd8fbdb}", "@RelatedActivityID": ""}, "Execution": {"@ProcessID": "1468", "@ThreadID": "16044"}, "Channel": null, "Computer": "LAPTOP-JU4M3I0E", "Security": {"@UserID": ""}}, "EventData": {"Data": [{"@Name": "InterfaceUuid", "#text": "{bde95fdf-eee0-45de-9e12-e5a61cd0d4fe}"}, {"@Name": "ProcNum", "#text": "8"}, {"@Name": "Protocol", "#text": "3"}, {"@Name": "NetworkAddress", "#text": "NULL"}, {"@Name": "Endpoint", "#text": "TermSrvApi"}, {"@Name": "Options", "#text": "NULL"}, {"@Name": "AuthenticationLevel", "#text": "6"}, {"@Name": "AuthenticationService", "#text": "20"}, {"@Name": "ImpersonationLevel", "#text": "0"}]}}}, {"Event": {"@xmlns": "http://schemas.microsoft.com/win/2004/08/events/event", "System": {"Provider": {"@Name": "Microsoft-Windows-RPC", "@Guid": "{6ad52b32-d609-4be9-ae07-ce8dae937e39}"}, "EventID": {"@Qualifiers": "", "#text": "5"}, "Version": "1", "Level": "4", "Task": "1", "Opcode": "1", "Keywords": "0x4000000000000000", "TimeCreated": {"@SystemTime": "2021-08-17 12:26:51.195511"}, "EventRecordID": "8935", "Correlation": {"@ActivityID": "{a0dfa014-20c4-4e8d-82c7-de5ac64dded0}", "@RelatedActivityID": ""}, "Execution": {"@ProcessID": "5304", "@ThreadID": "6756"}, "Channel": null, "Computer": "LAPTOP-JU4M3I0E", "Security": {"@UserID": ""}}, "EventData": {"Data": [{"@Name": "InterfaceUuid", "#text": "{88143fd0-c28d-4b2b-8fef-8d882f6a9390}"}, {"@Name": "ProcNum", "#text": "1"}, {"@Name": "Protocol", "#text": "3"}, {"@Name": "NetworkAddress", "#text": "NULL"}, {"@Name": "Endpoint", "#text": "LSMApi"}, {"@Name": "Options", "#text": "NULL"}, {"@Name": "AuthenticationLevel", "#text": "6"}, {"@Name": "AuthenticationService", "#text": "20"}, {"@Name": "ImpersonationLevel", "#text": "3"}]}}}, {"Event": {"@xmlns": "http://schemas.microsoft.com/win/2004/08/events/event", "System": {"Provider": {"@Name": "Microsoft-Windows-RPC", "@Guid": "{6ad52b32-d609-4be9-ae07-ce8dae937e39}"}, "EventID": {"@Qualifiers": "", "#text": "6"}, "Version": "1", "Level": "4", "Task": "2", "Opcode": "1", "Keywords": "0x4000000000000000", "TimeCreated": {"@SystemTime": "2021-08-17 12:26:51.195553"}, "EventRecordID": "8944", "Correlation": {"@ActivityID": "{16840ec0-1d99-4b8e-98c4-5ebf4fe1310a}", "@RelatedActivityID": ""}, "Execution": {"@ProcessID": "1140", "@ThreadID": "14212"}, "Channel": null, "Computer": "LAPTOP-JU4M3I0E", "Security": {"@UserID": ""}}, "EventData": {"Data": [{"@Name": "InterfaceUuid", "#text": "{88143fd0-c28d-4b2b-8fef-8d882f6a9390}"}, {"@Name": "ProcNum", "#text": "1"}, {"@Name": "Protocol", "#text": "3"}, {"@Name": "NetworkAddress", "#text": "NULL"}, {"@Name": "Endpoint", "#text": "LSMApi"}, {"@Name": "Options", "#text": "NULL"}, {"@Name": "AuthenticationLevel", "#text": "6"}, {"@Name": "AuthenticationService", "#text": "20"}, {"@Name": "ImpersonationLevel", "#text": "0"}]}}}, {"Event": {"@xmlns": "http://schemas.microsoft.com/win/2004/08/events/event", "System": {"Provider": {"@Name": "Microsoft-Windows-RPC", "@Guid": "{6ad52b32-d609-4be9-ae07-ce8dae937e39}"}, "EventID": {"@Qualifiers": "", "#text": "5"}, "Version": "1", "Level": "4", "Task": "1", "Opcode": "1", "Keywords": "0x4000000000000000", "TimeCreated": {"@SystemTime": "2021-08-17 12:26:51.195726"}, "EventRecordID": "8969", "Correlation": {"@ActivityID": "{942c48a8-b580-48a3-9335-17407caf5922}", "@RelatedActivityID": ""}, "Execution": {"@ProcessID": "5304", "@ThreadID": "6756"}, "Channel": null, "Computer": "LAPTOP-JU4M3I0E", "Security": {"@UserID": ""}}, "EventData": {"Data": [{"@Name": "InterfaceUuid", "#text": "{484809d6-4239-471b-b5bc-61df8c23ac48}"}, {"@Name": "ProcNum", "#text": "12"}, {"@Name": "Protocol", "#text": "3"}, {"@Name": "NetworkAddress", "#text": "NULL"}, {"@Name": "Endpoint", "#text": "LSMApi"}, {"@Name": "Options", "#text": "NULL"}, {"@Name": "AuthenticationLevel", "#text": "6"}, {"@Name": "AuthenticationService", "#text": "20"}, {"@Name": "ImpersonationLevel", "#text": "3"}]}}}, {"Event": {"@xmlns": "http://schemas.microsoft.com/win/2004/08/events/event", "System": {"Provider": {"@Name": "Microsoft-Windows-RPC", "@Guid": "{6ad52b32-d609-4be9-ae07-ce8dae937e39}"}, "EventID": {"@Qualifiers": "", "#text": "6"}, "Version": "1", "Level": "4", "Task": "2", "Opcode": "1", "Keywords": "0x4000000000000000", "TimeCreated": {"@SystemTime": "2021-08-17 12:26:51.195789"}, "EventRecordID": "8990", "Correlation": {"@ActivityID": "{773ed920-5fb5-47dc-87d6-7787b5e00e7f}", "@RelatedActivityID": ""}, "Execution": {"@ProcessID": "1140", "@ThreadID": "14212"}, "Channel": null, "Computer": "LAPTOP-JU4M3I0E", "Security": {"@UserID": ""}}, "EventData": {"Data": [{"@Name": "InterfaceUuid", "#text": "{484809d6-4239-471b-b5bc-61df8c23ac48}"}, {"@Name": "ProcNum", "#text": "12"}, {"@Name": "Protocol", "#text": "3"}, {"@Name": "NetworkAddress", "#text": "NULL"}, {"@Name": "Endpoint", "#text": "LSMApi"}, {"@Name": "Options", "#text": "NULL"}, {"@Name": "AuthenticationLevel", "#text": "6"}, {"@Name": "AuthenticationService", "#text": "20"}, {"@Name": "ImpersonationLevel", "#text": "0"}]}}}, {"Event": {"@xmlns": "http://schemas.microsoft.com/win/2004/08/events/event", "System": {"Provider": {"@Name": "Microsoft-Windows-RPC", "@Guid": "{6ad52b32-d609-4be9-ae07-ce8dae937e39}"}, "EventID": {"@Qualifiers": "", "#text": "5"}, "Version": "1", "Level": "4", "Task": "1", "Opcode": "1", "Keywords": "0x4000000000000000", "TimeCreated": {"@SystemTime": "2021-08-17 12:26:51.195959"}, "EventRecordID": "9006", "Correlation": {"@ActivityID": "{da16121e-05af-460e-b06c-55f41608d898}", "@RelatedActivityID": ""}, "Execution": {"@ProcessID": "5304", "@ThreadID": "6756"}, "Channel": null, "Computer": "LAPTOP-JU4M3I0E", "Security": {"@UserID": ""}}, "EventData": {"Data": [{"@Name": "InterfaceUuid", "#text": "{bde95fdf-eee0-45de-9e12-e5a61cd0d4fe}"}, {"@Name": "ProcNum", "#text": "9"}, {"@Name": "Protocol", "#text": "3"}, {"@Name": "NetworkAddress", "#text": "NULL"}, {"@Name": "Endpoint", "#text": "TermSrvApi"}, {"@Name": "Options", "#text": "NULL"}, {"@Name": "AuthenticationLevel", "#text": "6"}, {"@Name": "AuthenticationService", "#text": "20"}, {"@Name": "ImpersonationLevel", "#text": "3"}]}}}, {"Event": {"@xmlns": "http://schemas.microsoft.com/win/2004/08/events/event", "System": {"Provider": {"@Name": "Microsoft-Windows-RPC", "@Guid": "{6ad52b32-d609-4be9-ae07-ce8dae937e39}"}, "EventID": {"@Qualifiers": "", "#text": "6"}, "Version": "1", "Level": "4", "Task": "2", "Opcode": "1", "Keywords": "0x4000000000000000", "TimeCreated": {"@SystemTime": "2021-08-17 12:26:51.196016"}, "EventRecordID": "9026", "Correlation": {"@ActivityID": "{5395319e-80f4-4b38-8376-5b45acb1bedd}", "@RelatedActivityID": ""}, "Execution": {"@ProcessID": "1468", "@ThreadID": "16044"}, "Channel": null, "Computer": "LAPTOP-JU4M3I0E", "Security": {"@UserID": ""}}, "EventData": {"Data": [{"@Name": "InterfaceUuid", "#text": "{bde95fdf-eee0-45de-9e12-e5a61cd0d4fe}"}, {"@Name": "ProcNum", "#text": "9"}, {"@Name": "Protocol", "#text": "3"}, {"@Name": "NetworkAddress", "#text": "NULL"}, {"@Name": "Endpoint", "#text": "TermSrvApi"}, {"@Name": "Options", "#text": "NULL"}, {"@Name": "AuthenticationLevel", "#text": "6"}, {"@Name": "AuthenticationService", "#text": "20"}, {"@Name": "ImpersonationLevel", "#text": "0"}]}}}, {"Event": {"@xmlns": "http://schemas.microsoft.com/win/2004/08/events/event", "System": {"Provider": {"@Name": "Microsoft-Windows-RPC", "@Guid": "{6ad52b32-d609-4be9-ae07-ce8dae937e39}"}, "EventID": {"@Qualifiers": "", "#text": "5"}, "Version": "1", "Level": "4", "Task": "1", "Opcode": "1", "Keywords": "0x4000000000000000", "TimeCreated": {"@SystemTime": "2021-08-17 12:26:51.196045"}, "EventRecordID": "9029", "Correlation": {"@ActivityID": "{d2227355-240b-4e75-85cb-8c985fd9b181}", "@RelatedActivityID": ""}, "Execution": {"@ProcessID": "1468", "@ThreadID": "16044"}, "Channel": null, "Computer": "LAPTOP-JU4M3I0E", "Security": {"@UserID": ""}}, "EventData": {"Data": [{"@Name": "InterfaceUuid", "#text": "{959c5a99-177c-478e-8c3b-77e07e9bf3aa}"}, {"@Name": "ProcNum", "#text": "3"}, {"@Name": "Protocol", "#text": "3"}, {"@Name": "NetworkAddress", "#text": "NULL"}, {"@Name": "Endpoint", "#text": "OLE9FF44EB366DDC413A5E3AE131888"}, {"@Name": "Options", "#text": "NULL"}, {"@Name": "AuthenticationLevel", "#text": "6"}, {"@Name": "AuthenticationService", "#text": "20"}, {"@Name": "ImpersonationLevel", "#text": "2"}]}}}, {"Event": {"@xmlns": "http://schemas.microsoft.com/win/2004/08/events/event", "System": {"Provider": {"@Name": "Microsoft-Windows-RPC", "@Guid": "{6ad52b32-d609-4be9-ae07-ce8dae937e39}"}, "EventID": {"@Qualifiers": "", "#text": "6"}, "Version": "1", "Level": "4", "Task": "2", "Opcode": "1", "Keywords": "0x4000000000000000", "TimeCreated": {"@SystemTime": "2021-08-17 12:26:51.196098"}, "EventRecordID": "9038", "Correlation": {"@ActivityID": "{db4bd648-d96d-4f67-b828-69f9be86594c}", "@RelatedActivityID": ""}, "Execution": {"@ProcessID": "1140", "@ThreadID": "14212"}, "Channel": null, "Computer": "LAPTOP-JU4M3I0E", "Security": {"@UserID": ""}}, "EventData": {"Data": [{"@Name": "InterfaceUuid", "#text": "{959c5a99-177c-478e-8c3b-77e07e9bf3aa}"}, {"@Name": "ProcNum", "#text": "3"}, {"@Name": "Protocol", "#text": "3"}, {"@Name": "NetworkAddress", "#text": "NULL"}, {"@Name": "Endpoint", "#text": "OLE9FF44EB366DDC413A5E3AE131888"}, {"@Name": "Options", "#text": "NULL"}, {"@Name": "AuthenticationLevel", "#text": "6"}, {"@Name": "AuthenticationService", "#text": "20"}, {"@Name": "ImpersonationLevel", "#text": "0"}]}}}, {"Event": {"@xmlns": "http://schemas.microsoft.com/win/2004/08/events/event", "System": {"Provider": {"@Name": "Microsoft-Windows-RPC", "@Guid": "{6ad52b32-d609-4be9-ae07-ce8dae937e39}"}, "EventID": {"@Qualifiers": "", "#text": "5"}, "Version": "1", "Level": "4", "Task": "1", "Opcode": "1", "Keywords": "0x4000000000000000", "TimeCreated": {"@SystemTime": "2021-08-17 12:26:51.196270"}, "EventRecordID": "9051", "Correlation": {"@ActivityID": "{30a7ee07-33b9-4fe7-8d5a-d0e59373b111}", "@RelatedActivityID": ""}, "Execution": {"@ProcessID": "1468", "@ThreadID": "16044"}, "Channel": null, "Computer": "LAPTOP-JU4M3I0E", "Security": {"@UserID": ""}}, "EventData": {"Data": [{"@Name": "InterfaceUuid", "#text": "{a1b7de7a-4e77-43db-ae78-96fc182fed4a}"}, {"@Name": "ProcNum", "#text": "19"}, {"@Name": "Protocol", "#text": "3"}, {"@Name": "NetworkAddress", "#text": "NULL"}, {"@Name": "Endpoint", "#text": "OLE9FF44EB366DDC413A5E3AE131888"}, {"@Name": "Options", "#text": "NULL"}, {"@Name": "AuthenticationLevel", "#text": "6"}, {"@Name": "AuthenticationService", "#text": "20"}, {"@Name": "ImpersonationLevel", "#text": "2"}]}}}, {"Event": {"@xmlns": "http://schemas.microsoft.com/win/2004/08/events/event", "System": {"Provider": {"@Name": "Microsoft-Windows-RPC", "@Guid": "{6ad52b32-d609-4be9-ae07-ce8dae937e39}"}, "EventID": {"@Qualifiers": "", "#text": "6"}, "Version": "1", "Level": "4", "Task": "2", "Opcode": "1", "Keywords": "0x4000000000000000", "TimeCreated": {"@SystemTime": "2021-08-17 12:26:51.196342"}, "EventRecordID": "9060", "Correlation": {"@ActivityID": "{070db11b-bf79-4f9b-8586-0a8abff3f04f}", "@RelatedActivityID": ""}, "Execution": {"@ProcessID": "1140", "@ThreadID": "14212"}, "Channel": null, "Computer": "LAPTOP-JU4M3I0E", "Security": {"@UserID": ""}}, "EventData": {"Data": [{"@Name": "InterfaceUuid", "#text": "{a1b7de7a-4e77-43db-ae78-96fc182fed4a}"}, {"@Name": "ProcNum", "#text": "19"}, {"@Name": "Protocol", "#text": "3"}, {"@Name": "NetworkAddress", "#text": "NULL"}, {"@Name": "Endpoint", "#text": "OLE9FF44EB366DDC413A5E3AE131888"}, {"@Name": "Options", "#text": "NULL"}, {"@Name": "AuthenticationLevel", "#text": "6"}, {"@Name": "AuthenticationService", "#text": "20"}, {"@Name": "ImpersonationLevel", "#text": "0"}]}}}, {"Event": {"@xmlns": "http://schemas.microsoft.com/win/2004/08/events/event", "System": {"Provider": {"@Name": "Microsoft-Windows-RPC", "@Guid": "{6ad52b32-d609-4be9-ae07-ce8dae937e39}"}, "EventID": {"@Qualifiers": "", "#text": "5"}, "Version": "1", "Level": "4", "Task": "1", "Opcode": "1", "Keywords": "0x4000000000000000", "TimeCreated": {"@SystemTime": "2021-08-17 12:26:51.196405"}, "EventRecordID": "9063", "Correlation": {"@ActivityID": "{33f342b9-4e2d-413d-a9b2-d3fe9b2ebf62}", "@RelatedActivityID": ""}, "Execution": {"@ProcessID": "1140", "@ThreadID": "14212"}, "Channel": null, "Computer": "LAPTOP-JU4M3I0E", "Security": {"@UserID": ""}}, "EventData": {"Data": [{"@Name": "InterfaceUuid", "#text": "{4d10b48b-c531-4731-9bde-b03c28e9c61c}"}, {"@Name": "ProcNum", "#text": "11"}, {"@Name": "Protocol", "#text": "3"}, {"@Name": "NetworkAddress", "#text": "NULL"}, {"@Name": "Endpoint", "#text": "OLE6DAE6D441C6DB15C9F7165B5F42F"}, {"@Name": "Options", "#text": "NULL"}, {"@Name": "AuthenticationLevel", "#text": "6"}, {"@Name": "AuthenticationService", "#text": "20"}, {"@Name": "ImpersonationLevel", "#text": "2"}]}}}, {"Event": {"@xmlns": "http://schemas.microsoft.com/win/2004/08/events/event", "System": {"Provider": {"@Name": "Microsoft-Windows-RPC", "@Guid": "{6ad52b32-d609-4be9-ae07-ce8dae937e39}"}, "EventID": {"@Qualifiers": "", "#text": "6"}, "Version": "1", "Level": "4", "Task": "2", "Opcode": "1", "Keywords": "0x4000000000000000", "TimeCreated": {"@SystemTime": "2021-08-17 12:26:51.196457"}, "EventRecordID": "9072", "Correlation": {"@ActivityID": "{c4f1f115-d47d-4cdd-ad02-6611c6217f46}", "@RelatedActivityID": ""}, "Execution": {"@ProcessID": "1468", "@ThreadID": "24268"}, "Channel": null, "Computer": "LAPTOP-JU4M3I0E", "Security": {"@UserID": ""}}, "EventData": {"Data": [{"@Name": "InterfaceUuid", "#text": "{4d10b48b-c531-4731-9bde-b03c28e9c61c}"}, {"@Name": "ProcNum", "#text": "11"}, {"@Name": "Protocol", "#text": "3"}, {"@Name": "NetworkAddress", "#text": "NULL"}, {"@Name": "Endpoint", "#text": "OLE6DAE6D441C6DB15C9F7165B5F42F"}, {"@Name": "Options", "#text": "NULL"}, {"@Name": "AuthenticationLevel", "#text": "6"}, {"@Name": "AuthenticationService", "#text": "20"}, {"@Name": "ImpersonationLevel", "#text": "0"}]}}}, {"Event": {"@xmlns": "http://schemas.microsoft.com/win/2004/08/events/event", "System": {"Provider": {"@Name": "Microsoft-Windows-RPC", "@Guid": "{6ad52b32-d609-4be9-ae07-ce8dae937e39}"}, "EventID": {"@Qualifiers": "", "#text": "5"}, "Version": "1", "Level": "4", "Task": "1", "Opcode": "1", "Keywords": "0x4000000000000000", "TimeCreated": {"@SystemTime": "2021-08-17 12:26:51.196659"}, "EventRecordID": "9085", "Correlation": {"@ActivityID": "{e2e612ee-866f-450b-954e-70a4e95d3985}", "@RelatedActivityID": ""}, "Execution": {"@ProcessID": "1140", "@ThreadID": "14212"}, "Channel": null, "Computer": "LAPTOP-JU4M3I0E", "Security": {"@UserID": ""}}, "EventData": {"Data": [{"@Name": "InterfaceUuid", "#text": "{00000134-0000-0000-c000-000000000046}"}, {"@Name": "ProcNum", "#text": "5"}, {"@Name": "Protocol", "#text": "3"}, {"@Name": "NetworkAddress", "#text": "NULL"}, {"@Name": "Endpoint", "#text": "OLE6DAE6D441C6DB15C9F7165B5F42F"}, {"@Name": "Options", "#text": "NULL"}, {"@Name": "AuthenticationLevel", "#text": "6"}, {"@Name": "AuthenticationService", "#text": "20"}, {"@Name": "ImpersonationLevel", "#text": "2"}]}}}, {"Event": {"@xmlns": "http://schemas.microsoft.com/win/2004/08/events/event", "System": {"Provider": {"@Name": "Microsoft-Windows-RPC", "@Guid": "{6ad52b32-d609-4be9-ae07-ce8dae937e39}"}, "EventID": {"@Qualifiers": "", "#text": "6"}, "Version": "1", "Level": "4", "Task": "2", "Opcode": "1", "Keywords": "0x4000000000000000", "TimeCreated": {"@SystemTime": "2021-08-17 12:26:51.196711"}, "EventRecordID": "9094", "Correlation": {"@ActivityID": "{9ca80263-e8da-421e-b675-ce7767913460}", "@RelatedActivityID": ""}, "Execution": {"@ProcessID": "1468", "@ThreadID": "24268"}, "Channel": null, "Computer": "LAPTOP-JU4M3I0E", "Security": {"@UserID": ""}}, "EventData": {"Data": [{"@Name": "InterfaceUuid", "#text": "{00000134-0000-0000-c000-000000000046}"}, {"@Name": "ProcNum", "#text": "5"}, {"@Name": "Protocol", "#text": "3"}, {"@Name": "NetworkAddress", "#text": "NULL"}, {"@Name": "Endpoint", "#text": "OLE6DAE6D441C6DB15C9F7165B5F42F"}, {"@Name": "Options", "#text": "NULL"}, {"@Name": "AuthenticationLevel", "#text": "6"}, {"@Name": "AuthenticationService", "#text": "20"}, {"@Name": "ImpersonationLevel", "#text": "0"}]}}}, {"Event": {"@xmlns": "http://schemas.microsoft.com/win/2004/08/events/event", "System": {"Provider": {"@Name": "Microsoft-Windows-RPC", "@Guid": "{6ad52b32-d609-4be9-ae07-ce8dae937e39}"}, "EventID": {"@Qualifiers": "", "#text": "5"}, "Version": "1", "Level": "4", "Task": "1", "Opcode": "1", "Keywords": "0x4000000000000000", "TimeCreated": {"@SystemTime": "2021-08-17 12:26:51.196857"}, "EventRecordID": "9117", "Correlation": {"@ActivityID": "{95b7e931-4302-4542-a5b5-ec466433dcfb}", "@RelatedActivityID": ""}, "Execution": {"@ProcessID": "1468", "@ThreadID": "16044"}, "Channel": null, "Computer": "LAPTOP-JU4M3I0E", "Security": {"@UserID": ""}}, "EventData": {"Data": [{"@Name": "InterfaceUuid", "#text": "{a1b7de7a-4e77-43db-ae78-96fc182fed4a}"}, {"@Name": "ProcNum", "#text": "14"}, {"@Name": "Protocol", "#text": "3"}, {"@Name": "NetworkAddress", "#text": "NULL"}, {"@Name": "Endpoint", "#text": "OLE9FF44EB366DDC413A5E3AE131888"}, {"@Name": "Options", "#text": "NULL"}, {"@Name": "AuthenticationLevel", "#text": "6"}, {"@Name": "AuthenticationService", "#text": "20"}, {"@Name": "ImpersonationLevel", "#text": "2"}]}}}, {"Event": {"@xmlns": "http://schemas.microsoft.com/win/2004/08/events/event", "System": {"Provider": {"@Name": "Microsoft-Windows-RPC", "@Guid": "{6ad52b32-d609-4be9-ae07-ce8dae937e39}"}, "EventID": {"@Qualifiers": "", "#text": "6"}, "Version": "1", "Level": "4", "Task": "2", "Opcode": "1", "Keywords": "0x4000000000000000", "TimeCreated": {"@SystemTime": "2021-08-17 12:26:51.196907"}, "EventRecordID": "9125", "Correlation": {"@ActivityID": "{4097bbed-e9ba-4a31-ae33-fe358e8f54c1}", "@RelatedActivityID": ""}, "Execution": {"@ProcessID": "1140", "@ThreadID": "14212"}, "Channel": null, "Computer": "LAPTOP-JU4M3I0E", "Security": {"@UserID": ""}}, "EventData": {"Data": [{"@Name": "InterfaceUuid", "#text": "{a1b7de7a-4e77-43db-ae78-96fc182fed4a}"}, {"@Name": "ProcNum", "#text": "14"}, {"@Name": "Protocol", "#text": "3"}, {"@Name": "NetworkAddress", "#text": "NULL"}, {"@Name": "Endpoint", "#text": "OLE9FF44EB366DDC413A5E3AE131888"}, {"@Name": "Options", "#text": "NULL"}, {"@Name": "AuthenticationLevel", "#text": "6"}, {"@Name": "AuthenticationService", "#text": "20"}, {"@Name": "ImpersonationLevel", "#text": "0"}]}}}, {"Event": {"@xmlns": "http://schemas.microsoft.com/win/2004/08/events/event", "System": {"Provider": {"@Name": "Microsoft-Windows-RPC", "@Guid": "{6ad52b32-d609-4be9-ae07-ce8dae937e39}"}, "EventID": {"@Qualifiers": "", "#text": "5"}, "Version": "1", "Level": "4", "Task": "1", "Opcode": "1", "Keywords": "0x4000000000000000", "TimeCreated": {"@SystemTime": "2021-08-17 12:26:51.197062"}, "EventRecordID": "9138", "Correlation": {"@ActivityID": "{930a13bb-0b57-4ed5-9216-18cfbc162587}", "@RelatedActivityID": ""}, "Execution": {"@ProcessID": "1468", "@ThreadID": "16044"}, "Channel": null, "Computer": "LAPTOP-JU4M3I0E", "Security": {"@UserID": ""}}, "EventData": {"Data": [{"@Name": "InterfaceUuid", "#text": "{00000134-0000-0000-c000-000000000046}"}, {"@Name": "ProcNum", "#text": "3"}, {"@Name": "Protocol", "#text": "3"}, {"@Name": "NetworkAddress", "#text": "NULL"}, {"@Name": "Endpoint", "#text": "OLE9FF44EB366DDC413A5E3AE131888"}, {"@Name": "Options", "#text": "NULL"}, {"@Name": "AuthenticationLevel", "#text": "6"}, {"@Name": "AuthenticationService", "#text": "20"}, {"@Name": "ImpersonationLevel", "#text": "2"}]}}}, {"Event": {"@xmlns": "http://schemas.microsoft.com/win/2004/08/events/event", "System": {"Provider": {"@Name": "Microsoft-Windows-RPC", "@Guid": "{6ad52b32-d609-4be9-ae07-ce8dae937e39}"}, "EventID": {"@Qualifiers": "", "#text": "6"}, "Version": "1", "Level": "4", "Task": "2", "Opcode": "1", "Keywords": "0x4000000000000000", "TimeCreated": {"@SystemTime": "2021-08-17 12:26:51.197117"}, "EventRecordID": "9147", "Correlation": {"@ActivityID": "{d58b4d80-7fb8-49a1-9993-70eba9d62783}", "@RelatedActivityID": ""}, "Execution": {"@ProcessID": "1140", "@ThreadID": "14212"}, "Channel": null, "Computer": "LAPTOP-JU4M3I0E", "Security": {"@UserID": ""}}, "EventData": {"Data": [{"@Name": "InterfaceUuid", "#text": "{00000134-0000-0000-c000-000000000046}"}, {"@Name": "ProcNum", "#text": "3"}, {"@Name": "Protocol", "#text": "3"}, {"@Name": "NetworkAddress", "#text": "NULL"}, {"@Name": "Endpoint", "#text": "OLE9FF44EB366DDC413A5E3AE131888"}, {"@Name": "Options", "#text": "NULL"}, {"@Name": "AuthenticationLevel", "#text": "6"}, {"@Name": "AuthenticationService", "#text": "20"}, {"@Name": "ImpersonationLevel", "#text": "0"}]}}}, {"Event": {"@xmlns": "http://schemas.microsoft.com/win/2004/08/events/event", "System": {"Provider": {"@Name": "Microsoft-Windows-RPC", "@Guid": "{6ad52b32-d609-4be9-ae07-ce8dae937e39}"}, "EventID": {"@Qualifiers": "", "#text": "5"}, "Version": "1", "Level": "4", "Task": "1", "Opcode": "1", "Keywords": "0x4000000000000000", "TimeCreated": {"@SystemTime": "2021-08-17 12:26:51.197235"}, "EventRecordID": "9160", "Correlation": {"@ActivityID": "{4d91ef80-9ba3-460c-811c-3130dc4c0a45}", "@RelatedActivityID": ""}, "Execution": {"@ProcessID": "1468", "@ThreadID": "16044"}, "Channel": null, "Computer": "LAPTOP-JU4M3I0E", "Security": {"@UserID": ""}}, "EventData": {"Data": [{"@Name": "InterfaceUuid", "#text": "{00000134-0000-0000-c000-000000000046}"}, {"@Name": "ProcNum", "#text": "5"}, {"@Name": "Protocol", "#text": "3"}, {"@Name": "NetworkAddress", "#text": "NULL"}, {"@Name": "Endpoint", "#text": "OLE9FF44EB366DDC413A5E3AE131888"}, {"@Name": "Options", "#text": "NULL"}, {"@Name": "AuthenticationLevel", "#text": "6"}, {"@Name": "AuthenticationService", "#text": "20"}, {"@Name": "ImpersonationLevel", "#text": "2"}]}}}, {"Event": {"@xmlns": "http://schemas.microsoft.com/win/2004/08/events/event", "System": {"Provider": {"@Name": "Microsoft-Windows-RPC", "@Guid": "{6ad52b32-d609-4be9-ae07-ce8dae937e39}"}, "EventID": {"@Qualifiers": "", "#text": "6"}, "Version": "1", "Level": "4", "Task": "2", "Opcode": "1", "Keywords": "0x4000000000000000", "TimeCreated": {"@SystemTime": "2021-08-17 12:26:51.197281"}, "EventRecordID": "9168", "Correlation": {"@ActivityID": "{397f29b5-15e1-4ac7-b0f5-486424e27254}", "@RelatedActivityID": ""}, "Execution": {"@ProcessID": "1140", "@ThreadID": "14212"}, "Channel": null, "Computer": "LAPTOP-JU4M3I0E", "Security": {"@UserID": ""}}, "EventData": {"Data": [{"@Name": "InterfaceUuid", "#text": "{00000134-0000-0000-c000-000000000046}"}, {"@Name": "ProcNum", "#text": "5"}, {"@Name": "Protocol", "#text": "3"}, {"@Name": "NetworkAddress", "#text": "NULL"}, {"@Name": "Endpoint", "#text": "OLE9FF44EB366DDC413A5E3AE131888"}, {"@Name": "Options", "#text": "NULL"}, {"@Name": "AuthenticationLevel", "#text": "6"}, {"@Name": "AuthenticationService", "#text": "20"}, {"@Name": "ImpersonationLevel", "#text": "0"}]}}}, {"Event": {"@xmlns": "http://schemas.microsoft.com/win/2004/08/events/event", "System": {"Provider": {"@Name": "Microsoft-Windows-RPC", "@Guid": "{6ad52b32-d609-4be9-ae07-ce8dae937e39}"}, "EventID": {"@Qualifiers": "", "#text": "5"}, "Version": "1", "Level": "4", "Task": "1", "Opcode": "1", "Keywords": "0x4000000000000000", "TimeCreated": {"@SystemTime": "2021-08-17 12:26:51.197479"}, "EventRecordID": "9201", "Correlation": {"@ActivityID": "{49320e5b-46e2-4a6a-b660-9da7524caf54}", "@RelatedActivityID": ""}, "Execution": {"@ProcessID": "5304", "@ThreadID": "6756"}, "Channel": null, "Computer": "LAPTOP-JU4M3I0E", "Security": {"@UserID": ""}}, "EventData": {"Data": [{"@Name": "InterfaceUuid", "#text": "{88143fd0-c28d-4b2b-8fef-8d882f6a9390}"}, {"@Name": "ProcNum", "#text": "0"}, {"@Name": "Protocol", "#text": "3"}, {"@Name": "NetworkAddress", "#text": "NULL"}, {"@Name": "Endpoint", "#text": "LSMApi"}, {"@Name": "Options", "#text": "NULL"}, {"@Name": "AuthenticationLevel", "#text": "6"}, {"@Name": "AuthenticationService", "#text": "20"}, {"@Name": "ImpersonationLevel", "#text": "3"}]}}}, {"Event": {"@xmlns": "http://schemas.microsoft.com/win/2004/08/events/event", "System": {"Provider": {"@Name": "Microsoft-Windows-RPC", "@Guid": "{6ad52b32-d609-4be9-ae07-ce8dae937e39}"}, "EventID": {"@Qualifiers": "", "#text": "6"}, "Version": "1", "Level": "4", "Task": "2", "Opcode": "1", "Keywords": "0x4000000000000000", "TimeCreated": {"@SystemTime": "2021-08-17 12:26:51.197544"}, "EventRecordID": "9222", "Correlation": {"@ActivityID": "{c9e74c3a-9fbb-43c9-aa15-0d7c32e5cae1}", "@RelatedActivityID": ""}, "Execution": {"@ProcessID": "1140", "@ThreadID": "14212"}, "Channel": null, "Computer": "LAPTOP-JU4M3I0E", "Security": {"@UserID": ""}}, "EventData": {"Data": [{"@Name": "InterfaceUuid", "#text": "{88143fd0-c28d-4b2b-8fef-8d882f6a9390}"}, {"@Name": "ProcNum", "#text": "0"}, {"@Name": "Protocol", "#text": "3"}, {"@Name": "NetworkAddress", "#text": "NULL"}, {"@Name": "Endpoint", "#text": "LSMApi"}, {"@Name": "Options", "#text": "NULL"}, {"@Name": "AuthenticationLevel", "#text": "6"}, {"@Name": "AuthenticationService", "#text": "20"}, {"@Name": "ImpersonationLevel", "#text": "0"}]}}}, {"Event": {"@xmlns": "http://schemas.microsoft.com/win/2004/08/events/event", "System": {"Provider": {"@Name": "Microsoft-Windows-RPC", "@Guid": "{6ad52b32-d609-4be9-ae07-ce8dae937e39}"}, "EventID": {"@Qualifiers": "", "#text": "5"}, "Version": "1", "Level": "4", "Task": "1", "Opcode": "1", "Keywords": "0x4000000000000000", "TimeCreated": {"@SystemTime": "2021-08-17 12:26:51.197664"}, "EventRecordID": "9239", "Correlation": {"@ActivityID": "{7c296d51-68e8-446e-a09d-1d2849a25881}", "@RelatedActivityID": ""}, "Execution": {"@ProcessID": "5304", "@ThreadID": "6756"}, "Channel": null, "Computer": "LAPTOP-JU4M3I0E", "Security": {"@UserID": ""}}, "EventData": {"Data": [{"@Name": "InterfaceUuid", "#text": "{88143fd0-c28d-4b2b-8fef-8d882f6a9390}"}, {"@Name": "ProcNum", "#text": "5"}, {"@Name": "Protocol", "#text": "3"}, {"@Name": "NetworkAddress", "#text": "NULL"}, {"@Name": "Endpoint", "#text": "LSMApi"}, {"@Name": "Options", "#text": "NULL"}, {"@Name": "AuthenticationLevel", "#text": "6"}, {"@Name": "AuthenticationService", "#text": "20"}, {"@Name": "ImpersonationLevel", "#text": "3"}]}}}, {"Event": {"@xmlns": "http://schemas.microsoft.com/win/2004/08/events/event", "System": {"Provider": {"@Name": "Microsoft-Windows-RPC", "@Guid": "{6ad52b32-d609-4be9-ae07-ce8dae937e39}"}, "EventID": {"@Qualifiers": "", "#text": "6"}, "Version": "1", "Level": "4", "Task": "2", "Opcode": "1", "Keywords": "0x4000000000000000", "TimeCreated": {"@SystemTime": "2021-08-17 12:26:51.197706"}, "EventRecordID": "9251", "Correlation": {"@ActivityID": "{4a7d75ed-4b17-4bee-828f-f9c2bde7220e}", "@RelatedActivityID": ""}, "Execution": {"@ProcessID": "1140", "@ThreadID": "14212"}, "Channel": null, "Computer": "LAPTOP-JU4M3I0E", "Security": {"@UserID": ""}}, "EventData": {"Data": [{"@Name": "InterfaceUuid", "#text": "{88143fd0-c28d-4b2b-8fef-8d882f6a9390}"}, {"@Name": "ProcNum", "#text": "5"}, {"@Name": "Protocol", "#text": "3"}, {"@Name": "NetworkAddress", "#text": "NULL"}, {"@Name": "Endpoint", "#text": "LSMApi"}, {"@Name": "Options", "#text": "NULL"}, {"@Name": "AuthenticationLevel", "#text": "6"}, {"@Name": "AuthenticationService", "#text": "20"}, {"@Name": "ImpersonationLevel", "#text": "0"}]}}}, {"Event": {"@xmlns": "http://schemas.microsoft.com/win/2004/08/events/event", "System": {"Provider": {"@Name": "Microsoft-Windows-RPC", "@Guid": "{6ad52b32-d609-4be9-ae07-ce8dae937e39}"}, "EventID": {"@Qualifiers": "", "#text": "5"}, "Version": "1", "Level": "4", "Task": "1", "Opcode": "1", "Keywords": "0x4000000000000000", "TimeCreated": {"@SystemTime": "2021-08-17 12:26:51.197872"}, "EventRecordID": "9269", "Correlation": {"@ActivityID": "{74b47e3c-279a-46e8-88fb-c0e2bbdbe637}", "@RelatedActivityID": ""}, "Execution": {"@ProcessID": "5304", "@ThreadID": "6756"}, "Channel": null, "Computer": "LAPTOP-JU4M3I0E", "Security": {"@UserID": ""}}, "EventData": {"Data": [{"@Name": "InterfaceUuid", "#text": "{bde95fdf-eee0-45de-9e12-e5a61cd0d4fe}"}, {"@Name": "ProcNum", "#text": "8"}, {"@Name": "Protocol", "#text": "3"}, {"@Name": "NetworkAddress", "#text": "NULL"}, {"@Name": "Endpoint", "#text": "TermSrvApi"}, {"@Name": "Options", "#text": "NULL"}, {"@Name": "AuthenticationLevel", "#text": "6"}, {"@Name": "AuthenticationService", "#text": "20"}, {"@Name": "ImpersonationLevel", "#text": "3"}]}}}, {"Event": {"@xmlns": "http://schemas.microsoft.com/win/2004/08/events/event", "System": {"Provider": {"@Name": "Microsoft-Windows-RPC", "@Guid": "{6ad52b32-d609-4be9-ae07-ce8dae937e39}"}, "EventID": {"@Qualifiers": "", "#text": "6"}, "Version": "1", "Level": "4", "Task": "2", "Opcode": "1", "Keywords": "0x4000000000000000", "TimeCreated": {"@SystemTime": "2021-08-17 12:26:51.197926"}, "EventRecordID": "9289", "Correlation": {"@ActivityID": "{b93b5b4f-161a-4377-a76e-373dbd874c00}", "@RelatedActivityID": ""}, "Execution": {"@ProcessID": "1468", "@ThreadID": "16044"}, "Channel": null, "Computer": "LAPTOP-JU4M3I0E", "Security": {"@UserID": ""}}, "EventData": {"Data": [{"@Name": "InterfaceUuid", "#text": "{bde95fdf-eee0-45de-9e12-e5a61cd0d4fe}"}, {"@Name": "ProcNum", "#text": "8"}, {"@Name": "Protocol", "#text": "3"}, {"@Name": "NetworkAddress", "#text": "NULL"}, {"@Name": "Endpoint", "#text": "TermSrvApi"}, {"@Name": "Options", "#text": "NULL"}, {"@Name": "AuthenticationLevel", "#text": "6"}, {"@Name": "AuthenticationService", "#text": "20"}, {"@Name": "ImpersonationLevel", "#text": "0"}]}}}, 