{"Event": {"@xmlns": "http://schemas.microsoft.com/win/2004/08/events/event", "System": {"Provider": {"@Name": "Microsoft-Windows-RPC", "@Guid": "{6ad52b32-d609-4be9-ae07-ce8dae937e39}"}, "EventID": {"@Qualifiers": "", "#text": "6"}, "Version": "1", "Level": "4", "Task": "2", "Opcode": "1", "Keywords": "0x4000000000000000", "TimeCreated": {"@SystemTime": "2021-08-17 12:26:49.949057"}, "EventRecordID": "1151", "Correlation": {"@ActivityID": "{bc6481b9-75ab-410c-87e2-db7954816e72}", "@RelatedActivityID": ""}, "Execution": {"@ProcessID": "1140", "@ThreadID": "14212"}, "Channel": null, "Computer": "LAPTOP-JU4M3I0E", "Security": {"@UserID": ""}}, "EventData": {"Data": [{"@Name": "InterfaceUuid", "#text": "{88143fd0-c28d-4b2b-8fef-8d882f6a9390}"}, {"@Name": "ProcNum", "#text": "5"}, {"@Name": "Protocol", "#text": "3"}, {"@Name": "NetworkAddress", "#text": "NULL"}, {"@Name": "Endpoint", "#text": "LSMApi"}, {"@Name": "Options", "#text": "NULL"}, {"@Name": "AuthenticationLevel", "#text": "6"}, {"@Name": "AuthenticationService", "#text": "20"}, {"@Name": "ImpersonationLevel", "#text": "0"}]}}}, {"Event": {"@xmlns": "http://schemas.microsoft.com/win/2004/08/events/event", "System": {"Provider": {"@Name": "Microsoft-Windows-RPC", "@Guid": "{6ad52b32-d609-4be9-ae07-ce8dae937e39}"}, "EventID": {"@Qualifiers": "", "#text": "5"}, "Version": "1", "Level": "4", "Task": "1", "Opcode": "1", "Keywords": "0x4000000000000000", "TimeCreated": {"@SystemTime": "2021-08-17 12:26:49.949203"}, "EventRecordID": "1169", "Correlation": {"@ActivityID": "{5a3c1341-fa2f-4a42-8323-fbc35f92b2ee}", "@RelatedActivityID": ""}, "Execution": {"@ProcessID": "5304", "@ThreadID": "6756"}, "Channel": null, "Computer": "LAPTOP-JU4M3I0E", "Security": {"@UserID": ""}}, "EventData": {"Data": [{"@Name": "InterfaceUuid", "#text": "{bde95fdf-eee0-45de-9e12-e5a61cd0d4fe}"}, {"@Name": "ProcNum", "#text": "8"}, {"@Name": "Protocol", "#text": "3"}, {"@Name": "NetworkAddress", "#text": "NULL"}, {"@Name": "Endpoint", "#text": "TermSrvApi"}, {"@Name": "Options", "#text": "NULL"}, {"@Name": "AuthenticationLevel", "#text": "6"}, {"@Name": "AuthenticationService", "#text": "20"}, {"@Name": "ImpersonationLevel", "#text": "3"}]}}}, {"Event": {"@xmlns": "http://schemas.microsoft.com/win/2004/08/events/event", "System": {"Provider": {"@Name": "Microsoft-Windows-RPC", "@Guid": "{6ad52b32-d609-4be9-ae07-ce8dae937e39}"}, "EventID": {"@Qualifiers": "", "#text": "6"}, "Version": "1", "Level": "4", "Task": "2", "Opcode": "1", "Keywords": "0x4000000000000000", "TimeCreated": {"@SystemTime": "2021-08-17 12:26:49.949253"}, "EventRecordID": "1189", "Correlation": {"@ActivityID": "{d33ff273-bd8d-4652-bdcd-b1517b182ad4}", "@RelatedActivityID": ""}, "Execution": {"@ProcessID": "1468", "@ThreadID": "16044"}, "Channel": null, "Computer": "LAPTOP-JU4M3I0E", "Security": {"@UserID": ""}}, "EventData": {"Data": [{"@Name": "InterfaceUuid", "#text": "{bde95fdf-eee0-45de-9e12-e5a61cd0d4fe}"}, {"@Name": "ProcNum", "#text": "8"}, {"@Name": "Protocol", "#text": "3"}, {"@Name": "NetworkAddress", "#text": "NULL"}, {"@Name": "Endpoint", "#text": "TermSrvApi"}, {"@Name": "Options", "#text": "NULL"}, {"@Name": "AuthenticationLevel", "#text": "6"}, {"@Name": "AuthenticationService", "#text": "20"}, {"@Name": "ImpersonationLevel", "#text": "0"}]}}}, {"Event": {"@xmlns": "http://schemas.microsoft.com/win/2004/08/events/event", "System": {"Provider": {"@Name": "Microsoft-Windows-RPC", "@Guid": "{6ad52b32-d609-4be9-ae07-ce8dae937e39}"}, "EventID": {"@Qualifiers": "", "#text": "5"}, "Version": "1", "Level": "4", "Task": "1", "Opcode": "1", "Keywords": "0x4000000000000000", "TimeCreated": {"@SystemTime": "2021-08-17 12:26:49.949356"}, "EventRecordID": "1208", "Correlation": {"@ActivityID": "{5b492609-da0b-485b-b6cf-9abbd1998d80}", "@RelatedActivityID": ""}, "Execution": {"@ProcessID": "5304", "@ThreadID": "6756"}, "Channel": null, "Computer": "LAPTOP-JU4M3I0E", "Security": {"@UserID": ""}}, "EventData": {"Data": [{"@Name": "InterfaceUuid", "#text": "{88143fd0-c28d-4b2b-8fef-8d882f6a9390}"}, {"@Name": "ProcNum", "#text": "1"}, {"@Name": "Protocol", "#text": "3"}, {"@Name": "NetworkAddress", "#text": "NULL"}, {"@Name": "Endpoint", "#text": "LSMApi"}, {"@Name": "Options", "#text": "NULL"}, {"@Name": "AuthenticationLevel", "#text": "6"}, {"@Name": "AuthenticationService", "#text": "20"}, {"@Name": "ImpersonationLevel", "#text": "3"}]}}}, {"Event": {"@xmlns": "http://schemas.microsoft.com/win/2004/08/events/event", "System": {"Provider": {"@Name": "Microsoft-Windows-RPC", "@Guid": "{6ad52b32-d609-4be9-ae07-ce8dae937e39}"}, "EventID": {"@Qualifiers": "", "#text": "6"}, "Version": "1", "Level": "4", "Task": "2", "Opcode": "1", "Keywords": "0x4000000000000000", "TimeCreated": {"@SystemTime": "2021-08-17 12:26:49.949379"}, "EventRecordID": "1217", "Correlation": {"@ActivityID": "{db3f35b7-abd2-4d2c-8ff5-d4539b15abfb}", "@RelatedActivityID": ""}, "Execution": {"@ProcessID": "1140", "@ThreadID": "14212"}, "Channel": null, "Computer": "LAPTOP-JU4M3I0E", "Security": {"@UserID": ""}}, "EventData": {"Data": [{"@Name": "InterfaceUuid", "#text": "{88143fd0-c28d-4b2b-8fef-8d882f6a9390}"}, {"@Name": "ProcNum", "#text": "1"}, {"@Name": "Protocol", "#text": "3"}, {"@Name": "NetworkAddress", "#text": "NULL"}, {"@Name": "Endpoint", "#text": "LSMApi"}, {"@Name": "Options", "#text": "NULL"}, {"@Name": "AuthenticationLevel", "#text": "6"}, {"@Name": "AuthenticationService", "#text": "20"}, {"@Name": "ImpersonationLevel", "#text": "0"}]}}}, {"Event": {"@xmlns": "http://schemas.microsoft.com/win/2004/08/events/event", "System": {"Provider": {"@Name": "Microsoft-Windows-RPC", "@Guid": "{6ad52b32-d609-4be9-ae07-ce8dae937e39}"}, "EventID": {"@Qualifiers": "", "#text": "5"}, "Version": "1", "Level": "4", "Task": "1", "Opcode": "1", "Keywords": "0x4000000000000000", "TimeCreated": {"@SystemTime": "2021-08-17 12:26:49.949493"}, "EventRecordID": "1242", "Correlation": {"@ActivityID": "{2e9d6a10-632d-44d4-a486-91702dc3f55f}", "@RelatedActivityID": ""}, "Execution": {"@ProcessID": "5304", "@ThreadID": "6756"}, "Channel": null, "Computer": "LAPTOP-JU4M3I0E", "Security": {"@UserID": ""}}, "EventData": {"Data": [{"@Name": "InterfaceUuid", "#text": "{484809d6-4239-471b-b5bc-61df8c23ac48}"}, {"@Name": "ProcNum", "#text": "12"}, {"@Name": "Protocol", "#text": "3"}, {"@Name": "NetworkAddress", "#text": "NULL"}, {"@Name": "Endpoint", "#text": "LSMApi"}, {"@Name": "Options", "#text": "NULL"}, {"@Name": "AuthenticationLevel", "#text": "6"}, {"@Name": "AuthenticationService", "#text": "20"}, {"@Name": "ImpersonationLevel", "#text": "3"}]}}}, {"Event": {"@xmlns": "http://schemas.microsoft.com/win/2004/08/events/event", "System": {"Provider": {"@Name": "Microsoft-Windows-RPC", "@Guid": "{6ad52b32-d609-4be9-ae07-ce8dae937e39}"}, "EventID": {"@Qualifiers": "", "#text": "6"}, "Version": "1", "Level": "4", "Task": "2", "Opcode": "1", "Keywords": "0x4000000000000000", "TimeCreated": {"@SystemTime": "2021-08-17 12:26:49.949528"}, "EventRecordID": "1263", "Correlation": {"@ActivityID": "{432be674-68ae-4b4c-95d1-ca1c4b55a249}", "@RelatedActivityID": ""}, "Execution": {"@ProcessID": "1140", "@ThreadID": "14212"}, "Channel": null, "Computer": "LAPTOP-JU4M3I0E", "Security": {"@UserID": ""}}, "EventData": {"Data": [{"@Name": "InterfaceUuid", "#text": "{484809d6-4239-471b-b5bc-61df8c23ac48}"}, {"@Name": "ProcNum", "#text": "12"}, {"@Name": "Protocol", "#text": "3"}, {"@Name": "NetworkAddress", "#text": "NULL"}, {"@Name": "Endpoint", "#text": "LSMApi"}, {"@Name": "Options", "#text": "NULL"}, {"@Name": "AuthenticationLevel", "#text": "6"}, {"@Name": "AuthenticationService", "#text": "20"}, {"@Name": "ImpersonationLevel", "#text": "0"}]}}}, {"Event": {"@xmlns": "http://schemas.microsoft.com/win/2004/08/events/event", "System": {"Provider": {"@Name": "Microsoft-Windows-RPC", "@Guid": "{6ad52b32-d609-4be9-ae07-ce8dae937e39}"}, "EventID": {"@Qualifiers": "", "#text": "5"}, "Version": "1", "Level": "4", "Task": "1", "Opcode": "1", "Keywords": "0x4000000000000000", "TimeCreated": {"@SystemTime": "2021-08-17 12:26:49.949633"}, "EventRecordID": "1279", "Correlation": {"@ActivityID": "{62a9d8b1-e284-4ee3-ba95-f873732b8146}", "@RelatedActivityID": ""}, "Execution": {"@ProcessID": "5304", "@ThreadID": "6756"}, "Channel": null, "Computer": "LAPTOP-JU4M3I0E", "Security": {"@UserID": ""}}, "EventData": {"Data": [{"@Name": "InterfaceUuid", "#text": "{bde95fdf-eee0-45de-9e12-e5a61cd0d4fe}"}, {"@Name": "ProcNum", "#text": "9"}, {"@Name": "Protocol", "#text": "3"}, {"@Name": "NetworkAddress", "#text": "NULL"}, {"@Name": "Endpoint", "#text": "TermSrvApi"}, {"@Name": "Options", "#text": "NULL"}, {"@Name": "AuthenticationLevel", "#text": "6"}, {"@Name": "AuthenticationService", "#text": "20"}, {"@Name": "ImpersonationLevel", "#text": "3"}]}}}, {"Event": {"@xmlns": "http://schemas.microsoft.com/win/2004/08/events/event", "System": {"Provider": {"@Name": "Microsoft-Windows-RPC", "@Guid": "{6ad52b32-d609-4be9-ae07-ce8dae937e39}"}, "EventID": {"@Qualifiers": "", "#text": "6"}, "Version": "1", "Level": "4", "Task": "2", "Opcode": "1", "Keywords": "0x4000000000000000", "TimeCreated": {"@SystemTime": "2021-08-17 12:26:49.949669"}, "EventRecordID": "1299", "Correlation": {"@ActivityID": "{ad1ebda0-285f-4024-a5f0-d4ab128c2721}", "@RelatedActivityID": ""}, "Execution": {"@ProcessID": "1468", "@ThreadID": "16044"}, "Channel": null, "Computer": "LAPTOP-JU4M3I0E", "Security": {"@UserID": ""}}, "EventData": {"Data": [{"@Name": "InterfaceUuid", "#text": "{bde95fdf-eee0-45de-9e12-e5a61cd0d4fe}"}, {"@Name": "ProcNum", "#text": "9"}, {"@Name": "Protocol", "#text": "3"}, {"@Name": "NetworkAddress", "#text": "NULL"}, {"@Name": "Endpoint", "#text": "TermSrvApi"}, {"@Name": "Options", "#text": "NULL"}, {"@Name": "AuthenticationLevel", "#text": "6"}, {"@Name": "AuthenticationService", "#text": "20"}, {"@Name": "ImpersonationLevel", "#text": "0"}]}}}, {"Event": {"@xmlns": "http://schemas.microsoft.com/win/2004/08/events/event", "System": {"Provider": {"@Name": "Microsoft-Windows-RPC", "@Guid": "{6ad52b32-d609-4be9-ae07-ce8dae937e39}"}, "EventID": {"@Qualifiers": "", "#text": "5"}, "Version": "1", "Level": "4", "Task": "1", "Opcode": "1", "Keywords": "0x4000000000000000", "TimeCreated": {"@SystemTime": "2021-08-17 12:26:49.949701"}, "EventRecordID": "1302", "Correlation": {"@ActivityID": "{19581a91-73e7-4b1c-a111-22f307fe0b44}", "@RelatedActivityID": ""}, "Execution": {"@ProcessID": "1468", "@ThreadID": "16044"}, "Channel": null, "Computer": "LAPTOP-JU4M3I0E", "Security": {"@UserID": ""}}, "EventData": {"Data": [{"@Name": "InterfaceUuid", "#text": "{959c5a99-177c-478e-8c3b-77e07e9bf3aa}"}, {"@Name": "ProcNum", "#text": "3"}, {"@Name": "Protocol", "#text": "3"}, {"@Name": "NetworkAddress", "#text": "NULL"}, {"@Name": "Endpoint", "#text": "OLE9FF44EB366DDC413A5E3AE131888"}, {"@Name": "Options", "#text": "NULL"}, {"@Name": "AuthenticationLevel", "#text": "6"}, {"@Name": "AuthenticationService", "#text": "20"}, {"@Name": "ImpersonationLevel", "#text": "2"}]}}}, {"Event": {"@xmlns": "http://schemas.microsoft.com/win/2004/08/events/event", "System": {"Provider": {"@Name": "Microsoft-Windows-RPC", "@Guid": "{6ad52b32-d609-4be9-ae07-ce8dae937e39}"}, "EventID": {"@Qualifiers": "", "#text": "6"}, "Version": "1", "Level": "4", "Task": "2", "Opcode": "1", "Keywords": "0x4000000000000000", "TimeCreated": {"@SystemTime": "2021-08-17 12:26:49.949745"}, "EventRecordID": "1311", "Correlation": {"@ActivityID": "{e48d3956-461c-47e1-9938-9e6eb4cc5bae}", "@RelatedActivityID": ""}, "Execution": {"@ProcessID": "1140", "@ThreadID": "14212"}, "Channel": null, "Computer": "LAPTOP-JU4M3I0E", "Security": {"@UserID": ""}}, "EventData": {"Data": [{"@Name": "InterfaceUuid", "#text": "{959c5a99-177c-478e-8c3b-77e07e9bf3aa}"}, {"@Name": "ProcNum", "#text": "3"}, {"@Name": "Protocol", "#text": "3"}, {"@Name": "NetworkAddress", "#text": "NULL"}, {"@Name": "Endpoint", "#text": "OLE9FF44EB366DDC413A5E3AE131888"}, {"@Name": "Options", "#text": "NULL"}, {"@Name": "AuthenticationLevel", "#text": "6"}, {"@Name": "AuthenticationService", "#text": "20"}, {"@Name": "ImpersonationLevel", "#text": "0"}]}}}, {"Event": {"@xmlns": "http://schemas.microsoft.com/win/2004/08/events/event", "System": {"Provider": {"@Name": "Microsoft-Windows-RPC", "@Guid": "{6ad52b32-d609-4be9-ae07-ce8dae937e39}"}, "EventID": {"@Qualifiers": "", "#text": "5"}, "Version": "1", "Level": "4", "Task": "1", "Opcode": "1", "Keywords": "0x4000000000000000", "TimeCreated": {"@SystemTime": "2021-08-17 12:26:49.949892"}, "EventRecordID": "1324", "Correlation": {"@ActivityID": "{3463dc2f-c7a5-4704-a009-673ba6d62f97}", "@RelatedActivityID": ""}, "Execution": {"@ProcessID": "1468", "@ThreadID": "16044"}, "Channel": null, "Computer": "LAPTOP-JU4M3I0E", "Security": {"@UserID": ""}}, "EventData": {"Data": [{"@Name": "InterfaceUuid", "#text": "{a1b7de7a-4e77-43db-ae78-96fc182fed4a}"}, {"@Name": "ProcNum", "#text": "19"}, {"@Name": "Protocol", "#text": "3"}, {"@Name": "NetworkAddress", "#text": "NULL"}, {"@Name": "Endpoint", "#text": "OLE9FF44EB366DDC413A5E3AE131888"}, {"@Name": "Options", "#text": "NULL"}, {"@Name": "AuthenticationLevel", "#text": "6"}, {"@Name": "AuthenticationService", "#text": "20"}, {"@Name": "ImpersonationLevel", "#text": "2"}]}}}, {"Event": {"@xmlns": "http://schemas.microsoft.com/win/2004/08/events/event", "System": {"Provider": {"@Name": "Microsoft-Windows-RPC", "@Guid": "{6ad52b32-d609-4be9-ae07-ce8dae937e39}"}, "EventID": {"@Qualifiers": "", "#text": "6"}, "Version": "1", "Level": "4", "Task": "2", "Opcode": "1", "Keywords": "0x4000000000000000", "TimeCreated": {"@SystemTime": "2021-08-17 12:26:49.949940"}, "EventRecordID": "1333", "Correlation": {"@ActivityID": "{6f0b6fd9-927e-41d0-91b2-db477c8fe334}", "@RelatedActivityID": ""}, "Execution": {"@ProcessID": "1140", "@ThreadID": "14212"}, "Channel": null, "Computer": "LAPTOP-JU4M3I0E", "Security": {"@UserID": ""}}, "EventData": {"Data": [{"@Name": "InterfaceUuid", "#text": "{a1b7de7a-4e77-43db-ae78-96fc182fed4a}"}, {"@Name": "ProcNum", "#text": "19"}, {"@Name": "Protocol", "#text": "3"}, {"@Name": "NetworkAddress", "#text": "NULL"}, {"@Name": "Endpoint", "#text": "OLE9FF44EB366DDC413A5E3AE131888"}, {"@Name": "Options", "#text": "NULL"}, {"@Name": "AuthenticationLevel", "#text": "6"}, {"@Name": "AuthenticationService", "#text": "20"}, {"@Name": "ImpersonationLevel", "#text": "0"}]}}}, {"Event": {"@xmlns": "http://schemas.microsoft.com/win/2004/08/events/event", "System": {"Provider": {"@Name": "Microsoft-Windows-RPC", "@Guid": "{6ad52b32-d609-4be9-ae07-ce8dae937e39}"}, "EventID": {"@Qualifiers": "", "#text": "5"}, "Version": "1", "Level": "4", "Task": "1", "Opcode": "1", "Keywords": "0x4000000000000000", "TimeCreated": {"@SystemTime": "2021-08-17 12:26:49.949986"}, "EventRecordID": "1336", "Correlation": {"@ActivityID": "{fd64fda7-20bc-4ab6-b88a-e437f2cdd213}", "@RelatedActivityID": ""}, "Execution": {"@ProcessID": "1140", "@ThreadID": "14212"}, "Channel": null, "Computer": "LAPTOP-JU4M3I0E", "Security": {"@UserID": ""}}, "EventData": {"Data": [{"@Name": "InterfaceUuid", "#text": "{4d10b48b-c531-4731-9bde-b03c28e9c61c}"}, {"@Name": "ProcNum", "#text": "11"}, {"@Name": "Protocol", "#text": "3"}, {"@Name": "NetworkAddress", "#text": "NULL"}, {"@Name": "Endpoint", "#text": "OLE6DAE6D441C6DB15C9F7165B5F42F"}, {"@Name": "Options", "#text": "NULL"}, {"@Name": "AuthenticationLevel", "#text": "6"}, {"@Name": "AuthenticationService", "#text": "20"}, {"@Name": "ImpersonationLevel", "#text": "2"}]}}}, {"Event": {"@xmlns": "http://schemas.microsoft.com/win/2004/08/events/event", "System": {"Provider": {"@Name": "Microsoft-Windows-RPC", "@Guid": "{6ad52b32-d609-4be9-ae07-ce8dae937e39}"}, "EventID": {"@Qualifiers": "", "#text": "6"}, "Version": "1", "Level": "4", "Task": "2", "Opcode": "1", "Keywords": "0x4000000000000000", "TimeCreated": {"@SystemTime": "2021-08-17 12:26:49.953638"}, "EventRecordID": "1345", "Correlation": {"@ActivityID": "{8d68d3c8-6d6a-46ca-9713-449df5a81f3b}", "@RelatedActivityID": ""}, "Execution": {"@ProcessID": "1468", "@ThreadID": "24268"}, "Channel": null, "Computer": "LAPTOP-JU4M3I0E", "Security": {"@UserID": ""}}, "EventData": {"Data": [{"@Name": "InterfaceUuid", "#text": "{4d10b48b-c531-4731-9bde-b03c28e9c61c}"}, {"@Name": "ProcNum", "#text": "11"}, {"@Name": "Protocol", "#text": "3"}, {"@Name": "NetworkAddress", "#text": "NULL"}, {"@Name": "Endpoint", "#text": "OLE6DAE6D441C6DB15C9F7165B5F42F"}, {"@Name": "Options", "#text": "NULL"}, {"@Name": "AuthenticationLevel", "#text": "6"}, {"@Name": "AuthenticationService", "#text": "20"}, {"@Name": "ImpersonationLevel", "#text": "0"}]}}}, {"Event": {"@xmlns": "http://schemas.microsoft.com/win/2004/08/events/event", "System": {"Provider": {"@Name": "Microsoft-Windows-RPC", "@Guid": "{6ad52b32-d609-4be9-ae07-ce8dae937e39}"}, "EventID": {"@Qualifiers": "", "#text": "5"}, "Version": "1", "Level": "4", "Task": "1", "Opcode": "1", "Keywords": "0x4000000000000000", "TimeCreated": {"@SystemTime": "2021-08-17 12:26:49.953859"}, "EventRecordID": "1358", "Correlation": {"@ActivityID": "{7fc720cf-1387-44e4-9f6f-f19f88f4ef9a}", "@RelatedActivityID": ""}, "Execution": {"@ProcessID": "1140", "@ThreadID": "14212"}, "Channel": null, "Computer": "LAPTOP-JU4M3I0E", "Security": {"@UserID": ""}}, "EventData": {"Data": [{"@Name": "InterfaceUuid", "#text": "{00000134-0000-0000-c000-000000000046}"}, {"@Name": "ProcNum", "#text": "5"}, {"@Name": "Protocol", "#text": "3"}, {"@Name": "NetworkAddress", "#text": "NULL"}, {"@Name": "Endpoint", "#text": "OLE6DAE6D441C6DB15C9F7165B5F42F"}, {"@Name": "Options", "#text": "NULL"}, {"@Name": "AuthenticationLevel", "#text": "6"}, {"@Name": "AuthenticationService", "#text": "20"}, {"@Name": "ImpersonationLevel", "#text": "2"}]}}}, {"Event": {"@xmlns": "http://schemas.microsoft.com/win/2004/08/events/event", "System": {"Provider": {"@Name": "Microsoft-Windows-RPC", "@Guid": "{6ad52b32-d609-4be9-ae07-ce8dae937e39}"}, "EventID": {"@Qualifiers": "", "#text": "6"}, "Version": "1", "Level": "4", "Task": "2", "Opcode": "1", "Keywords": "0x4000000000000000", "TimeCreated": {"@SystemTime": "2021-08-17 12:26:49.955952"}, "EventRecordID": "1367", "Correlation": {"@ActivityID": "{ceb12679-9537-4919-9292-b86055b9c99f}", "@RelatedActivityID": ""}, "Execution": {"@ProcessID": "1468", "@ThreadID": "24268"}, "Channel": null, "Computer": "LAPTOP-JU4M3I0E", "Security": {"@UserID": ""}}, "EventData": {"Data": [{"@Name": "InterfaceUuid", "#text": "{00000134-0000-0000-c000-000000000046}"}, {"@Name": "ProcNum", "#text": "5"}, {"@Name": "Protocol", "#text": "3"}, {"@Name": "NetworkAddress", "#text": "NULL"}, {"@Name": "Endpoint", "#text": "OLE6DAE6D441C6DB15C9F7165B5F42F"}, {"@Name": "Options", "#text": "NULL"}, {"@Name": "AuthenticationLevel", "#text": "6"}, {"@Name": "AuthenticationService", "#text": "20"}, {"@Name": "ImpersonationLevel", "#text": "0"}]}}}, {"Event": {"@xmlns": "http://schemas.microsoft.com/win/2004/08/events/event", "System": {"Provider": {"@Name": "Microsoft-Windows-RPC", "@Guid": "{6ad52b32-d609-4be9-ae07-ce8dae937e39}"}, "EventID": {"@Qualifiers": "", "#text": "5"}, "Version": "1", "Level": "4", "Task": "1", "Opcode": "1", "Keywords": "0x4000000000000000", "TimeCreated": {"@SystemTime": "2021-08-17 12:26:49.956059"}, "EventRecordID": "1390", "Correlation": {"@ActivityID": "{4df591bc-e44b-4ce5-a204-5a9041641519}", "@RelatedActivityID": ""}, "Execution": {"@ProcessID": "1468", "@ThreadID": "16044"}, "Channel": null, "Computer": "LAPTOP-JU4M3I0E", "Security": {"@UserID": ""}}, "EventData": {"Data": [{"@Name": "InterfaceUuid", "#text": "{a1b7de7a-4e77-43db-ae78-96fc182fed4a}"}, {"@Name": "ProcNum", "#text": "14"}, {"@Name": "Protocol", "#text": "3"}, {"@Name": "NetworkAddress", "#text": "NULL"}, {"@Name": "Endpoint", "#text": "OLE9FF44EB366DDC413A5E3AE131888"}, {"@Name": "Options", "#text": "NULL"}, {"@Name": "AuthenticationLevel", "#text": "6"}, {"@Name": "AuthenticationService", "#text": "20"}, {"@Name": "ImpersonationLevel", "#text": "2"}]}}}, {"Event": {"@xmlns": "http://schemas.microsoft.com/win/2004/08/events/event", "System": {"Provider": {"@Name": "Microsoft-Windows-RPC", "@Guid": "{6ad52b32-d609-4be9-ae07-ce8dae937e39}"}, "EventID": {"@Qualifiers": "", "#text": "6"}, "Version": "1", "Level": "4", "Task": "2", "Opcode": "1", "Keywords": "0x4000000000000000", "TimeCreated": {"@SystemTime": "2021-08-17 12:26:49.956083"}, "EventRecordID": "1398", "Correlation": {"@ActivityID": "{a9e3ac5a-c3db-4df9-890f-9353775e4959}", "@RelatedActivityID": ""}, "Execution": {"@ProcessID": "1140", "@ThreadID": "14212"}, "Channel": null, "Computer": "LAPTOP-JU4M3I0E", "Security": {"@UserID": ""}}, "EventData": {"Data": [{"@Name": "InterfaceUuid", "#text": "{a1b7de7a-4e77-43db-ae78-96fc182fed4a}"}, {"@Name": "ProcNum", "#text": "14"}, {"@Name": "Protocol", "#text": "3"}, {"@Name": "NetworkAddress", "#text": "NULL"}, {"@Name": "Endpoint", "#text": "OLE9FF44EB366DDC413A5E3AE131888"}, {"@Name": "Options", "#text": "NULL"}, {"@Name": "AuthenticationLevel", "#text": "6"}, {"@Name": "AuthenticationService", "#text": "20"}, {"@Name": "ImpersonationLevel", "#text": "0"}]}}}, {"Event": {"@xmlns": "http://schemas.microsoft.com/win/2004/08/events/event", "System": {"Provider": {"@Name": "Microsoft-Windows-RPC", "@Guid": "{6ad52b32-d609-4be9-ae07-ce8dae937e39}"}, "EventID": {"@Qualifiers": "", "#text": "5"}, "Version": "1", "Level": "4", "Task": "1", "Opcode": "1", "Keywords": "0x4000000000000000", "TimeCreated": {"@SystemTime": "2021-08-17 12:26:49.956186"}, "EventRecordID": "1411", "Correlation": {"@ActivityID": "{5ca34780-ca38-49ed-ae58-364211794491}", "@RelatedActivityID": ""}, "Execution": {"@ProcessID": "1468", "@ThreadID": "16044"}, "Channel": null, "Computer": "LAPTOP-JU4M3I0E", "Security": {"@UserID": ""}}, "EventData": {"Data": [{"@Name": "InterfaceUuid", "#text": "{00000134-0000-0000-c000-000000000046}"}, {"@Name": "ProcNum", "#text": "3"}, {"@Name": "Protocol", "#text": "3"}, {"@Name": "NetworkAddress", "#text": "NULL"}, {"@Name": "Endpoint", "#text": "OLE9FF44EB366DDC413A5E3AE131888"}, {"@Name": "Options", "#text": "NULL"}, {"@Name": "AuthenticationLevel", "#text": "6"}, {"@Name": "AuthenticationService", "#text": "20"}, {"@Name": "ImpersonationLevel", "#text": "2"}]}}}, {"Event": {"@xmlns": "http://schemas.microsoft.com/win/2004/08/events/event", "System": {"Provider": {"@Name": "Microsoft-Windows-RPC", "@Guid": "{6ad52b32-d609-4be9-ae07-ce8dae937e39}"}, "EventID": {"@Qualifiers": "", "#text": "6"}, "Version": "1", "Level": "4", "Task": "2", "Opcode": "1", "Keywords": "0x4000000000000000", "TimeCreated": {"@SystemTime": "2021-08-17 12:26:49.956211"}, "EventRecordID": "1420", "Correlation": {"@ActivityID": "{543c5ffe-9ae8-4b87-a613-7c323b622684}", "@RelatedActivityID": ""}, "Execution": {"@ProcessID": "1140", "@ThreadID": "14212"}, "Channel": null, "Computer": "LAPTOP-JU4M3I0E", "Security": {"@UserID": ""}}, "EventData": {"Data": [{"@Name": "InterfaceUuid", "#text": "{00000134-0000-0000-c000-000000000046}"}, {"@Name": "ProcNum", "#text": "3"}, {"@Name": "Protocol", "#text": "3"}, {"@Name": "NetworkAddress", "#text": "NULL"}, {"@Name": "Endpoint", "#text": "OLE9FF44EB366DDC413A5E3AE131888"}, {"@Name": "Options", "#text": "NULL"}, {"@Name": "AuthenticationLevel", "#text": "6"}, {"@Name": "AuthenticationService", "#text": "20"}, {"@Name": "ImpersonationLevel", "#text": "0"}]}}}, {"Event": {"@xmlns": "http://schemas.microsoft.com/win/2004/08/events/event", "System": {"Provider": {"@Name": "Microsoft-Windows-RPC", "@Guid": "{6ad52b32-d609-4be9-ae07-ce8dae937e39}"}, "EventID": {"@Qualifiers": "", "#text": "5"}, "Version": "1", "Level": "4", "Task": "1", "Opcode": "1", "Keywords": "0x4000000000000000", "TimeCreated": {"@SystemTime": "2021-08-17 12:26:49.956272"}, "EventRecordID": "1433", "Correlation": {"@ActivityID": "{029cb6f5-237f-40ce-865d-b181adca7386}", "@RelatedActivityID": ""}, "Execution": {"@ProcessID": "1468", "@ThreadID": "16044"}, "Channel": null, "Computer": "LAPTOP-JU4M3I0E", "Security": {"@UserID": ""}}, "EventData": {"Data": [{"@Name": "InterfaceUuid", "#text": "{00000134-0000-0000-c000-000000000046}"}, {"@Name": "ProcNum", "#text": "5"}, {"@Name": "Protocol", "#text": "3"}, {"@Name": "NetworkAddress", "#text": "NULL"}, {"@Name": "Endpoint", "#text": "OLE9FF44EB366DDC413A5E3AE131888"}, {"@Name": "Options", "#text": "NULL"}, {"@Name": "AuthenticationLevel", "#text": "6"}, {"@Name": "AuthenticationService", "#text": "20"}, {"@Name": "ImpersonationLevel", "#text": "2"}]}}}, {"Event": {"@xmlns": "http://schemas.microsoft.com/win/2004/08/events/event", "System": {"Provider": {"@Name": "Microsoft-Windows-RPC", "@Guid": "{6ad52b32-d609-4be9-ae07-ce8dae937e39}"}, "EventID": {"@Qualifiers": "", "#text": "6"}, "Version": "1", "Level": "4", "Task": "2", "Opcode": "1", "Keywords": "0x4000000000000000", "TimeCreated": {"@SystemTime": "2021-08-17 12:26:49.956291"}, "EventRecordID": "1441", "Correlation": {"@ActivityID": "{f0a3d528-216c-4572-b892-be7d14479cdc}", "@RelatedActivityID": ""}, "Execution": {"@ProcessID": "1140", "@ThreadID": "14212"}, "Channel": null, "Computer": "LAPTOP-JU4M3I0E", "Security": {"@UserID": ""}}, "EventData": {"Data": [{"@Name": "InterfaceUuid", "#text": "{00000134-0000-0000-c000-000000000046}"}, {"@Name": "ProcNum", "#text": "5"}, {"@Name": "Protocol", "#text": "3"}, {"@Name": "NetworkAddress", "#text": "NULL"}, {"@Name": "Endpoint", "#text": "OLE9FF44EB366DDC413A5E3AE131888"}, {"@Name": "Options", "#text": "NULL"}, {"@Name": "AuthenticationLevel", "#text": "6"}, {"@Name": "AuthenticationService", "#text": "20"}, {"@Name": "ImpersonationLevel", "#text": "0"}]}}}, {"Event": {"@xmlns": "http://schemas.microsoft.com/win/2004/08/events/event", "System": {"Provider": {"@Name": "Microsoft-Windows-RPC", "@Guid": "{6ad52b32-d609-4be9-ae07-ce8dae937e39}"}, "EventID": {"@Qualifiers": "", "#text": "5"}, "Version": "1", "Level": "4", "Task": "1", "Opcode": "1", "Keywords": "0x4000000000000000", "TimeCreated": {"@SystemTime": "2021-08-17 12:26:49.956404"}, "EventRecordID": "1474", "Correlation": {"@ActivityID": "{8cdceb0c-e5e3-495b-af13-6d8d39860a89}", "@RelatedActivityID": ""}, "Execution": {"@ProcessID": "5304", "@ThreadID": "6756"}, "Channel": null, "Computer": "LAPTOP-JU4M3I0E", "Security": {"@UserID": ""}}, "EventData": {"Data": [{"@Name": "InterfaceUuid", "#text": "{88143fd0-c28d-4b2b-8fef-8d882f6a9390}"}, {"@Name": "ProcNum", "#text": "0"}, {"@Name": "Protocol", "#text": "3"}, {"@Name": "NetworkAddress", "#text": "NULL"}, {"@Name": "Endpoint", "#text": "LSMApi"}, {"@Name": "Options", "#text": "NULL"}, {"@Name": "AuthenticationLevel", "#text": "6"}, {"@Name": "AuthenticationService", "#text": "20"}, {"@Name": "ImpersonationLevel", "#text": "3"}]}}}, {"Event": {"@xmlns": "http://schemas.microsoft.com/win/2004/08/events/event", "System": {"Provider": {"@Name": "Microsoft-Windows-RPC", "@Guid": "{6ad52b32-d609-4be9-ae07-ce8dae937e39}"}, "EventID": {"@Qualifiers": "", "#text": "6"}, "Version": "1", "Level": "4", "Task": "2", "Opcode": "1", "Keywords": "0x4000000000000000", "TimeCreated": {"@SystemTime": "2021-08-17 12:26:49.956438"}, "EventRecordID": "1495", "Correlation": {"@ActivityID": "{42e1bd28-32d3-4a77-aedc-1a35ef8a86f1}", "@RelatedActivityID": ""}, "Execution": {"@ProcessID": "1140", "@ThreadID": "14212"}, "Channel": null, "Computer": "LAPTOP-JU4M3I0E", "Security": {"@UserID": ""}}, "EventData": {"Data": [{"@Name": "InterfaceUuid", "#text": "{88143fd0-c28d-4b2b-8fef-8d882f6a9390}"}, {"@Name": "ProcNum", "#text": "0"}, {"@Name": "Protocol", "#text": "3"}, {"@Name": "NetworkAddress", "#text": "NULL"}, {"@Name": "Endpoint", "#text": "LSMApi"}, {"@Name": "Options", "#text": "NULL"}, {"@Name": "AuthenticationLevel", "#text": "6"}, {"@Name": "AuthenticationService", "#text": "20"}, {"@Name": "ImpersonationLevel", "#text": "0"}]}}}, {"Event": {"@xmlns": "http://schemas.microsoft.com/win/2004/08/events/event", "System": {"Provider": {"@Name": "Microsoft-Windows-RPC", "@Guid": "{6ad52b32-d609-4be9-ae07-ce8dae937e39}"}, "EventID": {"@Qualifiers": "", "#text": "5"}, "Version": "1", "Level": "4", "Task": "1", "Opcode": "1", "Keywords": "0x4000000000000000", "TimeCreated": {"@SystemTime": "2021-08-17 12:26:49.956514"}, "EventRecordID": "1512", "Correlation": {"@ActivityID": "{936ad070-012a-4ac4-b586-a643311768f5}", "@RelatedActivityID": ""}, "Execution": {"@ProcessID": "5304", "@ThreadID": "6756"}, "Channel": null, "Computer": "LAPTOP-JU4M3I0E", "Security": {"@UserID": ""}}, "EventData": {"Data": [{"@Name": "InterfaceUuid", "#text": "{88143fd0-c28d-4b2b-8fef-8d882f6a9390}"}, {"@Name": "ProcNum", "#text": "5"}, {"@Name": "Protocol", "#text": "3"}, {"@Name": "NetworkAddress", "#text": "NULL"}, {"@Name": "Endpoint", "#text": "LSMApi"}, {"@Name": "Options", "#text": "NULL"}, {"@Name": "AuthenticationLevel", "#text": "6"}, {"@Name": "AuthenticationService", "#text": "20"}, {"@Name": "ImpersonationLevel", "#text": "3"}]}}}, {"Event": {"@xmlns": "http://schemas.microsoft.com/win/2004/08/events/event", "System": {"Provider": {"@Name": "Microsoft-Windows-RPC", "@Guid": "{6ad52b32-d609-4be9-ae07-ce8dae937e39}"}, "EventID": {"@Qualifiers": "", "#text": "6"}, "Version": "1", "Level": "4", "Task": "2", "Opcode": "1", "Keywords": "0x4000000000000000", "TimeCreated": {"@SystemTime": "2021-08-17 12:26:49.956533"}, "EventRecordID": "1524", "Correlation": {"@ActivityID": "{bfae7088-bed2-4212-8220-77d9e2489d60}", "@RelatedActivityID": ""}, "Execution": {"@ProcessID": "1140", "@ThreadID": "14212"}, "Channel": null, "Computer": "LAPTOP-JU4M3I0E", "Security": {"@UserID": ""}}, "EventData": {"Data": [{"@Name": "InterfaceUuid", "#text": "{88143fd0-c28d-4b2b-8fef-8d882f6a9390}"}, {"@Name": "ProcNum", "#text": "5"}, {"@Name": "Protocol", "#text": "3"}, {"@Name": "NetworkAddress", "#text": "NULL"}, {"@Name": "Endpoint", "#text": "LSMApi"}, {"@Name": "Options", "#text": "NULL"}, {"@Name": "AuthenticationLevel", "#text": "6"}, {"@Name": "AuthenticationService", "#text": "20"}, {"@Name": "ImpersonationLevel", "#text": "0"}]}}}, {"Event": {"@xmlns": "http://schemas.microsoft.com/win/2004/08/events/event", "System": {"Provider": {"@Name": "Microsoft-Windows-RPC", "@Guid": "{6ad52b32-d609-4be9-ae07-ce8dae937e39}"}, "EventID": {"@Qualifiers": "", "#text": "5"}, "Version": "1", "Level": "4", "Task": "1", "Opcode": "1", "Keywords": "0x4000000000000000", "TimeCreated": {"@SystemTime": "2021-08-17 12:26:49.956631"}, "EventRecordID": "1542", "Correlation": {"@ActivityID": "{f9662ae4-7f76-480a-85bf-db63a56b8721}", "@RelatedActivityID": ""}, "Execution": {"@ProcessID": "5304", "@ThreadID": "6756"}, "Channel": null, "Computer": "LAPTOP-JU4M3I0E", "Security": {"@UserID": ""}}, "EventData": {"Data": [{"@Name": "InterfaceUuid", "#text": "{bde95fdf-eee0-45de-9e12-e5a61cd0d4fe}"}, {"@Name": "ProcNum", "#text": "8"}, {"@Name": "Protocol", "#text": "3"}, {"@Name": "NetworkAddress", "#text": "NULL"}, {"@Name": "Endpoint", "#text": "TermSrvApi"}, {"@Name": "Options", "#text": "NULL"}, {"@Name": "AuthenticationLevel", "#text": "6"}, {"@Name": "AuthenticationService", "#text": "20"}, {"@Name": "ImpersonationLevel", "#text": "3"}]}}}, {"Event": {"@xmlns": "http://schemas.microsoft.com/win/2004/08/events/event", "System": {"Provider": {"@Name": "Microsoft-Windows-RPC", "@Guid": "{6ad52b32-d609-4be9-ae07-ce8dae937e39}"}, "EventID": {"@Qualifiers": "", "#text": "6"}, "Version": "1", "Level": "4", "Task": "2", "Opcode": "1", "Keywords": "0x4000000000000000", "TimeCreated": {"@SystemTime": "2021-08-17 12:26:49.956657"}, "EventRecordID": "1562", "Correlation": {"@ActivityID": "{e8704645-02e2-4428-8f07-5d42b2b4e56f}", "@RelatedActivityID": ""}, "Execution": {"@ProcessID": "1468", "@ThreadID": "16044"}, "Channel": null, "Computer": "LAPTOP-JU4M3I0E", "Security": {"@UserID": ""}}, "EventData": {"Data": [{"@Name": "InterfaceUuid", "#text": "{bde95fdf-eee0-45de-9e12-e5a61cd0d4fe}"}, {"@Name": "ProcNum", "#text": "8"}, {"@Name": "Protocol", "#text": "3"}, {"@Name": "NetworkAddress", "#text": "NULL"}, {"@Name": "Endpoint", "#text": "TermSrvApi"}, {"@Name": "Options", "#text": "NULL"}, {"@Name": "AuthenticationLevel", "#text": "6"}, {"@Name": "AuthenticationService", "#text": "20"}, {"@Name": "ImpersonationLevel", "#text": "0"}]}}}, {"Event": {"@xmlns": "http://schemas.microsoft.com/win/2004/08/events/event", "System": {"Provider": {"@Name": "Microsoft-Windows-RPC", "@Guid": "{6ad52b32-d609-4be9-ae07-ce8dae937e39}"}, "EventID": {"@Qualifiers": "", "#text": "5"}, "Version": "1", "Level": "4", "Task": "1", "Opcode": "1", "Keywords": "0x4000000000000000", "TimeCreated": {"@SystemTime": "2021-08-17 12:26:49.956726"}, "EventRecordID": "1581", "Correlation": {"@ActivityID": "{c877a4e4-c6e4-4b0e-8c8b-188097863858}", "@RelatedActivityID": ""}, "Execution": {"@ProcessID": "5304", "@ThreadID": "6756"}, "Channel": null, "Computer": "LAPTOP-JU4M3I0E", "Security": {"@UserID": ""}}, "EventData": {"Data": [{"@Name": "InterfaceUuid", "#text": "{88143fd0-c28d-4b2b-8fef-8d882f6a9390}"}, {"@Name": "ProcNum", "#text": "1"}, {"@Name": "Protocol", "#text": "3"}, {"@Name": "NetworkAddress", "#text": "NULL"}, {"@Name": "Endpoint", "#text": "LSMApi"}, {"@Name": "Options", "#text": "NULL"}, {"@Name": "AuthenticationLevel", "#text": "6"}, {"@Name": "AuthenticationService", "#text": "20"}, {"@Name": "ImpersonationLevel", "#text": "3"}]}}}, {"Event": {"@xmlns": "http://schemas.microsoft.com/win/2004/08/events/event", "System": {"Provider": {"@Name": "Microsoft-Windows-RPC", "@Guid": "{6ad52b32-d609-4be9-ae07-ce8dae937e39}"}, "EventID": {"@Qualifiers": "", "#text": "6"}, "Version": "1", "Level": "4", "Task": "2", "Opcode": "1", "Keywords": "0x4000000000000000", "TimeCreated": {"@SystemTime": "2021-08-17 12:26:49.956745"}, "EventRecordID": "1590", "Correlation": {"@ActivityID": "{de7a0d3c-2bfd-4e5e-90de-0f9cfaded443}", "@RelatedActivityID": ""}, "Execution": {"@ProcessID": "1140", "@ThreadID": "14212"}, "Channel": null, "Computer": "LAPTOP-JU4M3I0E", "Security": {"@UserID": ""}}, "EventData": {"Data": [{"@Name": "InterfaceUuid", "#text": "{88143fd0-c28d-4b2b-8fef-8d882f6a9390}"}, {"@Name": "ProcNum", "#text": "1"}, {"@Name": "Protocol", "#text": "3"}, {"@Name": "NetworkAddress", "#text": "NULL"}, {"@Name": "Endpoint", "#text": "LSMApi"}, {"@Name": "Options", "#text": "NULL"}, {"@Name": "AuthenticationLevel", "#text": "6"}, {"@Name": "AuthenticationService", "#text": "20"}, {"@Name": "ImpersonationLevel", "#text": "0"}]}}}, {"Event": {"@xmlns": "http://schemas.microsoft.com/win/2004/08/events/event", "System": {"Provider": {"@Name": "Microsoft-Windows-RPC", "@Guid": "{6ad52b32-d609-4be9-ae07-ce8dae937e39}"}, "EventID": {"@Qualifiers": "", "#text": "5"}, "Version": "1", "Level": "4", "Task": "1", "Opcode": "1", "Keywords": "0x4000000000000000", "TimeCreated": {"@SystemTime": "2021-08-17 12:26:49.956823"}, "EventRecordID": "1615", "Correlation": {"@ActivityID": "{65a8907c-fc36-4a72-bb98-d2924167ab7b}", "@RelatedActivityID": ""}, "Execution": {"@ProcessID": "5304", "@ThreadID": "6756"}, "Channel": null, "Computer": "LAPTOP-JU4M3I0E", "Security": {"@UserID": ""}}, "EventData": {"Data": [{"@Name": "InterfaceUuid", "#text": "{484809d6-4239-471b-b5bc-61df8c23ac48}"}, {"@Name": "ProcNum", "#text": "12"}, {"@Name": "Protocol", "#text": "3"}, {"@Name": "NetworkAddress", "#text": "NULL"}, {"@Name": "Endpoint", "#text": "LSMApi"}, {"@Name": "Options", "#text": "NULL"}, {"@Name": "AuthenticationLevel", "#text": "6"}, {"@Name": "AuthenticationService", "#text": "20"}, {"@Name": "ImpersonationLevel", "#text": "3"}]}}}, {"Event": {"@xmlns": "http://schemas.microsoft.com/win/2004/08/events/event", "System": {"Provider": {"@Name": "Microsoft-Windows-RPC", "@Guid": "{6ad52b32-d609-4be9-ae07-ce8dae937e39}"}, "EventID": {"@Qualifiers": "", "#text": "6"}, "Version": "1", "Level": "4", "Task": "2", "Opcode": "1", "Keywords": "0x4000000000000000", "TimeCreated": {"@SystemTime": "2021-08-17 12:26:49.956850"}, "EventRecordID": "1636", "Correlation": {"@ActivityID": "{48b4cc5c-4c96-4373-a63d-f90e09b22230}", "@RelatedActivityID": ""}, "Execution": {"@ProcessID": "1140", "@ThreadID": "14212"}, "Channel": null, "Computer": "LAPTOP-JU4M3I0E", "Security": {"@UserID": ""}}, "EventData": {"Data": [{"@Name": "InterfaceUuid", "#text": "{484809d6-4239-471b-b5bc-61df8c23ac48}"}, {"@Name": "ProcNum", "#text": "12"}, {"@Name": "Protocol", "#text": "3"}, {"@Name": "NetworkAddress", "#text": "NULL"}, {"@Name": "Endpoint", "#text": "LSMApi"}, {"@Name": "Options", "#text": "NULL"}, {"@Name": "AuthenticationLevel", "#text": "6"}, {"@Name": "AuthenticationService", "#text": "20"}, {"@Name": "ImpersonationLevel", "#text": "0"}]}}}, {"Event": {"@xmlns": "http://schemas.microsoft.com/win/2004/08/events/event", "System": {"Provider": {"@Name": "Microsoft-Windows-RPC", "@Guid": "{6ad52b32-d609-4be9-ae07-ce8dae937e39}"}, "EventID": {"@Qualifiers": "", "#text": "5"}, "Version": "1", "Level": "4", "Task": "1", "Opcode": "1", "Keywords": "0x4000000000000000", "TimeCreated": {"@SystemTime": "2021-08-17 12:26:49.956923"}, "EventRecordID": "1652", "Correlation": {"@ActivityID": "{ff3ee7b9-64b4-40f6-9088-764e19501c47}", "@RelatedActivityID": ""}, "Execution": {"@ProcessID": "5304", "@ThreadID": "6756"}, "Channel": null, "Computer": "LAPTOP-JU4M3I0E", "Security": {"@UserID": ""}}, "EventData": {"Data": [{"@Name": "InterfaceUuid", "#text": "{bde95fdf-eee0-45de-9e12-e5a61cd0d4fe}"}, {"@Name": "ProcNum", "#text": "9"}, {"@Name": "Protocol", "#text": "3"}, {"@Name": "NetworkAddress", "#text": "NULL"}, {"@Name": "Endpoint", "#text": "TermSrvApi"}, {"@Name": "Options", "#text": "NULL"}, {"@Name": "AuthenticationLevel", "#text": "6"}, {"@Name": "AuthenticationService", "#text": "20"}, {"@Name": "ImpersonationLevel", "#text": "3"}]}}}, {"Event": {"@xmlns": "http://schemas.microsoft.com/win/2004/08/events/event", "System": {"Provider": {"@Name": "Microsoft-Windows-RPC", "@Guid": "{6ad52b32-d609-4be9-ae07-ce8dae937e39}"}, "EventID": {"@Qualifiers": "", "#text": "6"}, "Version": "1", "Level": "4", "Task": "2", "Opcode": "1", "Keywords": "0x4000000000000000", "TimeCreated": {"@SystemTime": "2021-08-17 12:26:49.956947"}, "EventRecordID": "1672", "Correlation": {"@ActivityID": "{d435f1a2-bcc2-4e24-9b84-5c76518daef8}", "@RelatedActivityID": ""}, "Execution": {"@ProcessID": "1468", "@ThreadID": "16044"}, "Channel": null, "Computer": "LAPTOP-JU4M3I0E", "Security": {"@UserID": ""}}, "EventData": {"Data": [{"@Name": "InterfaceUuid", "#text": "{bde95fdf-eee0-45de-9e12-e5a61cd0d4fe}"}, {"@Name": "ProcNum", "#text": "9"}, {"@Name": "Protocol", "#text": "3"}, {"@Name": "NetworkAddress", "#text": "NULL"}, {"@Name": "Endpoint", "#text": "TermSrvApi"}, {"@Name": "Options", "#text": "NULL"}, {"@Name": "AuthenticationLevel", "#text": "6"}, {"@Name": "AuthenticationService", "#text": "20"}, {"@Name": "ImpersonationLevel", "#text": "0"}]}}}, {"Event": {"@xmlns": "http://schemas.microsoft.com/win/2004/08/events/event", "System": {"Provider": {"@Name": "Microsoft-Windows-RPC", "@Guid": "{6ad52b32-d609-4be9-ae07-ce8dae937e39}"}, "EventID": {"@Qualifiers": "", "#text": "5"}, "Version": "1", "Level": "4", "Task": "1", "Opcode": "1", "Keywords": "0x4000000000000000", "TimeCreated": {"@SystemTime": "2021-08-17 12:26:49.956966"}, "EventRecordID": "1675", "Correlation": {"@ActivityID": "{12de1d04-3c4c-4f38-8a62-3d0dbf43cb09}", "@RelatedActivityID": ""}, "Execution": {"@ProcessID": "1468", "@ThreadID": "16044"}, "Channel": null, "Computer": "LAPTOP-JU4M3I0E", "Security": {"@UserID": ""}}, "EventData": {"Data": [{"@Name": "InterfaceUuid", "#text": "{959c5a99-177c-478e-8c3b-77e07e9bf3aa}"}, {"@Name": "ProcNum", "#text": "3"}, {"@Name": "Protocol", "#text": "3"}, {"@Name": "NetworkAddress", "#text": "NULL"}, {"@Name": "Endpoint", "#text": "OLE9FF44EB366DDC413A5E3AE131888"}, {"@Name": "Options", "#text": "NULL"}, {"@Name": "AuthenticationLevel", "#text": "6"}, {"@Name": "AuthenticationService", "#text": "20"}, {"@Name": "ImpersonationLevel", "#text": "2"}]}}}, {"Event": {"@xmlns": "http://schemas.microsoft.com/win/2004/08/events/event", "System": {"Provider": {"@Name": "Microsoft-Windows-RPC", "@Guid": "{6ad52b32-d609-4be9-ae07-ce8dae937e39}"}, "EventID": {"@Qualifiers": "", "#text": "6"}, "Version": "1", "Level": "4", "Task": "2", "Opcode": "1", "Keywords": "0x4000000000000000", "TimeCreated": {"@SystemTime": "2021-08-17 12:26:49.956989"}, "EventRecordID": "1684", "Correlation": {"@ActivityID": "{acbc948f-2066-4d6d-af7f-f585c59ea2e7}", "@RelatedActivityID": ""}, "Execution": {"@ProcessID": "1140", "@ThreadID": "14212"}, "Channel": null, "Computer": "LAPTOP-JU4M3I0E", "Security": {"@UserID": ""}}, "EventData": {"Data": [{"@Name": "InterfaceUuid", "#text": "{959c5a99-177c-478e-8c3b-77e07e9bf3aa}"}, {"@Name": "ProcNum", "#text": "3"}, {"@Name": "Protocol", "#text": "3"}, {"@Name": "NetworkAddress", "#text": "NULL"}, {"@Name": "Endpoint", "#text": "OLE9FF44EB366DDC413A5E3AE131888"}, {"@Name": "Options", "#text": "NULL"}, {"@Name": "AuthenticationLevel", "#text": "6"}, {"@Name": "AuthenticationService", "#text": "20"}, {"@Name": "ImpersonationLevel", "#text": "0"}]}}}, {"Event": {"@xmlns": "http://schemas.microsoft.com/win/2004/08/events/event", "System": {"Provider": {"@Name": "Microsoft-Windows-RPC", "@Guid": "{6ad52b32-d609-4be9-ae07-ce8dae937e39}"}, "EventID": {"@Qualifiers": "", "#text": "5"}, "Version": "1", "Level": "4", "Task": "1", "Opcode": "1", "Keywords": "0x4000000000000000", "TimeCreated": {"@SystemTime": "2021-08-17 12:26:49.957073"}, "EventRecordID": "1697", "Correlation": {"@ActivityID": "{4f2c86ba-ec6a-43d2-8491-95a06c1b65f0}", "@RelatedActivityID": ""}, "Execution": {"@ProcessID": "1468", "@ThreadID": "16044"}, "Channel": null, "Computer": "LAPTOP-JU4M3I0E", "Security": {"@UserID": ""}}, "EventData": {"Data": [{"@Name": "InterfaceUuid", "#text": "{a1b7de7a-4e77-43db-ae78-96fc182fed4a}"}, {"@Name": "ProcNum", "#text": "19"}, {"@Name": "Protocol", "#text": "3"}, {"@Name": "NetworkAddress", "#text": "NULL"}, {"@Name": "Endpoint", "#text": "OLE9FF44EB366DDC413A5E3AE131888"}, {"@Name": "Options", "#text": "NULL"}, {"@Name": "AuthenticationLevel", "#text": "6"}, {"@Name": "AuthenticationService", "#text": "20"}, {"@Name": "ImpersonationLevel", "#text": "2"}]}}}, {"Event": {"@xmlns": "http://schemas.microsoft.com/win/2004/08/events/event", "System": {"Provider": {"@Name": "Microsoft-Windows-RPC", "@Guid": "{6ad52b32-d609-4be9-ae07-ce8dae937e39}"}, "EventID": {"@Qualifiers": "", "#text": "6"}, "Version": "1", "Level": "4", "Task": "2", "Opcode": "1", "Keywords": "0x4000000000000000", "TimeCreated": {"@SystemTime": "2021-08-17 12:26:49.957108"}, "EventRecordID": "1706", "Correlation": {"@ActivityID": "{b03dca36-c32d-4150-84ae-61c435d22694}", "@RelatedActivityID": ""}, "Execution": {"@ProcessID": "1140", "@ThreadID": "14212"}, "Channel": null, "Computer": "LAPTOP-JU4M3I0E", "Security": {"@UserID": ""}}, "EventData": {"Data": [{"@Name": "InterfaceUuid", "#text": "{a1b7de7a-4e77-43db-ae78-96fc182fed4a}"}, {"@Name": "ProcNum", "#text": "19"}, {"@Name": "Protocol", "#text": "3"}, {"@Name": "NetworkAddress", "#text": "NULL"}, {"@Name": "Endpoint", "#text": "OLE9FF44EB366DDC413A5E3AE131888"}, {"@Name": "Options", "#text": "NULL"}, {"@Name": "AuthenticationLevel", "#text": "6"}, {"@Name": "AuthenticationService", "#text": "20"}, {"@Name": "ImpersonationLevel", "#text": "0"}]}}}, {"Event": {"@xmlns": "http://schemas.microsoft.com/win/2004/08/events/event", "System": {"Provider": {"@Name": "Microsoft-Windows-RPC", "@Guid": "{6ad52b32-d609-4be9-ae07-ce8dae937e39}"}, "EventID": {"@Qualifiers": "", "#text": "5"}, "Version": "1", "Level": "4", "Task": "1", "Opcode": "1", "Keywords": "0x4000000000000000", "TimeCreated": {"@SystemTime": "2021-08-17 12:26:49.957148"}, "EventRecordID": "1709", "Correlation": {"@ActivityID": "{1a670ef0-7103-4e60-86d0-5923f1d1909f}", "@RelatedActivityID": ""}, "Execution": {"@ProcessID": "1140", "@ThreadID": "14212"}, "Channel": null, "Computer": "LAPTOP-JU4M3I0E", "Security": {"@UserID": ""}}, "EventData": {"Data": [{"@Name": "InterfaceUuid", "#text": "{4d10b48b-c531-4731-9bde-b03c28e9c61c}"}, {"@Name": "ProcNum", "#text": "11"}, {"@Name": "Protocol", "#text": "3"}, {"@Name": "NetworkAddress", "#text": "NULL"}, {"@Name": "Endpoint", "#text": "OLE6DAE6D441C6DB15C9F7165B5F42F"}, {"@Name": "Options", "#text": "NULL"}, {"@Name": "AuthenticationLevel", "#text": "6"}, {"@Name": "AuthenticationService", "#text": "20"}, {"@Name": "ImpersonationLevel", "#text": "2"}]}}}, {"Event": {"@xmlns": "http://schemas.microsoft.com/win/2004/08/events/event", "System": {"Provider": {"@Name": "Microsoft-Windows-RPC", "@Guid": "{6ad52b32-d609-4be9-ae07-ce8dae937e39}"}, "EventID": {"@Qualifiers": "", "#text": "6"}, "Version": "1", "Level": "4", "Task": "2", "Opcode": "1", "Keywords": "0x4000000000000000", "TimeCreated": {"@SystemTime": "2021-08-17 12:26:49.957170"}, "EventRecordID": "1718", "Correlation": {"@ActivityID": "{dc0a447c-36a4-4953-91c0-dbd8d4c34dba}", "@RelatedActivityID": ""}, "Execution": {"@ProcessID": "1468", "@ThreadID": "24268"}, "Channel": null, "Computer": "LAPTOP-JU4M3I0E", "Security": {"@UserID": ""}}, "EventData": {"Data": [{"@Name": "InterfaceUuid", "#text": "{4d10b48b-c531-4731-9bde-b03c28e9c61c}"}, {"@Name": "ProcNum", "#text": "11"}, {"@Name": "Protocol", "#text": "3"}, {"@Name": "NetworkAddress", "#text": "NULL"}, {"@Name": "Endpoint", "#text": "OLE6DAE6D441C6DB15C9F7165B5F42F"}, {"@Name": "Options", "#text": "NULL"}, {"@Name": "AuthenticationLevel", "#text": "6"}, {"@Name": "AuthenticationService", "#text": "20"}, {"@Name": "ImpersonationLevel", "#text": "0"}]}}}, {"Event": {"@xmlns": "http://schemas.microsoft.com/win/2004/08/events/event", "System": {"Provider": {"@Name": "Microsoft-Windows-RPC", "@Guid": "{6ad52b32-d609-4be9-ae07-ce8dae937e39}"}, "EventID": {"@Qualifiers": "", "#text": "5"}, "Version": "1", "Level": "4", "Task": "1", "Opcode": "1", "Keywords": "0x4000000000000000", "TimeCreated": {"@SystemTime": "2021-08-17 12:26:49.957266"}, "EventRecordID": "1731", "Correlation": {"@ActivityID": "{2d2940e0-de1d-4a7b-bbbc-0ac8d0e48c5f}", "@RelatedActivityID": ""}, "Execution": {"@ProcessID": "1140", "@ThreadID": "14212"}, "Channel": null, "Computer": "LAPTOP-JU4M3I0E", "Security": {"@UserID": ""}}, "EventData": {"Data": [{"@Name": "InterfaceUuid", "#text": "{00000134-0000-0000-c000-000000000046}"}, {"@Name": "ProcNum", "#text": "5"}, {"@Name": "Protocol", "#text": "3"}, {"@Name": "NetworkAddress", "#text": "NULL"}, {"@Name": "Endpoint", "#text": "OLE6DAE6D441C6DB15C9F7165B5F42F"}, {"@Name": "Options", "#text": "NULL"}, {"@Name": "AuthenticationLevel", "#text": "6"}, {"@Name": "AuthenticationService", "#text": "20"}, {"@Name": "ImpersonationLevel", "#text": "2"}]}}}, {"Event": {"@xmlns": "http://schemas.microsoft.com/win/2004/08/events/event", "System": {"Provider": {"@Name": "Microsoft-Windows-RPC", "@Guid": "{6ad52b32-d609-4be9-ae07-ce8dae937e39}"}, "EventID": {"@Qualifiers": "", "#text": "6"}, "Version": "1", "Level": "4", "Task": "2", "Opcode": "1", "Keywords": "0x4000000000000000", "TimeCreated": {"@SystemTime": "2021-08-17 12:26:49.957291"}, "EventRecordID": "1740", "Correlation": {"@ActivityID": "{ea4c33db-c916-4638-934b-55e7e7a2b026}", "@RelatedActivityID": ""}, "Execution": {"@ProcessID": "1468", "@ThreadID": "24268"}, "Channel": null, "Computer": "LAPTOP-JU4M3I0E", "Security": {"@UserID": ""}}, "EventData": {"Data": [{"@Name": "InterfaceUuid", "#text": "{00000134-0000-0000-c000-000000000046}"}, {"@Name": "ProcNum", "#text": "5"}, {"@Name": "Protocol", "#text": "3"}, {"@Name": "NetworkAddress", "#text": "NULL"}, {"@Name": "Endpoint", "#text": "OLE6DAE6D441C6DB15C9F7165B5F42F"}, {"@Name": "Options", "#text": "NULL"}, {"@Name": "AuthenticationLevel", "#text": "6"}, {"@Name": "AuthenticationService", "#text": "20"}, {"@Name": "ImpersonationLevel", "#text": "0"}]}}}, {"Event": {"@xmlns": "http://schemas.microsoft.com/win/2004/08/events/event", "System": {"Provider": {"@Name": "Microsoft-Windows-RPC", "@Guid": "{6ad52b32-d609-4be9-ae07-ce8dae937e39}"}, "EventID": {"@Qualifiers": "", "#text": "5"}, "Version": "1", "Level": "4", "Task": "1", "Opcode": "1", "Keywords": "0x4000000000000000", "TimeCreated": {"@SystemTime": "2021-08-17 12:26:49.957373"}, "EventRecordID": "1763", "Correlation": {"@ActivityID": "{ca08e039-ca98-4dcb-92af-1b525eaa578f}", "@RelatedActivityID": ""}, "Execution": {"@ProcessID": "1468", "@ThreadID": "16044"}, "Channel": null, "Computer": "LAPTOP-JU4M3I0E", "Security": {"@UserID": ""}}, "EventData": {"Data": [{"@Name": "InterfaceUuid", "#text": "{a1b7de7a-4e77-43db-ae78-96fc182fed4a}"}, {"@Name": "ProcNum", "#text": "14"}, {"@Name": "Protocol", "#text": "3"}, {"@Name": "NetworkAddress", "#text": "NULL"}, {"@Name": "Endpoint", "#text": "OLE9FF44EB366DDC413A5E3AE131888"}, {"@Name": "Options", "#text": "NULL"}, {"@Name": "AuthenticationLevel", "#text": "6"}, {"@Name": "AuthenticationService", "#text": "20"}, {"@Name": "ImpersonationLevel", "#text": "2"}]}}}, 