{"Event": {"@xmlns": "http://schemas.microsoft.com/win/2004/08/events/event", "System": {"Provider": {"@Name": "Microsoft-Windows-RPC", "@Guid": "{6ad52b32-d609-4be9-ae07-ce8dae937e39}"}, "EventID": {"@Qualifiers": "", "#text": "6"}, "Version": "1", "Level": "4", "Task": "2", "Opcode": "1", "Keywords": "0x4000000000000000", "TimeCreated": {"@SystemTime": "2020-09-18 14:02:56.236765"}, "EventRecordID": "10862", "Correlation": {"@ActivityID": "{d7eb98fb-6ce1-417c-8963-8939c84b741b}", "@RelatedActivityID": ""}, "Execution": {"@ProcessID": "264", "@ThreadID": "4708", "@SessionID": "", "@ProcessorID": "0", "@KernelTime": "54", "@UserTime": "42", "@ProcessorTime": ""}, "Channel": null, "Computer": "LAPTOP-JU4M3I0E", "Security": {"@UserID": ""}}, "EventData": {"Data": [{"@Name": "InterfaceUuid", "#text": "{f6beaff7-1e19-4fbb-9f8f-b89e2018337c}"}, {"@Name": "ProcNum", "#text": "0"}, {"@Name": "Protocol", "#text": "3"}, {"@Name": "NetworkAddress", "#text": "NULL"}, {"@Name": "Endpoint", "#text": "eventlog"}, {"@Name": "Options", "#text": "NULL"}, {"@Name": "AuthenticationLevel", "#text": "6"}, {"@Name": "AuthenticationService", "#text": "20"}, {"@Name": "ImpersonationLevel", "#text": "0"}]}}}, {"Event": {"@xmlns": "http://schemas.microsoft.com/win/2004/08/events/event", "System": {"Provider": {"@Name": "Microsoft-Windows-RPC", "@Guid": "{6ad52b32-d609-4be9-ae07-ce8dae937e39}"}, "EventID": {"@Qualifiers": "", "#text": "6"}, "Version": "1", "Level": "4", "Task": "2", "Opcode": "1", "Keywords": "0x4000000000000000", "TimeCreated": {"@SystemTime": "2020-09-18 14:02:56.237179"}, "EventRecordID": "10892", "Correlation": {"@ActivityID": "{29473da4-ad44-44f7-8d50-9981bc249953}", "@RelatedActivityID": ""}, "Execution": {"@ProcessID": "264", "@ThreadID": "4708", "@SessionID": "", "@ProcessorID": "0", "@KernelTime": "54", "@UserTime": "42", "@ProcessorTime": ""}, "Channel": null, "Computer": "LAPTOP-JU4M3I0E", "Security": {"@UserID": ""}}, "EventData": {"Data": [{"@Name": "InterfaceUuid", "#text": "{f6beaff7-1e19-4fbb-9f8f-b89e2018337c}"}, {"@Name": "ProcNum", "#text": "2"}, {"@Name": "Protocol", "#text": "3"}, {"@Name": "NetworkAddress", "#text": "NULL"}, {"@Name": "Endpoint", "#text": "eventlog"}, {"@Name": "Options", "#text": "NULL"}, {"@Name": "AuthenticationLevel", "#text": "6"}, {"@Name": "AuthenticationService", "#text": "20"}, {"@Name": "ImpersonationLevel", "#text": "0"}]}}}, {"Event": {"@xmlns": "http://schemas.microsoft.com/win/2004/08/events/event", "System": {"Provider": {"@Name": "Microsoft-Windows-RPC", "@Guid": "{6ad52b32-d609-4be9-ae07-ce8dae937e39}"}, "EventID": {"@Qualifiers": "", "#text": "6"}, "Version": "1", "Level": "4", "Task": "2", "Opcode": "1", "Keywords": "0x4000000000000000", "TimeCreated": {"@SystemTime": "2020-09-18 14:02:56.237255"}, "EventRecordID": "10918", "Correlation": {"@ActivityID": "{bb5c1310-5bdc-4283-ba0b-708f6c2b6b08}", "@RelatedActivityID": ""}, "Execution": {"@ProcessID": "264", "@ThreadID": "4708", "@SessionID": "", "@ProcessorID": "1", "@KernelTime": "54", "@UserTime": "42", "@ProcessorTime": ""}, "Channel": null, "Computer": "LAPTOP-JU4M3I0E", "Security": {"@UserID": ""}}, "EventData": {"Data": [{"@Name": "InterfaceUuid", "#text": "{f6beaff7-1e19-4fbb-9f8f-b89e2018337c}"}, {"@Name": "ProcNum", "#text": "3"}, {"@Name": "Protocol", "#text": "3"}, {"@Name": "NetworkAddress", "#text": "NULL"}, {"@Name": "Endpoint", "#text": "eventlog"}, {"@Name": "Options", "#text": "NULL"}, {"@Name": "AuthenticationLevel", "#text": "6"}, {"@Name": "AuthenticationService", "#text": "20"}, {"@Name": "ImpersonationLevel", "#text": "0"}]}}}, {"Event": {"@xmlns": "http://schemas.microsoft.com/win/2004/08/events/event", "System": {"Provider": {"@Name": "Microsoft-Windows-RPC", "@Guid": "{6ad52b32-d609-4be9-ae07-ce8dae937e39}"}, "EventID": {"@Qualifiers": "", "#text": "6"}, "Version": "1", "Level": "4", "Task": "2", "Opcode": "1", "Keywords": "0x4000000000000000", "TimeCreated": {"@SystemTime": "2020-09-18 14:02:56.237379"}, "EventRecordID": "10974", "Correlation": {"@ActivityID": "{e002d24a-c283-4b80-9a06-cc24404aeac5}", "@RelatedActivityID": ""}, "Execution": {"@ProcessID": "576", "@ThreadID": "1904", "@SessionID": "", "@ProcessorID": "0", "@KernelTime": "21", "@UserTime": "10", "@ProcessorTime": ""}, "Channel": null, "Computer": "LAPTOP-JU4M3I0E", "Security": {"@UserID": ""}}, "EventData": {"Data": [{"@Name": "InterfaceUuid", "#text": "{367abb81-9844-35f1-ad32-98f038001003}"}, {"@Name": "ProcNum", "#text": "15"}, {"@Name": "Protocol", "#text": "3"}, {"@Name": "NetworkAddress", "#text": "NULL"}, {"@Name": "Endpoint", "#text": "ntsvcs"}, {"@Name": "Options", "#text": "NULL"}, {"@Name": "AuthenticationLevel", "#text": "6"}, {"@Name": "AuthenticationService", "#text": "20"}, {"@Name": "ImpersonationLevel", "#text": "0"}]}}}, {"Event": {"@xmlns": "http://schemas.microsoft.com/win/2004/08/events/event", "System": {"Provider": {"@Name": "Microsoft-Windows-RPC", "@Guid": "{6ad52b32-d609-4be9-ae07-ce8dae937e39}"}, "EventID": {"@Qualifiers": "", "#text": "6"}, "Version": "1", "Level": "4", "Task": "2", "Opcode": "1", "Keywords": "0x4000000000000000", "TimeCreated": {"@SystemTime": "2020-09-18 14:02:56.237421"}, "EventRecordID": "11004", "Correlation": {"@ActivityID": "{215558c0-7a7a-4ad1-a34c-85e17e7db5e7}", "@RelatedActivityID": ""}, "Execution": {"@ProcessID": "576", "@ThreadID": "1904", "@SessionID": "", "@ProcessorID": "0", "@KernelTime": "21", "@UserTime": "10", "@ProcessorTime": ""}, "Channel": null, "Computer": "LAPTOP-JU4M3I0E", "Security": {"@UserID": ""}}, "EventData": {"Data": [{"@Name": "InterfaceUuid", "#text": "{367abb81-9844-35f1-ad32-98f038001003}"}, {"@Name": "ProcNum", "#text": "16"}, {"@Name": "Protocol", "#text": "3"}, {"@Name": "NetworkAddress", "#text": "NULL"}, {"@Name": "Endpoint", "#text": "ntsvcs"}, {"@Name": "Options", "#text": "NULL"}, {"@Name": "AuthenticationLevel", "#text": "6"}, {"@Name": "AuthenticationService", "#text": "20"}, {"@Name": "ImpersonationLevel", "#text": "0"}]}}}, {"Event": {"@xmlns": "http://schemas.microsoft.com/win/2004/08/events/event", "System": {"Provider": {"@Name": "Microsoft-Windows-RPC", "@Guid": "{6ad52b32-d609-4be9-ae07-ce8dae937e39}"}, "EventID": {"@Qualifiers": "", "#text": "6"}, "Version": "1", "Level": "4", "Task": "2", "Opcode": "1", "Keywords": "0x4000000000000000", "TimeCreated": {"@SystemTime": "2020-09-18 14:02:56.237514"}, "EventRecordID": "11033", "Correlation": {"@ActivityID": "{c2ddd809-5aad-40e8-9c3d-8adc8274084f}", "@RelatedActivityID": ""}, "Execution": {"@ProcessID": "576", "@ThreadID": "1904", "@SessionID": "", "@ProcessorID": "0", "@KernelTime": "21", "@UserTime": "10", "@ProcessorTime": ""}, "Channel": null, "Computer": "LAPTOP-JU4M3I0E", "Security": {"@UserID": ""}}, "EventData": {"Data": [{"@Name": "InterfaceUuid", "#text": "{367abb81-9844-35f1-ad32-98f038001003}"}, {"@Name": "ProcNum", "#text": "6"}, {"@Name": "Protocol", "#text": "3"}, {"@Name": "NetworkAddress", "#text": "NULL"}, {"@Name": "Endpoint", "#text": "ntsvcs"}, {"@Name": "Options", "#text": "NULL"}, {"@Name": "AuthenticationLevel", "#text": "6"}, {"@Name": "AuthenticationService", "#text": "20"}, {"@Name": "ImpersonationLevel", "#text": "0"}]}}}, {"Event": {"@xmlns": "http://schemas.microsoft.com/win/2004/08/events/event", "System": {"Provider": {"@Name": "Microsoft-Windows-RPC", "@Guid": "{6ad52b32-d609-4be9-ae07-ce8dae937e39}"}, "EventID": {"@Qualifiers": "", "#text": "6"}, "Version": "1", "Level": "4", "Task": "2", "Opcode": "1", "Keywords": "0x4000000000000000", "TimeCreated": {"@SystemTime": "2020-09-18 14:02:56.237535"}, "EventRecordID": "11056", "Correlation": {"@ActivityID": "{58b1c719-d592-4705-8ab2-dbf7b07d5eb2}", "@RelatedActivityID": ""}, "Execution": {"@ProcessID": "576", "@ThreadID": "1904", "@SessionID": "", "@ProcessorID": "0", "@KernelTime": "21", "@UserTime": "10", "@ProcessorTime": ""}, "Channel": null, "Computer": "LAPTOP-JU4M3I0E", "Security": {"@UserID": ""}}, "EventData": {"Data": [{"@Name": "InterfaceUuid", "#text": "{367abb81-9844-35f1-ad32-98f038001003}"}, {"@Name": "ProcNum", "#text": "0"}, {"@Name": "Protocol", "#text": "3"}, {"@Name": "NetworkAddress", "#text": "NULL"}, {"@Name": "Endpoint", "#text": "ntsvcs"}, {"@Name": "Options", "#text": "NULL"}, {"@Name": "AuthenticationLevel", "#text": "6"}, {"@Name": "AuthenticationService", "#text": "20"}, {"@Name": "ImpersonationLevel", "#text": "0"}]}}}, {"Event": {"@xmlns": "http://schemas.microsoft.com/win/2004/08/events/event", "System": {"Provider": {"@Name": "Microsoft-Windows-RPC", "@Guid": "{6ad52b32-d609-4be9-ae07-ce8dae937e39}"}, "EventID": {"@Qualifiers": "", "#text": "6"}, "Version": "1", "Level": "4", "Task": "2", "Opcode": "1", "Keywords": "0x4000000000000000", "TimeCreated": {"@SystemTime": "2020-09-18 14:02:56.237558"}, "EventRecordID": "11082", "Correlation": {"@ActivityID": "{450f5e3d-fc73-4254-9166-16ba87fa53aa}", "@RelatedActivityID": ""}, "Execution": {"@ProcessID": "576", "@ThreadID": "1904", "@SessionID": "", "@ProcessorID": "0", "@KernelTime": "21", "@UserTime": "10", "@ProcessorTime": ""}, "Channel": null, "Computer": "LAPTOP-JU4M3I0E", "Security": {"@UserID": ""}}, "EventData": {"Data": [{"@Name": "InterfaceUuid", "#text": "{367abb81-9844-35f1-ad32-98f038001003}"}, {"@Name": "ProcNum", "#text": "0"}, {"@Name": "Protocol", "#text": "3"}, {"@Name": "NetworkAddress", "#text": "NULL"}, {"@Name": "Endpoint", "#text": "ntsvcs"}, {"@Name": "Options", "#text": "NULL"}, {"@Name": "AuthenticationLevel", "#text": "6"}, {"@Name": "AuthenticationService", "#text": "20"}, {"@Name": "ImpersonationLevel", "#text": "0"}]}}}, {"Event": {"@xmlns": "http://schemas.microsoft.com/win/2004/08/events/event", "System": {"Provider": {"@Name": "Microsoft-Windows-RPC", "@Guid": "{6ad52b32-d609-4be9-ae07-ce8dae937e39}"}, "EventID": {"@Qualifiers": "", "#text": "6"}, "Version": "1", "Level": "4", "Task": "2", "Opcode": "1", "Keywords": "0x4000000000000000", "TimeCreated": {"@SystemTime": "2020-09-18 14:02:56.237772"}, "EventRecordID": "11146", "Correlation": {"@ActivityID": "{a7258a43-c3f5-471f-bc3c-7b197514244d}", "@RelatedActivityID": ""}, "Execution": {"@ProcessID": "1084", "@ThreadID": "1956", "@SessionID": "", "@ProcessorID": "0", "@KernelTime": "0", "@UserTime": "1", "@ProcessorTime": ""}, "Channel": null, "Computer": "LAPTOP-JU4M3I0E", "Security": {"@UserID": ""}}, "EventData": {"Data": [{"@Name": "InterfaceUuid", "#text": "{647d4452-9f33-4a18-b2be-c5c0e920e94e}"}, {"@Name": "ProcNum", "#text": "0"}, {"@Name": "Protocol", "#text": "3"}, {"@Name": "NetworkAddress", "#text": "NULL"}, {"@Name": "Endpoint", "#text": "{3C001E79-551F-4423-A041-8953CDC179F4}"}, {"@Name": "Options", "#text": "NULL"}, {"@Name": "AuthenticationLevel", "#text": "6"}, {"@Name": "AuthenticationService", "#text": "20"}, {"@Name": "ImpersonationLevel", "#text": "0"}]}}}]