[{"Event": {"@xmlns": "http://schemas.microsoft.com/win/2004/08/events/event", "System": {"Provider": {"@Name": "Microsoft-Windows-Security-Auditing", "@Guid": "{54849625-5478-4994-a5ba-3e3b0328c30d}"}, "EventID": {"@Qualifiers": "", "#text": "4661"}, "Version": "0", "Level": "0", "Task": "12803", "Opcode": "0", "Keywords": "0x8020000000000000", "TimeCreated": {"@SystemTime": "2017-06-12 23:39:43.512987"}, "EventRecordID": "8068", "Correlation": {"@ActivityID": "", "@RelatedActivityID": ""}, "Execution": {"@ProcessID": "496", "@ThreadID": "504"}, "Channel": "Security", "Computer": "2012r2srv.maincorp.local", "Security": {"@UserID": ""}}, "EventData": {"Data": [{"@Name": "SubjectUserSid", "#text": "S-1-5-21-2634088540-571122920-1382659128-500"}, {"@Name": "SubjectUserName", "#text": "Administrator"}, {"@Name": "SubjectDomainName", "#text": "MAINCORP"}, {"@Name": "SubjectLogonId", "#text": "0x00000000000432c8"}, {"@Name": "ObjectServer", "#text": "Security Account Manager"}, {"@Name": "ObjectType", "#text": "SAM_DOMAIN"}, {"@Name": "ObjectName", "#text": "DC=maincorp,DC=local"}, {"@Name": "HandleId", "#text": "0x000000c9774b43b0"}, {"@Name": "TransactionId", "#text": "{00000000-0000-0000-0000-000000000000}"}, {"@Name": "AccessList", "#text": "%%1537\n\t\t\t\t%%1538\n\t\t\t\t%%1539\n\t\t\t\t%%1540\n\t\t\t\t%%5392\n\t\t\t\t%%5393\n\t\t\t\t%%5394\n\t\t\t\t%%5395\n\t\t\t\t%%5396\n\t\t\t\t%%5397\n\t\t\t\t%%5398\n\t\t\t\t%%5399\n\t\t\t\t%%5400"}, {"@Name": "AccessMask", "#text": "0x0000002d"}, {"@Name": "PrivilegeList", "#text": "\u01ff-"}, {"@Name": "Properties", "#text": "---\n\t{19195a5a-6da0-11d0-afd3-00c04fd930c9}\n%%1537\n%%1538\n%%1539\n%%1540\n%%5392\n%%5393\n%%5394\n%%5395\n%%5396\n%%5397\n%%5398\n%%5399\n%%5400\n\t\t{c7407360-20bf-11d0-a768-00aa006e0529}\n\t\t\t{bf9679a4-0de6-11d0-a285-00aa003049e2}\n\t\t\t{bf9679a5-0de6-11d0-a285-00aa003049e2}\n\t\t\t{bf9679a6-0de6-11d0-a285-00aa003049e2}\n\t\t\t{bf9679bb-0de6-11d0-a285-00aa003049e2}\n\t\t\t{bf9679c2-0de6-11d0-a285-00aa003049e2}\n\t\t\t{bf9679c3-0de6-11d0-a285-00aa003049e2}\n\t\t\t{bf967a09-0de6-11d0-a285-00aa003049e2}\n\t\t\t{bf967a0b-0de6-11d0-a285-00aa003049e2}\n\t\t{b8119fd0-04f6-4762-ab7a-4986c76b3f9a}\n\t\t\t{bf967a34-0de6-11d0-a285-00aa003049e2}\n\t\t\t{bf967a33-0de6-11d0-a285-00aa003049e2}\n\t\t\t{bf9679c5-0de6-11d0-a285-00aa003049e2}\n\t\t\t{bf967a61-0de6-11d0-a285-00aa003049e2}\n\t\t\t{bf967977-0de6-11d0-a285-00aa003049e2}\n\t\t\t{bf96795e-0de6-11d0-a285-00aa003049e2}\n\t\t\t{bf9679ea-0de6-11d0-a285-00aa003049e2}\n\t\t{ab721a52-1e2f-11d0-9819-00aa0040529b}"}, {"@Name": "RestrictedSidCount", "#text": "0"}, {"@Name": "ProcessId", "#text": "0x00000000000001f0"}, {"@Name": "ProcessName", "#text": "C:\\Windows\\System32\\lsass.exe"}]}}}, {"Event": {"@xmlns": "http://schemas.microsoft.com/win/2004/08/events/event", "System": {"Provider": {"@Name": "Microsoft-Windows-Security-Auditing", "@Guid": "{54849625-5478-4994-a5ba-3e3b0328c30d}"}, "EventID": {"@Qualifiers": "", "#text": "4765"}, "Version": "0", "Level": "0", "Task": "13824", "Opcode": "0", "Keywords": "0x8020000000000000", "TimeCreated": {"@SystemTime": "2017-06-12 23:39:43.512987"}, "EventRecordID": "8075", "Correlation": {"@ActivityID": "", "@RelatedActivityID": ""}, "Execution": {"@ProcessID": "496", "@ThreadID": "1696"}, "Channel": "Security", "Computer": "2012r2srv.maincorp.local", "Security": {"@UserID": ""}}, "EventData": {"Data": [{"@Name": "SourceUserName", "#text": "maincorp.local\\Domain Admins"}, {"@Name": "SourceSid", "#text": "S-1-5-21-2634088540-571122920-1382659128-512"}, {"@Name": "TargetUserName", "#text": "Andrei"}, {"@Name": "TargetDomainName", "#text": "MAINCORP"}, {"@Name": "TargetSid", "#text": "S-1-5-21-2634088540-571122920-1382659128-1104"}, {"@Name": "SubjectUserSid", "#text": "S-1-5-21-2634088540-571122920-1382659128-500"}, {"@Name": "SubjectUserName", "#text": "Administrator"}, {"@Name": "SubjectDomainName", "#text": "MAINCORP"}, {"@Name": "SubjectLogonId", "#text": "0x00000000000432c8"}, {"@Name": "PrivilegeList", "#text": "-"}, {"@Name": "SidList", "#text": "-"}]}}}, {"Event": {"@xmlns": "http://schemas.microsoft.com/win/2004/08/events/event", "System": {"Provider": {"@Name": "Microsoft-Windows-Security-Auditing", "@Guid": "{54849625-5478-4994-a5ba-3e3b0328c30d}"}, "EventID": {"@Qualifiers": "", "#text": "4658"}, "Version": "0", "Level": "0", "Task": "12804", "Opcode": "0", "Keywords": "0x8020000000000000", "TimeCreated": {"@SystemTime": "2017-06-12 23:39:43.512987"}, "EventRecordID": "8076", "Correlation": {"@ActivityID": "", "@RelatedActivityID": ""}, "Execution": {"@ProcessID": "4", "@ThreadID": "252"}, "Channel": "Security", "Computer": "2012r2srv.maincorp.local", "Security": {"@UserID": ""}}, "EventData": {"Data": [{"@Name": "SubjectUserSid", "#text": "S-1-5-21-2634088540-571122920-1382659128-500"}, {"@Name": "SubjectUserName", "#text": "Administrator"}, {"@Name": "SubjectDomainName", "#text": "MAINCORP"}, {"@Name": "SubjectLogonId", "#text": "0x00000000000432c8"}, {"@Name": "ObjectServer", "#text": "Security Account Manager"}, {"@Name": "HandleId", "#text": "0x000000c9774b43b0"}, {"@Name": "ProcessId", "#text": "0x00000000000001f0"}, {"@Name": "ProcessName", "#text": "C:\\Windows\\System32\\lsass.exe"}]}}}]